My SLURM_ARRAY_JOB_ID is 916905.
My SLURM_ARRAY_TASK_ID is 5
Executing on the machine: adroit-12
Using MPI version 3.1, 4 processes
Meep version: 1.12.0
Chosen parameters: Namespace(radius=4.0)
Produced file /tmp/tmpf4u90kni.gds.
-----------
Initializing structure...
Splitting into 4 chunks evenly
time for choose_chunkdivision = 0.00624514 s
Working in 2D dimensions.
Computational cell is 7.4 x 7.4 x 0 with resolution 100
     prism, center = (2.53797,-1.46203,0)
          height 20, axis (0,0,1), 130 vertices:
          (3.75,-4,-10)
          (3.749,-3.908,-10)
          (3.745,-3.816,-10)
          (3.74,-3.724,-10)
          (3.732,-3.632,-10)
          (3.722,-3.541,-10)
          (3.709,-3.45,-10)
          (3.695,-3.359,-10)
          (3.678,-3.268,-10)
          (3.659,-3.178,-10)
          (3.638,-3.089,-10)
          (3.614,-3,-10)
          (3.589,-2.911,-10)
          (3.561,-2.824,-10)
          (3.531,-2.737,-10)
          (3.499,-2.65,-10)
          (3.465,-2.565,-10)
          (3.428,-2.48,-10)
          (3.39,-2.397,-10)
          (3.35,-2.314,-10)
          (3.307,-2.232,-10)
          (3.263,-2.152,-10)
          (3.216,-2.072,-10)
          (3.168,-1.994,-10)
          (3.118,-1.917,-10)
          (3.066,-1.841,-10)
          (3.012,-1.766,-10)
          (2.956,-1.693,-10)
          (2.899,-1.621,-10)
          (2.84,-1.551,-10)
          (2.779,-1.482,-10)
          (2.716,-1.414,-10)
          (2.652,-1.348,-10)
          (2.586,-1.284,-10)
          (2.518,-1.221,-10)
          (2.449,-1.16,-10)
          (2.379,-1.101,-10)
          (2.307,-1.044,-10)
          (2.234,-0.988,-10)
          (2.159,-0.934,-10)
          (2.083,-0.882,-10)
          (2.006,-0.832,-10)
          (1.928,-0.784,-10)
          (1.848,-0.737,-10)
          (1.768,-0.693,-10)
          (1.686,-0.65,-10)
          (1.603,-0.61,-10)
          (1.52,-0.572,-10)
          (1.435,-0.535,-10)
          (1.35,-0.501,-10)
          (1.263,-0.469,-10)
          (1.176,-0.439,-10)
          (1.089,-0.411,-10)
          (1,-0.386,-10)
          (0.911,-0.362,-10)
          (0.822,-0.341,-10)
          (0.732,-0.322,-10)
          (0.641,-0.305,-10)
          (0.55,-0.291,-10)
          (0.459,-0.278,-10)
          (0.368,-0.268,-10)
          (0.276,-0.26,-10)
          (0.184,-0.255,-10)
          (0.092,-0.251,-10)
          (0,-0.25,-10)
          (0,0.25,-10)
          (0.104,0.249,-10)
          (0.209,0.245,-10)
          (0.313,0.238,-10)
          (0.417,0.23,-10)
          (0.52,0.218,-10)
          (0.624,0.204,-10)
          (0.727,0.187,-10)
          (0.829,0.168,-10)
          (0.931,0.147,-10)
          (1.033,0.123,-10)
          (1.134,0.096,-10)
          (1.234,0.067,-10)
          (1.333,0.035,-10)
          (1.432,0.002,-10)
          (1.53,-0.035,-10)
          (1.626,-0.074,-10)
          (1.722,-0.115,-10)
          (1.817,-0.158,-10)
          (1.911,-0.204,-10)
          (2.003,-0.252,-10)
          (2.095,-0.302,-10)
          (2.185,-0.355,-10)
          (2.274,-0.409,-10)
          (2.361,-0.466,-10)
          (2.447,-0.525,-10)
          (2.532,-0.586,-10)
          (2.615,-0.65,-10)
          (2.696,-0.715,-10)
          (2.776,-0.782,-10)
          (2.854,-0.851,-10)
          (2.931,-0.922,-10)
          (3.005,-0.995,-10)
          (3.078,-1.069,-10)
          (3.149,-1.146,-10)
          (3.218,-1.224,-10)
          (3.285,-1.304,-10)
          (3.35,-1.385,-10)
          (3.414,-1.468,-10)
          (3.475,-1.553,-10)
          (3.534,-1.639,-10)
          (3.591,-1.726,-10)
          (3.645,-1.815,-10)
          (3.698,-1.905,-10)
          (3.748,-1.997,-10)
          (3.796,-2.089,-10)
          (3.842,-2.183,-10)
          (3.885,-2.278,-10)
          (3.926,-2.374,-10)
          (3.965,-2.47,-10)
          (4.002,-2.568,-10)
          (4.035,-2.667,-10)
          (4.067,-2.766,-10)
          (4.096,-2.866,-10)
          (4.123,-2.967,-10)
          (4.147,-3.069,-10)
          (4.168,-3.171,-10)
          (4.187,-3.273,-10)
          (4.204,-3.376,-10)
          (4.218,-3.48,-10)
          (4.23,-3.583,-10)
          (4.238,-3.687,-10)
          (4.245,-3.791,-10)
          (4.249,-3.896,-10)
          (4.25,-4,-10)
          dielectric constant epsilon diagonal = (12,12,12)
     prism, center = (-0.6,0,0)
          height 20, axis (0,0,1), 4 vertices:
          (-1.2,-0.25,-10)
          (-1.2,0.25,-10)
          (0,0.25,-10)
          (0,-0.25,-10)
          dielectric constant epsilon diagonal = (12,12,12)
     prism, center = (4,-4.6,0)
          height 20, axis (0,0,1), 4 vertices:
          (3.75,-5.2,-10)
          (3.75,-4,-10)
          (4.25,-4,-10)
          (4.25,-5.2,-10)
          dielectric constant epsilon diagonal = (12,12,12)
time for set_epsilon = 1.02268 s
-----------
MPB solved for omega_1(2.2349,0,0) = 0.682374 after 32 iters
MPB solved for omega_1(2.10209,0,0) = 0.645189 after 9 iters
MPB solved for omega_1(2.10199,0,0) = 0.645161 after 4 iters
MPB solved for omega_1(2.10199,0,0) = 0.645161 after 1 iters
Stop condition: decay to 0.1% of peak value in the last 15.5 time units.
on time step 656 (time=3.28), 0.00610372 s/step
on time step 1243 (time=6.215), 0.00681879 s/step
on time step 2043 (time=10.215), 0.00500477 s/step
on time step 2909 (time=14.545), 0.00462165 s/step
field decay(t = 15.505): 5.523173500714765e-13 / 5.523173500714765e-13 = 1.0
on time step 3753 (time=18.765), 0.00474394 s/step
on time step 4599 (time=22.995), 0.00473315 s/step
on time step 5438 (time=27.19), 0.00476988 s/step
field decay(t = 31.01): 3.95250293651173e-07 / 3.95250293651173e-07 = 1.0
on time step 6292 (time=31.46), 0.00468777 s/step
on time step 7134 (time=35.67), 0.00475145 s/step
on time step 7994 (time=39.97), 0.00465635 s/step
on time step 8785 (time=43.925), 0.00506129 s/step
field decay(t = 46.515): 0.04472938419310352 / 0.04472938419310352 = 1.0
on time step 9614 (time=48.07), 0.00482756 s/step
on time step 10816 (time=54.08), 0.00332823 s/step
on time step 12034 (time=60.17), 0.00328548 s/step
field decay(t = 62.02): 3.359992472699779 / 3.359992472699779 = 1.0
on time step 13259 (time=66.295), 0.0032673 s/step
on time step 14490 (time=72.45), 0.00325097 s/step
field decay(t = 77.525): 3.3822535467462913 / 3.3822535467462913 = 1.0
on time step 15721 (time=78.605), 0.0032514 s/step
on time step 16944 (time=84.72), 0.0032727 s/step
on time step 18161 (time=90.805), 0.00328788 s/step
field decay(t = 93.03): 0.059141438668277355 / 3.3822535467462913 = 0.017485808751733316
on time step 19442 (time=97.21), 0.00312371 s/step
on time step 20747 (time=103.735), 0.00306739 s/step
field decay(t = 108.535): 3.789043530619339e-07 / 3.3822535467462913 = 1.120271877389079e-07
Normalizing field data...
run 0 finished at t = 108.535 (21707 timesteps)
Generating MP4...
MPB solved for omega_1(2.01141,0,0) = 0.618698 after 27 iters
MPB solved for omega_1(1.87532,0,0) = 0.580676 after 10 iters
MPB solved for omega_1(1.87521,0,0) = 0.580645 after 4 iters
MPB solved for omega_1(1.87521,0,0) = 0.580645 after 1 iters
Dominant planewave for band 1: (1.875210,-0.000000,0.000000)
MPB solved for omega_1(2.03004,0,0) = 0.623906 after 31 iters
MPB solved for omega_1(1.89458,0,0) = 0.586052 after 10 iters
MPB solved for omega_1(1.89447,0,0) = 0.586022 after 4 iters
MPB solved for omega_1(1.89447,0,0) = 0.586022 after 1 iters
Dominant planewave for band 1: (1.894467,-0.000000,0.000000)
MPB solved for omega_1(2.04866,0,0) = 0.629115 after 31 iters
MPB solved for omega_1(1.91383,0,0) = 0.591428 after 10 iters
MPB solved for omega_1(1.91372,0,0) = 0.591398 after 4 iters
MPB solved for omega_1(1.91372,0,0) = 0.591398 after 1 iters
Dominant planewave for band 1: (1.913720,-0.000000,0.000000)
MPB solved for omega_1(2.06729,0,0) = 0.634325 after 28 iters
MPB solved for omega_1(1.93307,0,0) = 0.596804 after 10 iters
MPB solved for omega_1(1.93297,0,0) = 0.596774 after 4 iters
MPB solved for omega_1(1.93297,0,0) = 0.596774 after 1 iters
Dominant planewave for band 1: (1.932968,-0.000000,0.000000)
MPB solved for omega_1(2.08591,0,0) = 0.639536 after 28 iters
MPB solved for omega_1(1.95232,0,0) = 0.60218 after 10 iters
MPB solved for omega_1(1.95221,0,0) = 0.602151 after 4 iters
MPB solved for omega_1(1.95221,0,0) = 0.602151 after 1 iters
Dominant planewave for band 1: (1.952212,-0.000000,0.000000)
MPB solved for omega_1(2.10453,0,0) = 0.644749 after 32 iters
MPB solved for omega_1(1.97156,0,0) = 0.607556 after 10 iters
MPB solved for omega_1(1.97145,0,0) = 0.607527 after 4 iters
MPB solved for omega_1(1.97145,0,0) = 0.607527 after 1 iters
Dominant planewave for band 1: (1.971452,-0.000000,0.000000)
MPB solved for omega_1(2.12316,0,0) = 0.649962 after 27 iters
MPB solved for omega_1(1.99079,0,0) = 0.612932 after 10 iters
MPB solved for omega_1(1.99069,0,0) = 0.612903 after 4 iters
MPB solved for omega_1(1.99069,0,0) = 0.612903 after 1 iters
Dominant planewave for band 1: (1.990687,-0.000000,0.000000)
MPB solved for omega_1(2.14178,0,0) = 0.655177 after 26 iters
MPB solved for omega_1(2.01002,0,0) = 0.618308 after 10 iters
MPB solved for omega_1(2.00992,0,0) = 0.61828 after 4 iters
MPB solved for omega_1(2.00992,0,0) = 0.61828 after 1 iters
Dominant planewave for band 1: (2.009918,-0.000000,0.000000)
MPB solved for omega_1(2.16041,0,0) = 0.660393 after 25 iters
MPB solved for omega_1(2.02924,0,0) = 0.623684 after 10 iters
MPB solved for omega_1(2.02915,0,0) = 0.623656 after 3 iters
MPB solved for omega_1(2.02915,0,0) = 0.623656 after 1 iters
Dominant planewave for band 1: (2.029145,-0.000000,0.000000)
MPB solved for omega_1(2.17903,0,0) = 0.66561 after 32 iters
MPB solved for omega_1(2.04847,0,0) = 0.62906 after 10 iters
MPB solved for omega_1(2.04837,0,0) = 0.629032 after 3 iters
MPB solved for omega_1(2.04837,0,0) = 0.629032 after 1 iters
Dominant planewave for band 1: (2.048367,-0.000000,0.000000)
MPB solved for omega_1(2.19766,0,0) = 0.670828 after 29 iters
MPB solved for omega_1(2.06768,0,0) = 0.634436 after 10 iters
MPB solved for omega_1(2.06759,0,0) = 0.634409 after 3 iters
MPB solved for omega_1(2.06759,0,0) = 0.634409 after 1 iters
Dominant planewave for band 1: (2.067585,-0.000000,0.000000)
MPB solved for omega_1(2.21628,0,0) = 0.676047 after 37 iters
MPB solved for omega_1(2.08689,0,0) = 0.639812 after 10 iters
MPB solved for omega_1(2.0868,0,0) = 0.639785 after 3 iters
MPB solved for omega_1(2.0868,0,0) = 0.639785 after 1 iters
Dominant planewave for band 1: (2.086799,-0.000000,0.000000)
MPB solved for omega_1(2.2349,0,0) = 0.681268 after 36 iters
MPB solved for omega_1(2.1061,0,0) = 0.645188 after 10 iters
MPB solved for omega_1(2.10601,0,0) = 0.645161 after 3 iters
MPB solved for omega_1(2.10601,0,0) = 0.645161 after 1 iters
Dominant planewave for band 1: (2.106008,-0.000000,0.000000)
MPB solved for omega_1(2.25353,0,0) = 0.686489 after 28 iters
MPB solved for omega_1(2.12531,0,0) = 0.650564 after 10 iters
MPB solved for omega_1(2.12521,0,0) = 0.650538 after 3 iters
MPB solved for omega_1(2.12521,0,0) = 0.650538 after 1 iters
Dominant planewave for band 1: (2.125213,-0.000000,0.000000)
MPB solved for omega_1(2.27215,0,0) = 0.691711 after 37 iters
MPB solved for omega_1(2.14451,0,0) = 0.65594 after 10 iters
MPB solved for omega_1(2.14441,0,0) = 0.655914 after 3 iters
MPB solved for omega_1(2.14441,0,0) = 0.655914 after 1 iters
Dominant planewave for band 1: (2.144414,-0.000000,0.000000)
MPB solved for omega_1(2.29078,0,0) = 0.696935 after 27 iters
MPB solved for omega_1(2.1637,0,0) = 0.661316 after 10 iters
MPB solved for omega_1(2.16361,0,0) = 0.66129 after 3 iters
MPB solved for omega_1(2.16361,0,0) = 0.66129 after 1 iters
Dominant planewave for band 1: (2.163611,-0.000000,0.000000)
MPB solved for omega_1(2.3094,0,0) = 0.70216 after 28 iters
MPB solved for omega_1(2.18289,0,0) = 0.666692 after 10 iters
MPB solved for omega_1(2.1828,0,0) = 0.666667 after 3 iters
MPB solved for omega_1(2.1828,0,0) = 0.666667 after 1 iters
Dominant planewave for band 1: (2.182803,-0.000000,0.000000)
MPB solved for omega_1(2.32803,0,0) = 0.707385 after 33 iters
MPB solved for omega_1(2.20208,0,0) = 0.672068 after 10 iters
MPB solved for omega_1(2.20199,0,0) = 0.672043 after 3 iters
MPB solved for omega_1(2.20199,0,0) = 0.672043 after 1 iters
Dominant planewave for band 1: (2.201991,-0.000000,0.000000)
MPB solved for omega_1(2.34665,0,0) = 0.712612 after 33 iters
MPB solved for omega_1(2.22126,0,0) = 0.677444 after 10 iters
MPB solved for omega_1(2.22118,0,0) = 0.677419 after 3 iters
MPB solved for omega_1(2.22118,0,0) = 0.677419 after 1 iters
Dominant planewave for band 1: (2.221175,-0.000000,0.000000)
MPB solved for omega_1(2.36527,0,0) = 0.71784 after 39 iters
MPB solved for omega_1(2.24044,0,0) = 0.68282 after 10 iters
MPB solved for omega_1(2.24036,0,0) = 0.682796 after 3 iters
MPB solved for omega_1(2.24036,0,0) = 0.682796 after 1 iters
Dominant planewave for band 1: (2.240355,-0.000000,0.000000)
MPB solved for omega_1(2.3839,0,0) = 0.723069 after 35 iters
MPB solved for omega_1(2.25962,0,0) = 0.688196 after 10 iters
MPB solved for omega_1(2.25953,0,0) = 0.688172 after 3 iters
MPB solved for omega_1(2.25953,0,0) = 0.688172 after 1 iters
Dominant planewave for band 1: (2.259531,-0.000000,0.000000)
MPB solved for omega_1(2.40252,0,0) = 0.728299 after 33 iters
MPB solved for omega_1(2.27879,0,0) = 0.693572 after 10 iters
MPB solved for omega_1(2.2787,0,0) = 0.693548 after 3 iters
MPB solved for omega_1(2.2787,0,0) = 0.693548 after 1 iters
Dominant planewave for band 1: (2.278703,-0.000000,0.000000)
MPB solved for omega_1(2.42115,0,0) = 0.73353 after 37 iters
MPB solved for omega_1(2.29795,0,0) = 0.698948 after 10 iters
MPB solved for omega_1(2.29787,0,0) = 0.698925 after 3 iters
MPB solved for omega_1(2.29787,0,0) = 0.698925 after 1 iters
Dominant planewave for band 1: (2.297870,-0.000000,0.000000)
MPB solved for omega_1(2.43977,0,0) = 0.738762 after 36 iters
MPB solved for omega_1(2.31711,0,0) = 0.704324 after 10 iters
MPB solved for omega_1(2.31703,0,0) = 0.704301 after 3 iters
MPB solved for omega_1(2.31703,0,0) = 0.704301 after 1 iters
Dominant planewave for band 1: (2.317033,-0.000000,0.000000)
MPB solved for omega_1(2.45839,0,0) = 0.743995 after 28 iters
MPB solved for omega_1(2.33627,0,0) = 0.7097 after 10 iters
MPB solved for omega_1(2.33619,0,0) = 0.709677 after 3 iters
MPB solved for omega_1(2.33619,0,0) = 0.709677 after 1 iters
Dominant planewave for band 1: (2.336193,-0.000000,0.000000)
MPB solved for omega_1(0,2.01141,0) = 0.618698 after 21 iters
MPB solved for omega_1(0,1.87532,0) = 0.580676 after 7 iters
MPB solved for omega_1(0,1.87521,0) = 0.580645 after 3 iters
MPB solved for omega_1(0,1.87521,0) = 0.580645 after 1 iters
Dominant planewave for band 1: (0.000000,1.875210,0.000000)
MPB solved for omega_1(0,2.03004,0) = 0.623906 after 25 iters
MPB solved for omega_1(0,1.89458,0) = 0.586052 after 7 iters
MPB solved for omega_1(0,1.89447,0) = 0.586022 after 3 iters
MPB solved for omega_1(0,1.89447,0) = 0.586022 after 1 iters
Dominant planewave for band 1: (0.000000,1.894467,0.000000)
MPB solved for omega_1(0,2.04866,0) = 0.629115 after 29 iters
MPB solved for omega_1(0,1.91383,0) = 0.591428 after 7 iters
MPB solved for omega_1(0,1.91372,0) = 0.591398 after 3 iters
MPB solved for omega_1(0,1.91372,0) = 0.591398 after 1 iters
Dominant planewave for band 1: (0.000000,1.913720,0.000000)
MPB solved for omega_1(0,2.06729,0) = 0.634325 after 25 iters
MPB solved for omega_1(0,1.93307,0) = 0.596804 after 7 iters
MPB solved for omega_1(0,1.93297,0) = 0.596774 after 3 iters
MPB solved for omega_1(0,1.93297,0) = 0.596774 after 1 iters
Dominant planewave for band 1: (0.000000,1.932968,0.000000)
MPB solved for omega_1(0,2.08591,0) = 0.639536 after 26 iters
MPB solved for omega_1(0,1.95232,0) = 0.60218 after 7 iters
MPB solved for omega_1(0,1.95221,0) = 0.602151 after 3 iters
MPB solved for omega_1(0,1.95221,0) = 0.602151 after 1 iters
Dominant planewave for band 1: (0.000000,1.952212,0.000000)
MPB solved for omega_1(0,2.10453,0) = 0.644749 after 25 iters
MPB solved for omega_1(0,1.97156,0) = 0.607556 after 7 iters
MPB solved for omega_1(0,1.97145,0) = 0.607527 after 3 iters
MPB solved for omega_1(0,1.97145,0) = 0.607527 after 1 iters
Dominant planewave for band 1: (0.000000,1.971452,0.000000)
MPB solved for omega_1(0,2.12316,0) = 0.649962 after 29 iters
MPB solved for omega_1(0,1.99079,0) = 0.612932 after 7 iters
MPB solved for omega_1(0,1.99069,0) = 0.612903 after 3 iters
MPB solved for omega_1(0,1.99069,0) = 0.612903 after 1 iters
Dominant planewave for band 1: (0.000000,1.990687,0.000000)
MPB solved for omega_1(0,2.14178,0) = 0.655177 after 25 iters
MPB solved for omega_1(0,2.01002,0) = 0.618308 after 7 iters
MPB solved for omega_1(0,2.00992,0) = 0.61828 after 3 iters
MPB solved for omega_1(0,2.00992,0) = 0.61828 after 1 iters
Dominant planewave for band 1: (0.000000,2.009918,0.000000)
MPB solved for omega_1(0,2.16041,0) = 0.660393 after 29 iters
MPB solved for omega_1(0,2.02924,0) = 0.623684 after 7 iters
MPB solved for omega_1(0,2.02915,0) = 0.623656 after 3 iters
MPB solved for omega_1(0,2.02915,0) = 0.623656 after 1 iters
Dominant planewave for band 1: (0.000000,2.029145,0.000000)
MPB solved for omega_1(0,2.17903,0) = 0.66561 after 26 iters
MPB solved for omega_1(0,2.04847,0) = 0.62906 after 7 iters
MPB solved for omega_1(0,2.04837,0) = 0.629032 after 3 iters
MPB solved for omega_1(0,2.04837,0) = 0.629032 after 1 iters
Dominant planewave for band 1: (0.000000,2.048367,0.000000)
MPB solved for omega_1(0,2.19766,0) = 0.670828 after 25 iters
MPB solved for omega_1(0,2.06768,0) = 0.634436 after 7 iters
MPB solved for omega_1(0,2.06759,0) = 0.634409 after 3 iters
MPB solved for omega_1(0,2.06759,0) = 0.634409 after 1 iters
Dominant planewave for band 1: (0.000000,2.067585,0.000000)
MPB solved for omega_1(0,2.21628,0) = 0.676047 after 33 iters
MPB solved for omega_1(0,2.08689,0) = 0.639812 after 7 iters
MPB solved for omega_1(0,2.0868,0) = 0.639785 after 3 iters
MPB solved for omega_1(0,2.0868,0) = 0.639785 after 1 iters
Dominant planewave for band 1: (0.000000,2.086799,0.000000)
MPB solved for omega_1(0,2.2349,0) = 0.681268 after 29 iters
MPB solved for omega_1(0,2.1061,0) = 0.645188 after 7 iters
MPB solved for omega_1(0,2.10601,0) = 0.645161 after 3 iters
MPB solved for omega_1(0,2.10601,0) = 0.645161 after 1 iters
Dominant planewave for band 1: (0.000000,2.106008,0.000000)
MPB solved for omega_1(0,2.25353,0) = 0.686489 after 34 iters
MPB solved for omega_1(0,2.12531,0) = 0.650564 after 7 iters
MPB solved for omega_1(0,2.12521,0) = 0.650538 after 3 iters
MPB solved for omega_1(0,2.12521,0) = 0.650538 after 1 iters
Dominant planewave for band 1: (0.000000,2.125213,0.000000)
MPB solved for omega_1(0,2.27215,0) = 0.691711 after 28 iters
MPB solved for omega_1(0,2.14451,0) = 0.65594 after 7 iters
MPB solved for omega_1(0,2.14441,0) = 0.655914 after 3 iters
MPB solved for omega_1(0,2.14441,0) = 0.655914 after 1 iters
Dominant planewave for band 1: (0.000000,2.144414,0.000000)
MPB solved for omega_1(0,2.29078,0) = 0.696935 after 28 iters
MPB solved for omega_1(0,2.1637,0) = 0.661316 after 7 iters
MPB solved for omega_1(0,2.16361,0) = 0.66129 after 3 iters
MPB solved for omega_1(0,2.16361,0) = 0.66129 after 1 iters
Dominant planewave for band 1: (0.000000,2.163611,0.000000)
MPB solved for omega_1(0,2.3094,0) = 0.70216 after 30 iters
MPB solved for omega_1(0,2.18289,0) = 0.666692 after 7 iters
MPB solved for omega_1(0,2.1828,0) = 0.666667 after 3 iters
MPB solved for omega_1(0,2.1828,0) = 0.666667 after 1 iters
Dominant planewave for band 1: (0.000000,2.182803,0.000000)
MPB solved for omega_1(0,2.32803,0) = 0.707385 after 36 iters
MPB solved for omega_1(0,2.20208,0) = 0.672068 after 7 iters
MPB solved for omega_1(0,2.20199,0) = 0.672043 after 3 iters
MPB solved for omega_1(0,2.20199,0) = 0.672043 after 1 iters
Dominant planewave for band 1: (0.000000,2.201991,0.000000)
MPB solved for omega_1(0,2.34665,0) = 0.712612 after 32 iters
MPB solved for omega_1(0,2.22126,0) = 0.677444 after 7 iters
MPB solved for omega_1(0,2.22118,0) = 0.677419 after 3 iters
MPB solved for omega_1(0,2.22118,0) = 0.677419 after 1 iters
Dominant planewave for band 1: (0.000000,2.221175,0.000000)
MPB solved for omega_1(0,2.36527,0) = 0.71784 after 26 iters
MPB solved for omega_1(0,2.24044,0) = 0.68282 after 7 iters
MPB solved for omega_1(0,2.24036,0) = 0.682796 after 3 iters
MPB solved for omega_1(0,2.24036,0) = 0.682796 after 1 iters
Dominant planewave for band 1: (0.000000,2.240355,0.000000)
MPB solved for omega_1(0,2.3839,0) = 0.723069 after 31 iters
MPB solved for omega_1(0,2.25962,0) = 0.688196 after 7 iters
MPB solved for omega_1(0,2.25953,0) = 0.688172 after 3 iters
MPB solved for omega_1(0,2.25953,0) = 0.688172 after 1 iters
Dominant planewave for band 1: (0.000000,2.259531,0.000000)
MPB solved for omega_1(0,2.40252,0) = 0.728299 after 28 iters
MPB solved for omega_1(0,2.27879,0) = 0.693572 after 6 iters
MPB solved for omega_1(0,2.2787,0) = 0.693548 after 3 iters
MPB solved for omega_1(0,2.2787,0) = 0.693548 after 1 iters
Dominant planewave for band 1: (0.000000,2.278703,0.000000)
MPB solved for omega_1(0,2.42115,0) = 0.73353 after 34 iters
MPB solved for omega_1(0,2.29795,0) = 0.698948 after 6 iters
MPB solved for omega_1(0,2.29787,0) = 0.698925 after 3 iters
MPB solved for omega_1(0,2.29787,0) = 0.698925 after 1 iters
Dominant planewave for band 1: (0.000000,2.297870,0.000000)
MPB solved for omega_1(0,2.43977,0) = 0.738762 after 24 iters
MPB solved for omega_1(0,2.31711,0) = 0.704324 after 6 iters
MPB solved for omega_1(0,2.31703,0) = 0.704301 after 3 iters
MPB solved for omega_1(0,2.31703,0) = 0.704301 after 1 iters
Dominant planewave for band 1: (0.000000,2.317033,0.000000)
MPB solved for omega_1(0,2.45839,0) = 0.743995 after 34 iters
MPB solved for omega_1(0,2.33627,0) = 0.7097 after 6 iters
MPB solved for omega_1(0,2.33619,0) = 0.709677 after 3 iters
MPB solved for omega_1(0,2.33619,0) = 0.709677 after 1 iters
Dominant planewave for band 1: (0.000000,2.336193,0.000000)
----------------------------------
Parameters: radius=4.0
Frequencies: [0.58064516 0.58602151 0.59139785 0.59677419 0.60215054 0.60752688
 0.61290323 0.61827957 0.62365591 0.62903226 0.6344086  0.63978495
 0.64516129 0.65053763 0.65591398 0.66129032 0.66666667 0.67204301
 0.67741935 0.6827957  0.68817204 0.69354839 0.69892473 0.70430108
 0.70967742]
Transmitted fraction: [0.98095053 0.9786836  0.97642172 0.9739277  0.97107954 0.96794095
 0.96458755 0.96103887 0.95725861 0.95321115 0.94894524 0.94455841
 0.94007476 0.93544357 0.93065984 0.9257938  0.9208881  0.91591395
 0.91085931 0.90579232 0.90080314 0.8959066  0.89097863 0.88584403
 0.88075049]
Reflected fraction: [1.75960169e-06 6.25254576e-07 3.41137252e-07 4.04234615e-07
 2.14263901e-07 6.58510429e-07 2.84295655e-06 6.04869361e-06
 7.61267891e-06 5.92143010e-06 4.13263746e-06 9.38006747e-06
 2.47811401e-05 4.14576905e-05 4.37130283e-05 2.69411826e-05
 6.32885272e-06 3.17861875e-07 8.05797037e-06 1.30783592e-05
 7.93096944e-06 2.43725545e-06 6.04364017e-06 1.45627133e-05
 1.82181783e-05]

Elapsed run time = 121.5400 s
