My SLURM_ARRAY_JOB_ID is 916905.
My SLURM_ARRAY_TASK_ID is 14
Executing on the machine: adroit-08
Using MPI version 3.1, 4 processes
Meep version: 1.12.0
Chosen parameters: Namespace(radius=8.5)
Produced file /tmp/tmpi4wny1eg.gds.
-----------
Initializing structure...
Splitting into 4 chunks evenly
time for choose_chunkdivision = 0.042335 s
Working in 2D dimensions.
Computational cell is 11.9 x 11.9 x 0 with resolution 100
     prism, center = (5.4069,-3.0931,0)
          height 20, axis (0,0,1), 241 vertices:
          (8.25,-8.5,-10)
          (8.248,-8.298,-10)
          (8.244,-8.196,-10)
          (8.24,-8.095,-10)
          (8.228,-7.893,-10)
          (8.22,-7.792,-10)
          (8.21,-7.691,-10)
          (8.2,-7.591,-10)
          (8.188,-7.49,-10)
          (8.175,-7.39,-10)
          (8.161,-7.289,-10)
          (8.145,-7.189,-10)
          (8.129,-7.09,-10)
          (8.111,-6.99,-10)
          (8.091,-6.891,-10)
          (8.071,-6.791,-10)
          (8.05,-6.692,-10)
          (8.027,-6.594,-10)
          (8.003,-6.495,-10)
          (7.978,-6.397,-10)
          (7.951,-6.3,-10)
          (7.924,-6.202,-10)
          (7.895,-6.105,-10)
          (7.865,-6.008,-10)
          (7.834,-5.912,-10)
          (7.801,-5.816,-10)
          (7.768,-5.721,-10)
          (7.733,-5.626,-10)
          (7.697,-5.531,-10)
          (7.66,-5.437,-10)
          (7.622,-5.343,-10)
          (7.583,-5.25,-10)
          (7.501,-5.064,-10)
          (7.458,-4.973,-10)
          (7.414,-4.881,-10)
          (7.369,-4.791,-10)
          (7.323,-4.701,-10)
          (7.276,-4.611,-10)
          (7.228,-4.522,-10)
          (7.128,-4.346,-10)
          (7.024,-4.172,-10)
          (6.97,-4.086,-10)
          (6.915,-4.001,-10)
          (6.86,-3.917,-10)
          (6.803,-3.833,-10)
          (6.745,-3.75,-10)
          (6.686,-3.667,-10)
          (6.626,-3.585,-10)
          (6.566,-3.505,-10)
          (6.504,-3.424,-10)
          (6.441,-3.345,-10)
          (6.377,-3.266,-10)
          (6.313,-3.188,-10)
          (6.247,-3.111,-10)
          (6.18,-3.035,-10)
          (6.113,-2.96,-10)
          (6.044,-2.885,-10)
          (5.975,-2.811,-10)
          (5.905,-2.738,-10)
          (5.834,-2.666,-10)
          (5.762,-2.595,-10)
          (5.689,-2.525,-10)
          (5.615,-2.456,-10)
          (5.54,-2.387,-10)
          (5.465,-2.32,-10)
          (5.389,-2.253,-10)
          (5.312,-2.187,-10)
          (5.234,-2.123,-10)
          (5.155,-2.059,-10)
          (5.076,-1.996,-10)
          (4.995,-1.934,-10)
          (4.915,-1.874,-10)
          (4.833,-1.814,-10)
          (4.75,-1.755,-10)
          (4.667,-1.697,-10)
          (4.583,-1.64,-10)
          (4.499,-1.585,-10)
          (4.414,-1.53,-10)
          (4.328,-1.476,-10)
          (4.154,-1.372,-10)
          (3.978,-1.272,-10)
          (3.889,-1.224,-10)
          (3.799,-1.177,-10)
          (3.709,-1.131,-10)
          (3.619,-1.086,-10)
          (3.527,-1.042,-10)
          (3.436,-0.999,-10)
          (3.25,-0.917,-10)
          (3.157,-0.878,-10)
          (3.063,-0.84,-10)
          (2.969,-0.803,-10)
          (2.874,-0.767,-10)
          (2.779,-0.732,-10)
          (2.684,-0.699,-10)
          (2.588,-0.666,-10)
          (2.492,-0.635,-10)
          (2.395,-0.605,-10)
          (2.298,-0.576,-10)
          (2.2,-0.549,-10)
          (2.103,-0.522,-10)
          (2.005,-0.497,-10)
          (1.906,-0.473,-10)
          (1.808,-0.45,-10)
          (1.709,-0.429,-10)
          (1.609,-0.409,-10)
          (1.51,-0.389,-10)
          (1.41,-0.371,-10)
          (1.311,-0.355,-10)
          (1.211,-0.339,-10)
          (1.11,-0.325,-10)
          (1.01,-0.312,-10)
          (0.909,-0.3,-10)
          (0.809,-0.29,-10)
          (0.708,-0.28,-10)
          (0.607,-0.272,-10)
          (0.405,-0.26,-10)
          (0.304,-0.256,-10)
          (0.202,-0.252,-10)
          (0,-0.25,-10)
          (0,0.25,-10)
          (0.107,0.249,-10)
          (0.215,0.247,-10)
          (0.322,0.244,-10)
          (0.429,0.239,-10)
          (0.537,0.234,-10)
          (0.751,0.218,-10)
          (0.858,0.208,-10)
          (0.964,0.197,-10)
          (1.071,0.184,-10)
          (1.178,0.17,-10)
          (1.284,0.155,-10)
          (1.39,0.139,-10)
          (1.496,0.121,-10)
          (1.602,0.102,-10)
          (1.707,0.082,-10)
          (1.812,0.06,-10)
          (1.917,0.037,-10)
          (2.022,0.013,-10)
          (2.126,-0.012,-10)
          (2.23,-0.039,-10)
          (2.334,-0.067,-10)
          (2.437,-0.096,-10)
          (2.54,-0.127,-10)
          (2.643,-0.159,-10)
          (2.745,-0.192,-10)
          (2.846,-0.226,-10)
          (2.948,-0.261,-10)
          (3.049,-0.298,-10)
          (3.149,-0.336,-10)
          (3.249,-0.376,-10)
          (3.348,-0.416,-10)
          (3.447,-0.458,-10)
          (3.546,-0.501,-10)
          (3.644,-0.545,-10)
          (3.741,-0.59,-10)
          (3.838,-0.637,-10)
          (3.934,-0.684,-10)
          (4.03,-0.733,-10)
          (4.125,-0.783,-10)
          (4.219,-0.834,-10)
          (4.313,-0.887,-10)
          (4.406,-0.94,-10)
          (4.498,-0.995,-10)
          (4.59,-1.051,-10)
          (4.681,-1.108,-10)
          (4.772,-1.166,-10)
          (4.861,-1.225,-10)
          (4.95,-1.285,-10)
          (5.038,-1.346,-10)
          (5.126,-1.408,-10)
          (5.298,-1.536,-10)
          (5.383,-1.602,-10)
          (5.468,-1.669,-10)
          (5.551,-1.736,-10)
          (5.634,-1.805,-10)
          (5.715,-1.874,-10)
          (5.796,-1.945,-10)
          (5.876,-2.017,-10)
          (5.955,-2.089,-10)
          (6.111,-2.237,-10)
          (6.263,-2.389,-10)
          (6.411,-2.545,-10)
          (6.483,-2.624,-10)
          (6.555,-2.704,-10)
          (6.626,-2.785,-10)
          (6.695,-2.866,-10)
          (6.764,-2.949,-10)
          (6.831,-3.032,-10)
          (6.898,-3.117,-10)
          (6.964,-3.202,-10)
          (7.092,-3.374,-10)
          (7.154,-3.462,-10)
          (7.215,-3.55,-10)
          (7.275,-3.639,-10)
          (7.334,-3.728,-10)
          (7.392,-3.819,-10)
          (7.449,-3.91,-10)
          (7.505,-4.002,-10)
          (7.56,-4.094,-10)
          (7.613,-4.187,-10)
          (7.666,-4.281,-10)
          (7.717,-4.375,-10)
          (7.767,-4.47,-10)
          (7.816,-4.566,-10)
          (7.863,-4.662,-10)
          (7.91,-4.759,-10)
          (7.955,-4.856,-10)
          (7.999,-4.954,-10)
          (8.042,-5.053,-10)
          (8.084,-5.152,-10)
          (8.124,-5.251,-10)
          (8.164,-5.351,-10)
          (8.202,-5.451,-10)
          (8.239,-5.552,-10)
          (8.274,-5.654,-10)
          (8.308,-5.755,-10)
          (8.341,-5.857,-10)
          (8.373,-5.96,-10)
          (8.404,-6.063,-10)
          (8.433,-6.166,-10)
          (8.461,-6.27,-10)
          (8.488,-6.374,-10)
          (8.513,-6.478,-10)
          (8.537,-6.583,-10)
          (8.56,-6.688,-10)
          (8.582,-6.793,-10)
          (8.602,-6.898,-10)
          (8.621,-7.004,-10)
          (8.639,-7.11,-10)
          (8.655,-7.216,-10)
          (8.67,-7.322,-10)
          (8.684,-7.429,-10)
          (8.697,-7.536,-10)
          (8.708,-7.642,-10)
          (8.718,-7.749,-10)
          (8.734,-7.963,-10)
          (8.739,-8.071,-10)
          (8.744,-8.178,-10)
          (8.747,-8.285,-10)
          (8.749,-8.393,-10)
          (8.75,-8.5,-10)
          dielectric constant epsilon diagonal = (12,12,12)
     prism, center = (-0.6,0,0)
          height 20, axis (0,0,1), 4 vertices:
          (-1.2,-0.25,-10)
          (-1.2,0.25,-10)
          (0,0.25,-10)
          (0,-0.25,-10)
          dielectric constant epsilon diagonal = (12,12,12)
     prism, center = (8.5,-9.1,0)
          height 20, axis (0,0,1), 4 vertices:
          (8.25,-9.7,-10)
          (8.25,-8.5,-10)
          (8.75,-8.5,-10)
          (8.75,-9.7,-10)
          dielectric constant epsilon diagonal = (12,12,12)
time for set_epsilon = 5.46044 s
-----------
MPB solved for omega_1(2.2349,0,0) = 0.682374 after 32 iters
MPB solved for omega_1(2.10209,0,0) = 0.645189 after 9 iters
MPB solved for omega_1(2.10199,0,0) = 0.645161 after 4 iters
MPB solved for omega_1(2.10199,0,0) = 0.645161 after 1 iters
Stop condition: decay to 0.1% of peak value in the last 15.5 time units.
on time step 371 (time=1.855), 0.0107965 s/step
on time step 873 (time=4.365), 0.00797599 s/step
on time step 1323 (time=6.615), 0.0089019 s/step
on time step 1730 (time=8.65), 0.00984555 s/step
on time step 2066 (time=10.33), 0.011929 s/step
on time step 2449 (time=12.245), 0.0104489 s/step
on time step 2861 (time=14.305), 0.00972219 s/step
field decay(t = 15.505): 1.9669664568097285e-161 / 1.9669664568097285e-161 = 1.0
on time step 3369 (time=16.845), 0.00787709 s/step
on time step 3948 (time=19.74), 0.0069172 s/step
on time step 4524 (time=22.62), 0.00694903 s/step
on time step 5102 (time=25.51), 0.00693115 s/step
on time step 5682 (time=28.41), 0.00689787 s/step
field decay(t = 31.01): 4.7127371978645503e-11 / 4.7127371978645503e-11 = 1.0
on time step 6260 (time=31.3), 0.00692779 s/step
on time step 6840 (time=34.2), 0.00690559 s/step
on time step 7417 (time=37.085), 0.00694234 s/step
on time step 8000 (time=40), 0.00691355 s/step
on time step 8583 (time=42.915), 0.00686197 s/step
on time step 9158 (time=45.79), 0.00695836 s/step
field decay(t = 46.515): 4.314456145762864e-07 / 4.314456145762864e-07 = 1.0
on time step 9737 (time=48.685), 0.00691404 s/step
on time step 10317 (time=51.585), 0.00690796 s/step
on time step 10895 (time=54.475), 0.00692789 s/step
on time step 11476 (time=57.38), 0.0068954 s/step
on time step 12055 (time=60.275), 0.00691827 s/step
field decay(t = 62.02): 0.00012151336561417574 / 0.00012151336561417574 = 1.0
on time step 12636 (time=63.18), 0.00690275 s/step
on time step 13214 (time=66.07), 0.00692244 s/step
on time step 13799 (time=68.995), 0.00684547 s/step
on time step 14378 (time=71.89), 0.00691449 s/step
on time step 14958 (time=74.79), 0.00690545 s/step
field decay(t = 77.525): 0.6635302204820483 / 0.6635302204820483 = 1.0
on time step 15533 (time=77.665), 0.00696571 s/step
on time step 16113 (time=80.565), 0.00690595 s/step
on time step 16692 (time=83.46), 0.00691265 s/step
on time step 17272 (time=86.36), 0.00690421 s/step
on time step 17851 (time=89.255), 0.00691929 s/step
on time step 18431 (time=92.155), 0.00690502 s/step
field decay(t = 93.03): 3.543495546782102 / 3.543495546782102 = 1.0
on time step 19011 (time=95.055), 0.00690744 s/step
on time step 19594 (time=97.97), 0.00687055 s/step
on time step 20173 (time=100.865), 0.00690926 s/step
on time step 20753 (time=103.765), 0.0069072 s/step
on time step 21331 (time=106.655), 0.00692112 s/step
field decay(t = 108.535): 2.061498077192964 / 3.543495546782102 = 0.5817696254945316
on time step 21911 (time=109.555), 0.00690299 s/step
on time step 22489 (time=112.445), 0.0069214 s/step
on time step 23069 (time=115.345), 0.00690098 s/step
on time step 23648 (time=118.24), 0.00690907 s/step
on time step 24224 (time=121.12), 0.00695588 s/step
on time step 24803 (time=124.015), 0.00691542 s/step
field decay(t = 124.04): 0.002037124984157096 / 3.543495546782102 = 0.000574891362854128
Normalizing field data...
run 0 finished at t = 124.04 (24808 timesteps)
Generating MP4...
MPB solved for omega_1(2.01141,0,0) = 0.618698 after 27 iters
MPB solved for omega_1(1.87532,0,0) = 0.580676 after 10 iters
MPB solved for omega_1(1.87521,0,0) = 0.580645 after 4 iters
MPB solved for omega_1(1.87521,0,0) = 0.580645 after 1 iters
Dominant planewave for band 1: (1.875210,-0.000000,0.000000)
MPB solved for omega_1(2.03004,0,0) = 0.623906 after 31 iters
MPB solved for omega_1(1.89458,0,0) = 0.586052 after 10 iters
MPB solved for omega_1(1.89447,0,0) = 0.586022 after 4 iters
MPB solved for omega_1(1.89447,0,0) = 0.586022 after 1 iters
Dominant planewave for band 1: (1.894467,-0.000000,0.000000)
MPB solved for omega_1(2.04866,0,0) = 0.629115 after 31 iters
MPB solved for omega_1(1.91383,0,0) = 0.591428 after 10 iters
MPB solved for omega_1(1.91372,0,0) = 0.591398 after 4 iters
MPB solved for omega_1(1.91372,0,0) = 0.591398 after 1 iters
Dominant planewave for band 1: (1.913720,-0.000000,0.000000)
MPB solved for omega_1(2.06729,0,0) = 0.634325 after 28 iters
MPB solved for omega_1(1.93307,0,0) = 0.596804 after 10 iters
MPB solved for omega_1(1.93297,0,0) = 0.596774 after 4 iters
MPB solved for omega_1(1.93297,0,0) = 0.596774 after 1 iters
Dominant planewave for band 1: (1.932968,-0.000000,0.000000)
MPB solved for omega_1(2.08591,0,0) = 0.639536 after 28 iters
MPB solved for omega_1(1.95232,0,0) = 0.60218 after 10 iters
MPB solved for omega_1(1.95221,0,0) = 0.602151 after 4 iters
MPB solved for omega_1(1.95221,0,0) = 0.602151 after 1 iters
Dominant planewave for band 1: (1.952212,-0.000000,0.000000)
MPB solved for omega_1(2.10453,0,0) = 0.644749 after 32 iters
MPB solved for omega_1(1.97156,0,0) = 0.607556 after 10 iters
MPB solved for omega_1(1.97145,0,0) = 0.607527 after 4 iters
MPB solved for omega_1(1.97145,0,0) = 0.607527 after 1 iters
Dominant planewave for band 1: (1.971452,-0.000000,0.000000)
MPB solved for omega_1(2.12316,0,0) = 0.649962 after 27 iters
MPB solved for omega_1(1.99079,0,0) = 0.612932 after 10 iters
MPB solved for omega_1(1.99069,0,0) = 0.612903 after 4 iters
MPB solved for omega_1(1.99069,0,0) = 0.612903 after 1 iters
Dominant planewave for band 1: (1.990687,-0.000000,0.000000)
MPB solved for omega_1(2.14178,0,0) = 0.655177 after 26 iters
MPB solved for omega_1(2.01002,0,0) = 0.618308 after 10 iters
MPB solved for omega_1(2.00992,0,0) = 0.61828 after 4 iters
MPB solved for omega_1(2.00992,0,0) = 0.61828 after 1 iters
Dominant planewave for band 1: (2.009918,-0.000000,0.000000)
MPB solved for omega_1(2.16041,0,0) = 0.660393 after 25 iters
MPB solved for omega_1(2.02924,0,0) = 0.623684 after 10 iters
MPB solved for omega_1(2.02915,0,0) = 0.623656 after 3 iters
MPB solved for omega_1(2.02915,0,0) = 0.623656 after 1 iters
Dominant planewave for band 1: (2.029145,-0.000000,0.000000)
MPB solved for omega_1(2.17903,0,0) = 0.66561 after 32 iters
MPB solved for omega_1(2.04847,0,0) = 0.62906 after 10 iters
MPB solved for omega_1(2.04837,0,0) = 0.629032 after 3 iters
MPB solved for omega_1(2.04837,0,0) = 0.629032 after 1 iters
Dominant planewave for band 1: (2.048367,-0.000000,0.000000)
MPB solved for omega_1(2.19766,0,0) = 0.670828 after 29 iters
MPB solved for omega_1(2.06768,0,0) = 0.634436 after 10 iters
MPB solved for omega_1(2.06759,0,0) = 0.634409 after 3 iters
MPB solved for omega_1(2.06759,0,0) = 0.634409 after 1 iters
Dominant planewave for band 1: (2.067585,-0.000000,0.000000)
MPB solved for omega_1(2.21628,0,0) = 0.676047 after 37 iters
MPB solved for omega_1(2.08689,0,0) = 0.639812 after 10 iters
MPB solved for omega_1(2.0868,0,0) = 0.639785 after 3 iters
MPB solved for omega_1(2.0868,0,0) = 0.639785 after 1 iters
Dominant planewave for band 1: (2.086799,-0.000000,0.000000)
MPB solved for omega_1(2.2349,0,0) = 0.681268 after 36 iters
MPB solved for omega_1(2.1061,0,0) = 0.645188 after 10 iters
MPB solved for omega_1(2.10601,0,0) = 0.645161 after 3 iters
MPB solved for omega_1(2.10601,0,0) = 0.645161 after 1 iters
Dominant planewave for band 1: (2.106008,-0.000000,0.000000)
MPB solved for omega_1(2.25353,0,0) = 0.686489 after 28 iters
MPB solved for omega_1(2.12531,0,0) = 0.650564 after 10 iters
MPB solved for omega_1(2.12521,0,0) = 0.650538 after 3 iters
MPB solved for omega_1(2.12521,0,0) = 0.650538 after 1 iters
Dominant planewave for band 1: (2.125213,-0.000000,0.000000)
MPB solved for omega_1(2.27215,0,0) = 0.691711 after 37 iters
MPB solved for omega_1(2.14451,0,0) = 0.65594 after 10 iters
MPB solved for omega_1(2.14441,0,0) = 0.655914 after 3 iters
MPB solved for omega_1(2.14441,0,0) = 0.655914 after 1 iters
Dominant planewave for band 1: (2.144414,-0.000000,0.000000)
MPB solved for omega_1(2.29078,0,0) = 0.696935 after 27 iters
MPB solved for omega_1(2.1637,0,0) = 0.661316 after 10 iters
MPB solved for omega_1(2.16361,0,0) = 0.66129 after 3 iters
MPB solved for omega_1(2.16361,0,0) = 0.66129 after 1 iters
Dominant planewave for band 1: (2.163611,-0.000000,0.000000)
MPB solved for omega_1(2.3094,0,0) = 0.70216 after 28 iters
MPB solved for omega_1(2.18289,0,0) = 0.666692 after 10 iters
MPB solved for omega_1(2.1828,0,0) = 0.666667 after 3 iters
MPB solved for omega_1(2.1828,0,0) = 0.666667 after 1 iters
Dominant planewave for band 1: (2.182803,-0.000000,0.000000)
MPB solved for omega_1(2.32803,0,0) = 0.707385 after 33 iters
MPB solved for omega_1(2.20208,0,0) = 0.672068 after 10 iters
MPB solved for omega_1(2.20199,0,0) = 0.672043 after 3 iters
MPB solved for omega_1(2.20199,0,0) = 0.672043 after 1 iters
Dominant planewave for band 1: (2.201991,-0.000000,0.000000)
MPB solved for omega_1(2.34665,0,0) = 0.712612 after 33 iters
MPB solved for omega_1(2.22126,0,0) = 0.677444 after 10 iters
MPB solved for omega_1(2.22118,0,0) = 0.677419 after 3 iters
MPB solved for omega_1(2.22118,0,0) = 0.677419 after 1 iters
Dominant planewave for band 1: (2.221175,-0.000000,0.000000)
MPB solved for omega_1(2.36527,0,0) = 0.71784 after 39 iters
MPB solved for omega_1(2.24044,0,0) = 0.68282 after 10 iters
MPB solved for omega_1(2.24036,0,0) = 0.682796 after 3 iters
MPB solved for omega_1(2.24036,0,0) = 0.682796 after 1 iters
Dominant planewave for band 1: (2.240355,-0.000000,0.000000)
MPB solved for omega_1(2.3839,0,0) = 0.723069 after 35 iters
MPB solved for omega_1(2.25962,0,0) = 0.688196 after 10 iters
MPB solved for omega_1(2.25953,0,0) = 0.688172 after 3 iters
MPB solved for omega_1(2.25953,0,0) = 0.688172 after 1 iters
Dominant planewave for band 1: (2.259531,-0.000000,0.000000)
MPB solved for omega_1(2.40252,0,0) = 0.728299 after 33 iters
MPB solved for omega_1(2.27879,0,0) = 0.693572 after 10 iters
MPB solved for omega_1(2.2787,0,0) = 0.693548 after 3 iters
MPB solved for omega_1(2.2787,0,0) = 0.693548 after 1 iters
Dominant planewave for band 1: (2.278703,-0.000000,0.000000)
MPB solved for omega_1(2.42115,0,0) = 0.73353 after 37 iters
MPB solved for omega_1(2.29795,0,0) = 0.698948 after 10 iters
MPB solved for omega_1(2.29787,0,0) = 0.698925 after 3 iters
MPB solved for omega_1(2.29787,0,0) = 0.698925 after 1 iters
Dominant planewave for band 1: (2.297870,-0.000000,0.000000)
MPB solved for omega_1(2.43977,0,0) = 0.738762 after 36 iters
MPB solved for omega_1(2.31711,0,0) = 0.704324 after 10 iters
MPB solved for omega_1(2.31703,0,0) = 0.704301 after 3 iters
MPB solved for omega_1(2.31703,0,0) = 0.704301 after 1 iters
Dominant planewave for band 1: (2.317033,-0.000000,0.000000)
MPB solved for omega_1(2.45839,0,0) = 0.743995 after 28 iters
MPB solved for omega_1(2.33627,0,0) = 0.7097 after 10 iters
MPB solved for omega_1(2.33619,0,0) = 0.709677 after 3 iters
MPB solved for omega_1(2.33619,0,0) = 0.709677 after 1 iters
Dominant planewave for band 1: (2.336193,-0.000000,0.000000)
MPB solved for omega_1(0,2.01141,0) = 0.618698 after 21 iters
MPB solved for omega_1(0,1.87532,0) = 0.580676 after 7 iters
MPB solved for omega_1(0,1.87521,0) = 0.580645 after 3 iters
MPB solved for omega_1(0,1.87521,0) = 0.580645 after 1 iters
Dominant planewave for band 1: (0.000000,1.875210,0.000000)
MPB solved for omega_1(0,2.03004,0) = 0.623906 after 25 iters
MPB solved for omega_1(0,1.89458,0) = 0.586052 after 7 iters
MPB solved for omega_1(0,1.89447,0) = 0.586022 after 3 iters
MPB solved for omega_1(0,1.89447,0) = 0.586022 after 1 iters
Dominant planewave for band 1: (0.000000,1.894467,0.000000)
MPB solved for omega_1(0,2.04866,0) = 0.629115 after 29 iters
MPB solved for omega_1(0,1.91383,0) = 0.591428 after 7 iters
MPB solved for omega_1(0,1.91372,0) = 0.591398 after 3 iters
MPB solved for omega_1(0,1.91372,0) = 0.591398 after 1 iters
Dominant planewave for band 1: (0.000000,1.913720,0.000000)
MPB solved for omega_1(0,2.06729,0) = 0.634325 after 25 iters
MPB solved for omega_1(0,1.93307,0) = 0.596804 after 7 iters
MPB solved for omega_1(0,1.93297,0) = 0.596774 after 3 iters
MPB solved for omega_1(0,1.93297,0) = 0.596774 after 1 iters
Dominant planewave for band 1: (0.000000,1.932968,0.000000)
MPB solved for omega_1(0,2.08591,0) = 0.639536 after 26 iters
MPB solved for omega_1(0,1.95232,0) = 0.60218 after 7 iters
MPB solved for omega_1(0,1.95221,0) = 0.602151 after 3 iters
MPB solved for omega_1(0,1.95221,0) = 0.602151 after 1 iters
Dominant planewave for band 1: (0.000000,1.952212,0.000000)
MPB solved for omega_1(0,2.10453,0) = 0.644749 after 25 iters
MPB solved for omega_1(0,1.97156,0) = 0.607556 after 7 iters
MPB solved for omega_1(0,1.97145,0) = 0.607527 after 3 iters
MPB solved for omega_1(0,1.97145,0) = 0.607527 after 1 iters
Dominant planewave for band 1: (0.000000,1.971452,0.000000)
MPB solved for omega_1(0,2.12316,0) = 0.649962 after 29 iters
MPB solved for omega_1(0,1.99079,0) = 0.612932 after 7 iters
MPB solved for omega_1(0,1.99069,0) = 0.612903 after 3 iters
MPB solved for omega_1(0,1.99069,0) = 0.612903 after 1 iters
Dominant planewave for band 1: (0.000000,1.990687,0.000000)
MPB solved for omega_1(0,2.14178,0) = 0.655177 after 25 iters
MPB solved for omega_1(0,2.01002,0) = 0.618308 after 7 iters
MPB solved for omega_1(0,2.00992,0) = 0.61828 after 3 iters
MPB solved for omega_1(0,2.00992,0) = 0.61828 after 1 iters
Dominant planewave for band 1: (0.000000,2.009918,0.000000)
MPB solved for omega_1(0,2.16041,0) = 0.660393 after 29 iters
MPB solved for omega_1(0,2.02924,0) = 0.623684 after 7 iters
MPB solved for omega_1(0,2.02915,0) = 0.623656 after 3 iters
MPB solved for omega_1(0,2.02915,0) = 0.623656 after 1 iters
Dominant planewave for band 1: (0.000000,2.029145,0.000000)
MPB solved for omega_1(0,2.17903,0) = 0.66561 after 26 iters
MPB solved for omega_1(0,2.04847,0) = 0.62906 after 7 iters
MPB solved for omega_1(0,2.04837,0) = 0.629032 after 3 iters
MPB solved for omega_1(0,2.04837,0) = 0.629032 after 1 iters
Dominant planewave for band 1: (0.000000,2.048367,0.000000)
MPB solved for omega_1(0,2.19766,0) = 0.670828 after 25 iters
MPB solved for omega_1(0,2.06768,0) = 0.634436 after 7 iters
MPB solved for omega_1(0,2.06759,0) = 0.634409 after 3 iters
MPB solved for omega_1(0,2.06759,0) = 0.634409 after 1 iters
Dominant planewave for band 1: (0.000000,2.067585,0.000000)
MPB solved for omega_1(0,2.21628,0) = 0.676047 after 33 iters
MPB solved for omega_1(0,2.08689,0) = 0.639812 after 7 iters
MPB solved for omega_1(0,2.0868,0) = 0.639785 after 3 iters
MPB solved for omega_1(0,2.0868,0) = 0.639785 after 1 iters
Dominant planewave for band 1: (0.000000,2.086799,0.000000)
MPB solved for omega_1(0,2.2349,0) = 0.681268 after 29 iters
MPB solved for omega_1(0,2.1061,0) = 0.645188 after 7 iters
MPB solved for omega_1(0,2.10601,0) = 0.645161 after 3 iters
MPB solved for omega_1(0,2.10601,0) = 0.645161 after 1 iters
Dominant planewave for band 1: (0.000000,2.106008,0.000000)
MPB solved for omega_1(0,2.25353,0) = 0.686489 after 34 iters
MPB solved for omega_1(0,2.12531,0) = 0.650564 after 7 iters
MPB solved for omega_1(0,2.12521,0) = 0.650538 after 3 iters
MPB solved for omega_1(0,2.12521,0) = 0.650538 after 1 iters
Dominant planewave for band 1: (0.000000,2.125213,0.000000)
MPB solved for omega_1(0,2.27215,0) = 0.691711 after 28 iters
MPB solved for omega_1(0,2.14451,0) = 0.65594 after 7 iters
MPB solved for omega_1(0,2.14441,0) = 0.655914 after 3 iters
MPB solved for omega_1(0,2.14441,0) = 0.655914 after 1 iters
Dominant planewave for band 1: (0.000000,2.144414,0.000000)
MPB solved for omega_1(0,2.29078,0) = 0.696935 after 28 iters
MPB solved for omega_1(0,2.1637,0) = 0.661316 after 7 iters
MPB solved for omega_1(0,2.16361,0) = 0.66129 after 3 iters
MPB solved for omega_1(0,2.16361,0) = 0.66129 after 1 iters
Dominant planewave for band 1: (0.000000,2.163611,0.000000)
MPB solved for omega_1(0,2.3094,0) = 0.70216 after 30 iters
MPB solved for omega_1(0,2.18289,0) = 0.666692 after 7 iters
MPB solved for omega_1(0,2.1828,0) = 0.666667 after 3 iters
MPB solved for omega_1(0,2.1828,0) = 0.666667 after 1 iters
Dominant planewave for band 1: (0.000000,2.182803,0.000000)
MPB solved for omega_1(0,2.32803,0) = 0.707385 after 36 iters
MPB solved for omega_1(0,2.20208,0) = 0.672068 after 7 iters
MPB solved for omega_1(0,2.20199,0) = 0.672043 after 3 iters
MPB solved for omega_1(0,2.20199,0) = 0.672043 after 1 iters
Dominant planewave for band 1: (0.000000,2.201991,0.000000)
MPB solved for omega_1(0,2.34665,0) = 0.712612 after 32 iters
MPB solved for omega_1(0,2.22126,0) = 0.677444 after 7 iters
MPB solved for omega_1(0,2.22118,0) = 0.677419 after 3 iters
MPB solved for omega_1(0,2.22118,0) = 0.677419 after 1 iters
Dominant planewave for band 1: (0.000000,2.221175,0.000000)
MPB solved for omega_1(0,2.36527,0) = 0.71784 after 26 iters
MPB solved for omega_1(0,2.24044,0) = 0.68282 after 7 iters
MPB solved for omega_1(0,2.24036,0) = 0.682796 after 3 iters
MPB solved for omega_1(0,2.24036,0) = 0.682796 after 1 iters
Dominant planewave for band 1: (0.000000,2.240355,0.000000)
MPB solved for omega_1(0,2.3839,0) = 0.723069 after 31 iters
MPB solved for omega_1(0,2.25962,0) = 0.688196 after 7 iters
MPB solved for omega_1(0,2.25953,0) = 0.688172 after 3 iters
MPB solved for omega_1(0,2.25953,0) = 0.688172 after 1 iters
Dominant planewave for band 1: (0.000000,2.259531,0.000000)
MPB solved for omega_1(0,2.40252,0) = 0.728299 after 28 iters
MPB solved for omega_1(0,2.27879,0) = 0.693572 after 6 iters
MPB solved for omega_1(0,2.2787,0) = 0.693548 after 3 iters
MPB solved for omega_1(0,2.2787,0) = 0.693548 after 1 iters
Dominant planewave for band 1: (0.000000,2.278703,0.000000)
MPB solved for omega_1(0,2.42115,0) = 0.73353 after 34 iters
MPB solved for omega_1(0,2.29795,0) = 0.698948 after 6 iters
MPB solved for omega_1(0,2.29787,0) = 0.698925 after 3 iters
MPB solved for omega_1(0,2.29787,0) = 0.698925 after 1 iters
Dominant planewave for band 1: (0.000000,2.297870,0.000000)
MPB solved for omega_1(0,2.43977,0) = 0.738762 after 24 iters
MPB solved for omega_1(0,2.31711,0) = 0.704324 after 6 iters
MPB solved for omega_1(0,2.31703,0) = 0.704301 after 3 iters
MPB solved for omega_1(0,2.31703,0) = 0.704301 after 1 iters
Dominant planewave for band 1: (0.000000,2.317033,0.000000)
MPB solved for omega_1(0,2.45839,0) = 0.743995 after 34 iters
MPB solved for omega_1(0,2.33627,0) = 0.7097 after 6 iters
MPB solved for omega_1(0,2.33619,0) = 0.709677 after 3 iters
MPB solved for omega_1(0,2.33619,0) = 0.709677 after 1 iters
Dominant planewave for band 1: (0.000000,2.336193,0.000000)
----------------------------------
Parameters: radius=8.5
Frequencies: [0.58064516 0.58602151 0.59139785 0.59677419 0.60215054 0.60752688
 0.61290323 0.61827957 0.62365591 0.62903226 0.6344086  0.63978495
 0.64516129 0.65053763 0.65591398 0.66129032 0.66666667 0.67204301
 0.67741935 0.6827957  0.68817204 0.69354839 0.69892473 0.70430108
 0.70967742]
Transmitted fraction: [0.98636968 0.98572947 0.9855283  0.98489209 0.98397328 0.98260302
 0.98076966 0.97862362 0.97619168 0.9735721  0.97082857 0.96794049
 0.96500629 0.96215131 0.95936566 0.95676036 0.95443766 0.95243547
 0.95079608 0.94946477 0.9485653  0.94809226 0.94808764 0.94876778
 0.95000239]
Reflected fraction: [1.59147506e-04 3.33845319e-05 5.90956197e-07 7.66778725e-06
 2.20425822e-06 3.06857760e-06 1.86897329e-05 3.13221472e-05
 2.28902704e-05 1.33943650e-05 1.22999137e-05 6.95937082e-06
 1.80117692e-06 1.68477757e-06 1.60727970e-05 3.07393081e-05
 1.99059507e-05 8.21710950e-06 3.64670227e-06 4.92214512e-06
 1.22244780e-05 1.33992457e-05 3.63884977e-05 5.93634903e-05
 3.10114392e-04]

Elapsed run time = 257.2506 s
