My SLURM_ARRAY_JOB_ID is 916905.
My SLURM_ARRAY_TASK_ID is 13
Executing on the machine: adroit-08
Using MPI version 3.1, 4 processes
Meep version: 1.12.0
Chosen parameters: Namespace(radius=8.0)
Produced file /tmp/tmp2_zz454v.gds.
-----------
Initializing structure...
Splitting into 4 chunks evenly
time for choose_chunkdivision = 0.041116 s
Working in 2D dimensions.
Computational cell is 11.4 x 11.4 x 0 with resolution 100
     prism, center = (5.11221,-2.88779,0)
          height 20, axis (0,0,1), 228 vertices:
          (7.75,-8,-10)
          (7.748,-7.81,-10)
          (7.745,-7.715,-10)
          (7.741,-7.62,-10)
          (7.729,-7.43,-10)
          (7.713,-7.24,-10)
          (7.703,-7.146,-10)
          (7.692,-7.051,-10)
          (7.666,-6.863,-10)
          (7.652,-6.769,-10)
          (7.636,-6.675,-10)
          (7.619,-6.581,-10)
          (7.601,-6.488,-10)
          (7.582,-6.395,-10)
          (7.562,-6.302,-10)
          (7.54,-6.209,-10)
          (7.518,-6.117,-10)
          (7.494,-6.025,-10)
          (7.469,-5.933,-10)
          (7.443,-5.841,-10)
          (7.416,-5.75,-10)
          (7.388,-5.659,-10)
          (7.359,-5.569,-10)
          (7.297,-5.389,-10)
          (7.231,-5.211,-10)
          (7.196,-5.122,-10)
          (7.16,-5.034,-10)
          (7.123,-4.947,-10)
          (7.085,-4.859,-10)
          (7.046,-4.773,-10)
          (7.006,-4.686,-10)
          (6.965,-4.601,-10)
          (6.879,-4.431,-10)
          (6.835,-4.347,-10)
          (6.79,-4.263,-10)
          (6.743,-4.18,-10)
          (6.696,-4.098,-10)
          (6.598,-3.934,-10)
          (6.548,-3.854,-10)
          (6.444,-3.694,-10)
          (6.391,-3.616,-10)
          (6.336,-3.537,-10)
          (6.281,-3.46,-10)
          (6.225,-3.383,-10)
          (6.168,-3.307,-10)
          (6.11,-3.232,-10)
          (6.051,-3.157,-10)
          (5.991,-3.083,-10)
          (5.93,-3.01,-10)
          (5.806,-2.866,-10)
          (5.742,-2.795,-10)
          (5.678,-2.725,-10)
          (5.613,-2.656,-10)
          (5.547,-2.588,-10)
          (5.48,-2.52,-10)
          (5.412,-2.453,-10)
          (5.344,-2.387,-10)
          (5.275,-2.322,-10)
          (5.205,-2.258,-10)
          (5.134,-2.194,-10)
          (4.99,-2.07,-10)
          (4.917,-2.009,-10)
          (4.843,-1.949,-10)
          (4.768,-1.89,-10)
          (4.693,-1.832,-10)
          (4.617,-1.775,-10)
          (4.54,-1.719,-10)
          (4.463,-1.664,-10)
          (4.384,-1.609,-10)
          (4.306,-1.556,-10)
          (4.146,-1.452,-10)
          (4.066,-1.402,-10)
          (3.902,-1.304,-10)
          (3.82,-1.257,-10)
          (3.737,-1.21,-10)
          (3.653,-1.165,-10)
          (3.569,-1.121,-10)
          (3.399,-1.035,-10)
          (3.314,-0.994,-10)
          (3.227,-0.954,-10)
          (3.141,-0.915,-10)
          (3.053,-0.877,-10)
          (2.966,-0.84,-10)
          (2.878,-0.804,-10)
          (2.789,-0.769,-10)
          (2.611,-0.703,-10)
          (2.431,-0.641,-10)
          (2.341,-0.612,-10)
          (2.25,-0.584,-10)
          (2.159,-0.557,-10)
          (2.067,-0.531,-10)
          (1.975,-0.506,-10)
          (1.883,-0.482,-10)
          (1.791,-0.46,-10)
          (1.698,-0.438,-10)
          (1.605,-0.418,-10)
          (1.512,-0.399,-10)
          (1.419,-0.381,-10)
          (1.325,-0.364,-10)
          (1.231,-0.348,-10)
          (1.137,-0.334,-10)
          (0.949,-0.308,-10)
          (0.854,-0.297,-10)
          (0.76,-0.287,-10)
          (0.57,-0.271,-10)
          (0.38,-0.259,-10)
          (0.285,-0.255,-10)
          (0.19,-0.252,-10)
          (0,-0.25,-10)
          (0,0.25,-10)
          (0.202,0.248,-10)
          (0.304,0.244,-10)
          (0.405,0.24,-10)
          (0.607,0.228,-10)
          (0.708,0.22,-10)
          (0.809,0.21,-10)
          (0.909,0.2,-10)
          (1.01,0.188,-10)
          (1.11,0.175,-10)
          (1.211,0.161,-10)
          (1.311,0.145,-10)
          (1.41,0.129,-10)
          (1.51,0.111,-10)
          (1.609,0.091,-10)
          (1.709,0.071,-10)
          (1.808,0.05,-10)
          (1.906,0.027,-10)
          (2.005,0.003,-10)
          (2.103,-0.022,-10)
          (2.2,-0.049,-10)
          (2.298,-0.076,-10)
          (2.395,-0.105,-10)
          (2.492,-0.135,-10)
          (2.588,-0.166,-10)
          (2.684,-0.199,-10)
          (2.779,-0.232,-10)
          (2.874,-0.267,-10)
          (2.969,-0.303,-10)
          (3.063,-0.34,-10)
          (3.157,-0.378,-10)
          (3.25,-0.417,-10)
          (3.436,-0.499,-10)
          (3.527,-0.542,-10)
          (3.619,-0.586,-10)
          (3.709,-0.631,-10)
          (3.799,-0.677,-10)
          (3.889,-0.724,-10)
          (3.978,-0.772,-10)
          (4.154,-0.872,-10)
          (4.328,-0.976,-10)
          (4.414,-1.03,-10)
          (4.499,-1.085,-10)
          (4.583,-1.14,-10)
          (4.667,-1.197,-10)
          (4.75,-1.255,-10)
          (4.833,-1.314,-10)
          (4.915,-1.374,-10)
          (4.995,-1.434,-10)
          (5.076,-1.496,-10)
          (5.155,-1.559,-10)
          (5.234,-1.623,-10)
          (5.312,-1.687,-10)
          (5.389,-1.753,-10)
          (5.465,-1.82,-10)
          (5.54,-1.887,-10)
          (5.615,-1.956,-10)
          (5.689,-2.025,-10)
          (5.762,-2.095,-10)
          (5.834,-2.166,-10)
          (5.905,-2.238,-10)
          (5.975,-2.311,-10)
          (6.044,-2.385,-10)
          (6.113,-2.46,-10)
          (6.18,-2.535,-10)
          (6.247,-2.611,-10)
          (6.313,-2.688,-10)
          (6.377,-2.766,-10)
          (6.441,-2.845,-10)
          (6.504,-2.924,-10)
          (6.566,-3.005,-10)
          (6.626,-3.085,-10)
          (6.686,-3.167,-10)
          (6.745,-3.25,-10)
          (6.803,-3.333,-10)
          (6.86,-3.417,-10)
          (6.915,-3.501,-10)
          (6.97,-3.586,-10)
          (7.024,-3.672,-10)
          (7.128,-3.846,-10)
          (7.228,-4.022,-10)
          (7.276,-4.111,-10)
          (7.323,-4.201,-10)
          (7.369,-4.291,-10)
          (7.414,-4.381,-10)
          (7.458,-4.473,-10)
          (7.501,-4.564,-10)
          (7.583,-4.75,-10)
          (7.622,-4.843,-10)
          (7.66,-4.937,-10)
          (7.697,-5.031,-10)
          (7.733,-5.126,-10)
          (7.768,-5.221,-10)
          (7.801,-5.316,-10)
          (7.834,-5.412,-10)
          (7.865,-5.508,-10)
          (7.895,-5.605,-10)
          (7.924,-5.702,-10)
          (7.951,-5.8,-10)
          (7.978,-5.897,-10)
          (8.003,-5.995,-10)
          (8.027,-6.094,-10)
          (8.05,-6.192,-10)
          (8.071,-6.291,-10)
          (8.091,-6.391,-10)
          (8.111,-6.49,-10)
          (8.129,-6.59,-10)
          (8.145,-6.689,-10)
          (8.161,-6.789,-10)
          (8.175,-6.89,-10)
          (8.188,-6.99,-10)
          (8.2,-7.091,-10)
          (8.21,-7.191,-10)
          (8.22,-7.292,-10)
          (8.228,-7.393,-10)
          (8.24,-7.595,-10)
          (8.244,-7.696,-10)
          (8.248,-7.798,-10)
          (8.25,-8,-10)
          dielectric constant epsilon diagonal = (12,12,12)
     prism, center = (-0.6,0,0)
          height 20, axis (0,0,1), 4 vertices:
          (-1.2,-0.25,-10)
          (-1.2,0.25,-10)
          (0,0.25,-10)
          (0,-0.25,-10)
          dielectric constant epsilon diagonal = (12,12,12)
     prism, center = (8,-8.6,0)
          height 20, axis (0,0,1), 4 vertices:
          (7.75,-9.2,-10)
          (7.75,-8,-10)
          (8.25,-8,-10)
          (8.25,-9.2,-10)
          dielectric constant epsilon diagonal = (12,12,12)
time for set_epsilon = 4.67157 s
-----------
MPB solved for omega_1(2.2349,0,0) = 0.682374 after 32 iters
MPB solved for omega_1(2.10209,0,0) = 0.645189 after 9 iters
MPB solved for omega_1(2.10199,0,0) = 0.645161 after 4 iters
MPB solved for omega_1(2.10199,0,0) = 0.645161 after 1 iters
Stop condition: decay to 0.1% of peak value in the last 15.5 time units.
on time step 411 (time=2.055), 0.00973438 s/step
on time step 939 (time=4.695), 0.00757916 s/step
on time step 1374 (time=6.87), 0.00921239 s/step
on time step 1790 (time=8.95), 0.0096272 s/step
on time step 2176 (time=10.88), 0.0103751 s/step
on time step 2599 (time=12.995), 0.00946894 s/step
field decay(t = 15.505): 1.0968521648639605e-76 / 1.0968521648639605e-76 = 1.0
on time step 3113 (time=15.565), 0.00779411 s/step
on time step 3740 (time=18.7), 0.00638513 s/step
on time step 4365 (time=21.825), 0.00640527 s/step
on time step 4992 (time=24.96), 0.00638146 s/step
on time step 5607 (time=28.035), 0.00651072 s/step
field decay(t = 31.01): 1.9557108960587762e-10 / 1.9557108960587762e-10 = 1.0
on time step 6234 (time=31.17), 0.00638389 s/step
on time step 6859 (time=34.295), 0.00640229 s/step
on time step 7484 (time=37.42), 0.00640751 s/step
on time step 8109 (time=40.545), 0.00640341 s/step
on time step 8736 (time=43.68), 0.00638936 s/step
field decay(t = 46.515): 8.409707930354198e-07 / 8.409707930354198e-07 = 1.0
on time step 9362 (time=46.81), 0.00639327 s/step
on time step 9984 (time=49.92), 0.0064363 s/step
on time step 10605 (time=53.025), 0.00644246 s/step
on time step 11232 (time=56.16), 0.00638877 s/step
on time step 11857 (time=59.285), 0.00640772 s/step
field decay(t = 62.02): 0.0007836348605501578 / 0.0007836348605501578 = 1.0
on time step 12483 (time=62.415), 0.00639097 s/step
on time step 13108 (time=65.54), 0.00640052 s/step
on time step 13736 (time=68.68), 0.00637864 s/step
on time step 14362 (time=71.81), 0.00639144 s/step
on time step 14989 (time=74.945), 0.00638414 s/step
field decay(t = 77.525): 1.4724243268676138 / 1.4724243268676138 = 1.0
on time step 15610 (time=78.05), 0.00644319 s/step
on time step 16238 (time=81.19), 0.00637469 s/step
on time step 16858 (time=84.29), 0.00645669 s/step
on time step 17484 (time=87.42), 0.00639915 s/step
on time step 18110 (time=90.55), 0.00639128 s/step
field decay(t = 93.03): 3.441796859095566 / 3.441796859095566 = 1.0
on time step 18738 (time=93.69), 0.00637847 s/step
on time step 19364 (time=96.82), 0.00639582 s/step
on time step 19991 (time=99.955), 0.00638405 s/step
on time step 20611 (time=103.055), 0.00645491 s/step
on time step 21237 (time=106.185), 0.0063932 s/step
field decay(t = 108.535): 0.8564689284010218 / 3.441796859095566 = 0.2488435440742672
on time step 21863 (time=109.315), 0.00639773 s/step
on time step 22490 (time=112.45), 0.00638811 s/step
on time step 23116 (time=115.58), 0.00639857 s/step
on time step 23743 (time=118.715), 0.0063844 s/step
on time step 24369 (time=121.845), 0.00639261 s/step
field decay(t = 124.04): 0.00013649421911505444 / 3.441796859095566 = 3.9657837084238124e-05
Normalizing field data...
run 0 finished at t = 124.04 (24808 timesteps)
Generating MP4...
MPB solved for omega_1(2.01141,0,0) = 0.618698 after 27 iters
MPB solved for omega_1(1.87532,0,0) = 0.580676 after 10 iters
MPB solved for omega_1(1.87521,0,0) = 0.580645 after 4 iters
MPB solved for omega_1(1.87521,0,0) = 0.580645 after 1 iters
Dominant planewave for band 1: (1.875210,-0.000000,0.000000)
MPB solved for omega_1(2.03004,0,0) = 0.623906 after 31 iters
MPB solved for omega_1(1.89458,0,0) = 0.586052 after 10 iters
MPB solved for omega_1(1.89447,0,0) = 0.586022 after 4 iters
MPB solved for omega_1(1.89447,0,0) = 0.586022 after 1 iters
Dominant planewave for band 1: (1.894467,-0.000000,0.000000)
MPB solved for omega_1(2.04866,0,0) = 0.629115 after 31 iters
MPB solved for omega_1(1.91383,0,0) = 0.591428 after 10 iters
MPB solved for omega_1(1.91372,0,0) = 0.591398 after 4 iters
MPB solved for omega_1(1.91372,0,0) = 0.591398 after 1 iters
Dominant planewave for band 1: (1.913720,-0.000000,0.000000)
MPB solved for omega_1(2.06729,0,0) = 0.634325 after 28 iters
MPB solved for omega_1(1.93307,0,0) = 0.596804 after 10 iters
MPB solved for omega_1(1.93297,0,0) = 0.596774 after 4 iters
MPB solved for omega_1(1.93297,0,0) = 0.596774 after 1 iters
Dominant planewave for band 1: (1.932968,-0.000000,0.000000)
MPB solved for omega_1(2.08591,0,0) = 0.639536 after 28 iters
MPB solved for omega_1(1.95232,0,0) = 0.60218 after 10 iters
MPB solved for omega_1(1.95221,0,0) = 0.602151 after 4 iters
MPB solved for omega_1(1.95221,0,0) = 0.602151 after 1 iters
Dominant planewave for band 1: (1.952212,-0.000000,0.000000)
MPB solved for omega_1(2.10453,0,0) = 0.644749 after 32 iters
MPB solved for omega_1(1.97156,0,0) = 0.607556 after 10 iters
MPB solved for omega_1(1.97145,0,0) = 0.607527 after 4 iters
MPB solved for omega_1(1.97145,0,0) = 0.607527 after 1 iters
Dominant planewave for band 1: (1.971452,-0.000000,0.000000)
MPB solved for omega_1(2.12316,0,0) = 0.649962 after 27 iters
MPB solved for omega_1(1.99079,0,0) = 0.612932 after 10 iters
MPB solved for omega_1(1.99069,0,0) = 0.612903 after 4 iters
MPB solved for omega_1(1.99069,0,0) = 0.612903 after 1 iters
Dominant planewave for band 1: (1.990687,-0.000000,0.000000)
MPB solved for omega_1(2.14178,0,0) = 0.655177 after 26 iters
MPB solved for omega_1(2.01002,0,0) = 0.618308 after 10 iters
MPB solved for omega_1(2.00992,0,0) = 0.61828 after 4 iters
MPB solved for omega_1(2.00992,0,0) = 0.61828 after 1 iters
Dominant planewave for band 1: (2.009918,-0.000000,0.000000)
MPB solved for omega_1(2.16041,0,0) = 0.660393 after 25 iters
MPB solved for omega_1(2.02924,0,0) = 0.623684 after 10 iters
MPB solved for omega_1(2.02915,0,0) = 0.623656 after 3 iters
MPB solved for omega_1(2.02915,0,0) = 0.623656 after 1 iters
Dominant planewave for band 1: (2.029145,-0.000000,0.000000)
MPB solved for omega_1(2.17903,0,0) = 0.66561 after 32 iters
MPB solved for omega_1(2.04847,0,0) = 0.62906 after 10 iters
MPB solved for omega_1(2.04837,0,0) = 0.629032 after 3 iters
MPB solved for omega_1(2.04837,0,0) = 0.629032 after 1 iters
Dominant planewave for band 1: (2.048367,-0.000000,0.000000)
MPB solved for omega_1(2.19766,0,0) = 0.670828 after 29 iters
MPB solved for omega_1(2.06768,0,0) = 0.634436 after 10 iters
MPB solved for omega_1(2.06759,0,0) = 0.634409 after 3 iters
MPB solved for omega_1(2.06759,0,0) = 0.634409 after 1 iters
Dominant planewave for band 1: (2.067585,-0.000000,0.000000)
MPB solved for omega_1(2.21628,0,0) = 0.676047 after 37 iters
MPB solved for omega_1(2.08689,0,0) = 0.639812 after 10 iters
MPB solved for omega_1(2.0868,0,0) = 0.639785 after 3 iters
MPB solved for omega_1(2.0868,0,0) = 0.639785 after 1 iters
Dominant planewave for band 1: (2.086799,-0.000000,0.000000)
MPB solved for omega_1(2.2349,0,0) = 0.681268 after 36 iters
MPB solved for omega_1(2.1061,0,0) = 0.645188 after 10 iters
MPB solved for omega_1(2.10601,0,0) = 0.645161 after 3 iters
MPB solved for omega_1(2.10601,0,0) = 0.645161 after 1 iters
Dominant planewave for band 1: (2.106008,-0.000000,0.000000)
MPB solved for omega_1(2.25353,0,0) = 0.686489 after 28 iters
MPB solved for omega_1(2.12531,0,0) = 0.650564 after 10 iters
MPB solved for omega_1(2.12521,0,0) = 0.650538 after 3 iters
MPB solved for omega_1(2.12521,0,0) = 0.650538 after 1 iters
Dominant planewave for band 1: (2.125213,-0.000000,0.000000)
MPB solved for omega_1(2.27215,0,0) = 0.691711 after 37 iters
MPB solved for omega_1(2.14451,0,0) = 0.65594 after 10 iters
MPB solved for omega_1(2.14441,0,0) = 0.655914 after 3 iters
MPB solved for omega_1(2.14441,0,0) = 0.655914 after 1 iters
Dominant planewave for band 1: (2.144414,-0.000000,0.000000)
MPB solved for omega_1(2.29078,0,0) = 0.696935 after 27 iters
MPB solved for omega_1(2.1637,0,0) = 0.661316 after 10 iters
MPB solved for omega_1(2.16361,0,0) = 0.66129 after 3 iters
MPB solved for omega_1(2.16361,0,0) = 0.66129 after 1 iters
Dominant planewave for band 1: (2.163611,-0.000000,0.000000)
MPB solved for omega_1(2.3094,0,0) = 0.70216 after 28 iters
MPB solved for omega_1(2.18289,0,0) = 0.666692 after 10 iters
MPB solved for omega_1(2.1828,0,0) = 0.666667 after 3 iters
MPB solved for omega_1(2.1828,0,0) = 0.666667 after 1 iters
Dominant planewave for band 1: (2.182803,-0.000000,0.000000)
MPB solved for omega_1(2.32803,0,0) = 0.707385 after 33 iters
MPB solved for omega_1(2.20208,0,0) = 0.672068 after 10 iters
MPB solved for omega_1(2.20199,0,0) = 0.672043 after 3 iters
MPB solved for omega_1(2.20199,0,0) = 0.672043 after 1 iters
Dominant planewave for band 1: (2.201991,-0.000000,0.000000)
MPB solved for omega_1(2.34665,0,0) = 0.712612 after 33 iters
MPB solved for omega_1(2.22126,0,0) = 0.677444 after 10 iters
MPB solved for omega_1(2.22118,0,0) = 0.677419 after 3 iters
MPB solved for omega_1(2.22118,0,0) = 0.677419 after 1 iters
Dominant planewave for band 1: (2.221175,-0.000000,0.000000)
MPB solved for omega_1(2.36527,0,0) = 0.71784 after 39 iters
MPB solved for omega_1(2.24044,0,0) = 0.68282 after 10 iters
MPB solved for omega_1(2.24036,0,0) = 0.682796 after 3 iters
MPB solved for omega_1(2.24036,0,0) = 0.682796 after 1 iters
Dominant planewave for band 1: (2.240355,-0.000000,0.000000)
MPB solved for omega_1(2.3839,0,0) = 0.723069 after 35 iters
MPB solved for omega_1(2.25962,0,0) = 0.688196 after 10 iters
MPB solved for omega_1(2.25953,0,0) = 0.688172 after 3 iters
MPB solved for omega_1(2.25953,0,0) = 0.688172 after 1 iters
Dominant planewave for band 1: (2.259531,-0.000000,0.000000)
MPB solved for omega_1(2.40252,0,0) = 0.728299 after 33 iters
MPB solved for omega_1(2.27879,0,0) = 0.693572 after 10 iters
MPB solved for omega_1(2.2787,0,0) = 0.693548 after 3 iters
MPB solved for omega_1(2.2787,0,0) = 0.693548 after 1 iters
Dominant planewave for band 1: (2.278703,-0.000000,0.000000)
MPB solved for omega_1(2.42115,0,0) = 0.73353 after 37 iters
MPB solved for omega_1(2.29795,0,0) = 0.698948 after 10 iters
MPB solved for omega_1(2.29787,0,0) = 0.698925 after 3 iters
MPB solved for omega_1(2.29787,0,0) = 0.698925 after 1 iters
Dominant planewave for band 1: (2.297870,-0.000000,0.000000)
MPB solved for omega_1(2.43977,0,0) = 0.738762 after 36 iters
MPB solved for omega_1(2.31711,0,0) = 0.704324 after 10 iters
MPB solved for omega_1(2.31703,0,0) = 0.704301 after 3 iters
MPB solved for omega_1(2.31703,0,0) = 0.704301 after 1 iters
Dominant planewave for band 1: (2.317033,-0.000000,0.000000)
MPB solved for omega_1(2.45839,0,0) = 0.743995 after 28 iters
MPB solved for omega_1(2.33627,0,0) = 0.7097 after 10 iters
MPB solved for omega_1(2.33619,0,0) = 0.709677 after 3 iters
MPB solved for omega_1(2.33619,0,0) = 0.709677 after 1 iters
Dominant planewave for band 1: (2.336193,-0.000000,0.000000)
MPB solved for omega_1(0,2.01141,0) = 0.618698 after 21 iters
MPB solved for omega_1(0,1.87532,0) = 0.580676 after 7 iters
MPB solved for omega_1(0,1.87521,0) = 0.580645 after 3 iters
MPB solved for omega_1(0,1.87521,0) = 0.580645 after 1 iters
Dominant planewave for band 1: (0.000000,1.875210,0.000000)
MPB solved for omega_1(0,2.03004,0) = 0.623906 after 25 iters
MPB solved for omega_1(0,1.89458,0) = 0.586052 after 7 iters
MPB solved for omega_1(0,1.89447,0) = 0.586022 after 3 iters
MPB solved for omega_1(0,1.89447,0) = 0.586022 after 1 iters
Dominant planewave for band 1: (0.000000,1.894467,0.000000)
MPB solved for omega_1(0,2.04866,0) = 0.629115 after 29 iters
MPB solved for omega_1(0,1.91383,0) = 0.591428 after 7 iters
MPB solved for omega_1(0,1.91372,0) = 0.591398 after 3 iters
MPB solved for omega_1(0,1.91372,0) = 0.591398 after 1 iters
Dominant planewave for band 1: (0.000000,1.913720,0.000000)
MPB solved for omega_1(0,2.06729,0) = 0.634325 after 25 iters
MPB solved for omega_1(0,1.93307,0) = 0.596804 after 7 iters
MPB solved for omega_1(0,1.93297,0) = 0.596774 after 3 iters
MPB solved for omega_1(0,1.93297,0) = 0.596774 after 1 iters
Dominant planewave for band 1: (0.000000,1.932968,0.000000)
MPB solved for omega_1(0,2.08591,0) = 0.639536 after 26 iters
MPB solved for omega_1(0,1.95232,0) = 0.60218 after 7 iters
MPB solved for omega_1(0,1.95221,0) = 0.602151 after 3 iters
MPB solved for omega_1(0,1.95221,0) = 0.602151 after 1 iters
Dominant planewave for band 1: (0.000000,1.952212,0.000000)
MPB solved for omega_1(0,2.10453,0) = 0.644749 after 25 iters
MPB solved for omega_1(0,1.97156,0) = 0.607556 after 7 iters
MPB solved for omega_1(0,1.97145,0) = 0.607527 after 3 iters
MPB solved for omega_1(0,1.97145,0) = 0.607527 after 1 iters
Dominant planewave for band 1: (0.000000,1.971452,0.000000)
MPB solved for omega_1(0,2.12316,0) = 0.649962 after 29 iters
MPB solved for omega_1(0,1.99079,0) = 0.612932 after 7 iters
MPB solved for omega_1(0,1.99069,0) = 0.612903 after 3 iters
MPB solved for omega_1(0,1.99069,0) = 0.612903 after 1 iters
Dominant planewave for band 1: (0.000000,1.990687,0.000000)
MPB solved for omega_1(0,2.14178,0) = 0.655177 after 25 iters
MPB solved for omega_1(0,2.01002,0) = 0.618308 after 7 iters
MPB solved for omega_1(0,2.00992,0) = 0.61828 after 3 iters
MPB solved for omega_1(0,2.00992,0) = 0.61828 after 1 iters
Dominant planewave for band 1: (0.000000,2.009918,0.000000)
MPB solved for omega_1(0,2.16041,0) = 0.660393 after 29 iters
MPB solved for omega_1(0,2.02924,0) = 0.623684 after 7 iters
MPB solved for omega_1(0,2.02915,0) = 0.623656 after 3 iters
MPB solved for omega_1(0,2.02915,0) = 0.623656 after 1 iters
Dominant planewave for band 1: (0.000000,2.029145,0.000000)
MPB solved for omega_1(0,2.17903,0) = 0.66561 after 26 iters
MPB solved for omega_1(0,2.04847,0) = 0.62906 after 7 iters
MPB solved for omega_1(0,2.04837,0) = 0.629032 after 3 iters
MPB solved for omega_1(0,2.04837,0) = 0.629032 after 1 iters
Dominant planewave for band 1: (0.000000,2.048367,0.000000)
MPB solved for omega_1(0,2.19766,0) = 0.670828 after 25 iters
MPB solved for omega_1(0,2.06768,0) = 0.634436 after 7 iters
MPB solved for omega_1(0,2.06759,0) = 0.634409 after 3 iters
MPB solved for omega_1(0,2.06759,0) = 0.634409 after 1 iters
Dominant planewave for band 1: (0.000000,2.067585,0.000000)
MPB solved for omega_1(0,2.21628,0) = 0.676047 after 33 iters
MPB solved for omega_1(0,2.08689,0) = 0.639812 after 7 iters
MPB solved for omega_1(0,2.0868,0) = 0.639785 after 3 iters
MPB solved for omega_1(0,2.0868,0) = 0.639785 after 1 iters
Dominant planewave for band 1: (0.000000,2.086799,0.000000)
MPB solved for omega_1(0,2.2349,0) = 0.681268 after 29 iters
MPB solved for omega_1(0,2.1061,0) = 0.645188 after 7 iters
MPB solved for omega_1(0,2.10601,0) = 0.645161 after 3 iters
MPB solved for omega_1(0,2.10601,0) = 0.645161 after 1 iters
Dominant planewave for band 1: (0.000000,2.106008,0.000000)
MPB solved for omega_1(0,2.25353,0) = 0.686489 after 34 iters
MPB solved for omega_1(0,2.12531,0) = 0.650564 after 7 iters
MPB solved for omega_1(0,2.12521,0) = 0.650538 after 3 iters
MPB solved for omega_1(0,2.12521,0) = 0.650538 after 1 iters
Dominant planewave for band 1: (0.000000,2.125213,0.000000)
MPB solved for omega_1(0,2.27215,0) = 0.691711 after 28 iters
MPB solved for omega_1(0,2.14451,0) = 0.65594 after 7 iters
MPB solved for omega_1(0,2.14441,0) = 0.655914 after 3 iters
MPB solved for omega_1(0,2.14441,0) = 0.655914 after 1 iters
Dominant planewave for band 1: (0.000000,2.144414,0.000000)
MPB solved for omega_1(0,2.29078,0) = 0.696935 after 28 iters
MPB solved for omega_1(0,2.1637,0) = 0.661316 after 7 iters
MPB solved for omega_1(0,2.16361,0) = 0.66129 after 3 iters
MPB solved for omega_1(0,2.16361,0) = 0.66129 after 1 iters
Dominant planewave for band 1: (0.000000,2.163611,0.000000)
MPB solved for omega_1(0,2.3094,0) = 0.70216 after 30 iters
MPB solved for omega_1(0,2.18289,0) = 0.666692 after 7 iters
MPB solved for omega_1(0,2.1828,0) = 0.666667 after 3 iters
MPB solved for omega_1(0,2.1828,0) = 0.666667 after 1 iters
Dominant planewave for band 1: (0.000000,2.182803,0.000000)
MPB solved for omega_1(0,2.32803,0) = 0.707385 after 36 iters
MPB solved for omega_1(0,2.20208,0) = 0.672068 after 7 iters
MPB solved for omega_1(0,2.20199,0) = 0.672043 after 3 iters
MPB solved for omega_1(0,2.20199,0) = 0.672043 after 1 iters
Dominant planewave for band 1: (0.000000,2.201991,0.000000)
MPB solved for omega_1(0,2.34665,0) = 0.712612 after 32 iters
MPB solved for omega_1(0,2.22126,0) = 0.677444 after 7 iters
MPB solved for omega_1(0,2.22118,0) = 0.677419 after 3 iters
MPB solved for omega_1(0,2.22118,0) = 0.677419 after 1 iters
Dominant planewave for band 1: (0.000000,2.221175,0.000000)
MPB solved for omega_1(0,2.36527,0) = 0.71784 after 26 iters
MPB solved for omega_1(0,2.24044,0) = 0.68282 after 7 iters
MPB solved for omega_1(0,2.24036,0) = 0.682796 after 3 iters
MPB solved for omega_1(0,2.24036,0) = 0.682796 after 1 iters
Dominant planewave for band 1: (0.000000,2.240355,0.000000)
MPB solved for omega_1(0,2.3839,0) = 0.723069 after 31 iters
MPB solved for omega_1(0,2.25962,0) = 0.688196 after 7 iters
MPB solved for omega_1(0,2.25953,0) = 0.688172 after 3 iters
MPB solved for omega_1(0,2.25953,0) = 0.688172 after 1 iters
Dominant planewave for band 1: (0.000000,2.259531,0.000000)
MPB solved for omega_1(0,2.40252,0) = 0.728299 after 28 iters
MPB solved for omega_1(0,2.27879,0) = 0.693572 after 6 iters
MPB solved for omega_1(0,2.2787,0) = 0.693548 after 3 iters
MPB solved for omega_1(0,2.2787,0) = 0.693548 after 1 iters
Dominant planewave for band 1: (0.000000,2.278703,0.000000)
MPB solved for omega_1(0,2.42115,0) = 0.73353 after 34 iters
MPB solved for omega_1(0,2.29795,0) = 0.698948 after 6 iters
MPB solved for omega_1(0,2.29787,0) = 0.698925 after 3 iters
MPB solved for omega_1(0,2.29787,0) = 0.698925 after 1 iters
Dominant planewave for band 1: (0.000000,2.297870,0.000000)
MPB solved for omega_1(0,2.43977,0) = 0.738762 after 24 iters
MPB solved for omega_1(0,2.31711,0) = 0.704324 after 6 iters
MPB solved for omega_1(0,2.31703,0) = 0.704301 after 3 iters
MPB solved for omega_1(0,2.31703,0) = 0.704301 after 1 iters
Dominant planewave for band 1: (0.000000,2.317033,0.000000)
MPB solved for omega_1(0,2.45839,0) = 0.743995 after 34 iters
MPB solved for omega_1(0,2.33627,0) = 0.7097 after 6 iters
MPB solved for omega_1(0,2.33619,0) = 0.709677 after 3 iters
MPB solved for omega_1(0,2.33619,0) = 0.709677 after 1 iters
Dominant planewave for band 1: (0.000000,2.336193,0.000000)
----------------------------------
Parameters: radius=8.0
Frequencies: [0.58064516 0.58602151 0.59139785 0.59677419 0.60215054 0.60752688
 0.61290323 0.61827957 0.62365591 0.62903226 0.6344086  0.63978495
 0.64516129 0.65053763 0.65591398 0.66129032 0.66666667 0.67204301
 0.67741935 0.6827957  0.68817204 0.69354839 0.69892473 0.70430108
 0.70967742]
Transmitted fraction: [0.96811397 0.96457314 0.96193938 0.95956887 0.95759774 0.95577341
 0.95425478 0.95320403 0.95259306 0.95241691 0.95263553 0.95321373
 0.95415149 0.95549316 0.95714643 0.95902923 0.96114761 0.9633693
 0.96559774 0.96780174 0.96998597 0.97210451 0.97392884 0.97520382
 0.97587294]
Reflected fraction: [5.13819074e-06 1.01448213e-06 1.44162408e-06 3.19704184e-06
 5.57674054e-06 3.77330142e-06 1.60050078e-06 3.59522481e-06
 3.02927980e-06 6.43373435e-07 9.81983571e-08 5.16601575e-07
 1.56090634e-06 1.90145011e-06 2.31550842e-06 9.05986609e-07
 2.35855657e-06 7.24505617e-06 1.22082874e-06 5.41079280e-06
 1.17105345e-05 4.14269498e-06 2.15620836e-05 2.37287823e-05
 2.37353086e-04]

Elapsed run time = 238.8169 s
