My SLURM_ARRAY_JOB_ID is 916905.
My SLURM_ARRAY_TASK_ID is 3
Executing on the machine: adroit-12
Using MPI version 3.1, 4 processes
Meep version: 1.12.0
Chosen parameters: Namespace(radius=3.0)
Produced file /tmp/tmpydxwwhuv.gds.
-----------
Initializing structure...
Splitting into 4 chunks evenly
time for choose_chunkdivision = 0.00563002 s
Working in 2D dimensions.
Computational cell is 6.4 x 6.4 x 0 with resolution 100
     prism, center = (1.90628,-1.09372,0)
          height 20, axis (0,0,1), 122 vertices:
          (2.75,-3,-10)
          (2.749,-2.933,-10)
          (2.747,-2.865,-10)
          (2.743,-2.798,-10)
          (2.737,-2.73,-10)
          (2.729,-2.663,-10)
          (2.72,-2.596,-10)
          (2.71,-2.53,-10)
          (2.697,-2.464,-10)
          (2.683,-2.397,-10)
          (2.668,-2.332,-10)
          (2.632,-2.202,-10)
          (2.611,-2.137,-10)
          (2.589,-2.074,-10)
          (2.566,-2.01,-10)
          (2.541,-1.948,-10)
          (2.514,-1.886,-10)
          (2.486,-1.824,-10)
          (2.456,-1.764,-10)
          (2.425,-1.704,-10)
          (2.393,-1.645,-10)
          (2.359,-1.586,-10)
          (2.287,-1.472,-10)
          (2.209,-1.362,-10)
          (2.168,-1.308,-10)
          (2.126,-1.255,-10)
          (2.038,-1.153,-10)
          (1.992,-1.104,-10)
          (1.945,-1.055,-10)
          (1.896,-1.008,-10)
          (1.847,-0.962,-10)
          (1.745,-0.874,-10)
          (1.692,-0.832,-10)
          (1.638,-0.791,-10)
          (1.528,-0.713,-10)
          (1.414,-0.641,-10)
          (1.355,-0.607,-10)
          (1.296,-0.575,-10)
          (1.236,-0.544,-10)
          (1.176,-0.514,-10)
          (1.114,-0.486,-10)
          (1.052,-0.459,-10)
          (0.99,-0.434,-10)
          (0.926,-0.411,-10)
          (0.863,-0.389,-10)
          (0.798,-0.368,-10)
          (0.668,-0.332,-10)
          (0.603,-0.317,-10)
          (0.536,-0.303,-10)
          (0.47,-0.29,-10)
          (0.404,-0.28,-10)
          (0.337,-0.271,-10)
          (0.27,-0.263,-10)
          (0.202,-0.257,-10)
          (0.135,-0.253,-10)
          (0.067,-0.251,-10)
          (0,-0.25,-10)
          (0,0.25,-10)
          (0.08,0.249,-10)
          (0.159,0.246,-10)
          (0.239,0.241,-10)
          (0.319,0.234,-10)
          (0.398,0.226,-10)
          (0.477,0.215,-10)
          (0.556,0.202,-10)
          (0.634,0.188,-10)
          (0.712,0.171,-10)
          (0.79,0.153,-10)
          (0.867,0.132,-10)
          (0.943,0.11,-10)
          (1.019,0.086,-10)
          (1.095,0.06,-10)
          (1.17,0.032,-10)
          (1.244,0.003,-10)
          (1.317,-0.029,-10)
          (1.39,-0.062,-10)
          (1.461,-0.097,-10)
          (1.532,-0.134,-10)
          (1.602,-0.172,-10)
          (1.671,-0.212,-10)
          (1.739,-0.254,-10)
          (1.806,-0.298,-10)
          (1.871,-0.343,-10)
          (1.936,-0.39,-10)
          (2,-0.438,-10)
          (2.062,-0.488,-10)
          (2.123,-0.539,-10)
          (2.183,-0.592,-10)
          (2.241,-0.646,-10)
          (2.298,-0.702,-10)
          (2.354,-0.759,-10)
          (2.408,-0.817,-10)
          (2.461,-0.877,-10)
          (2.512,-0.938,-10)
          (2.562,-1,-10)
          (2.61,-1.064,-10)
          (2.657,-1.129,-10)
          (2.702,-1.194,-10)
          (2.746,-1.261,-10)
          (2.788,-1.329,-10)
          (2.828,-1.398,-10)
          (2.866,-1.468,-10)
          (2.903,-1.539,-10)
          (2.938,-1.61,-10)
          (2.971,-1.683,-10)
          (3.003,-1.756,-10)
          (3.032,-1.83,-10)
          (3.06,-1.905,-10)
          (3.086,-1.981,-10)
          (3.11,-2.057,-10)
          (3.132,-2.133,-10)
          (3.153,-2.21,-10)
          (3.171,-2.288,-10)
          (3.188,-2.366,-10)
          (3.202,-2.444,-10)
          (3.215,-2.523,-10)
          (3.226,-2.602,-10)
          (3.234,-2.681,-10)
          (3.241,-2.761,-10)
          (3.246,-2.841,-10)
          (3.249,-2.92,-10)
          (3.25,-3,-10)
          dielectric constant epsilon diagonal = (12,12,12)
     prism, center = (-0.6,0,0)
          height 20, axis (0,0,1), 4 vertices:
          (-1.2,-0.25,-10)
          (-1.2,0.25,-10)
          (0,0.25,-10)
          (0,-0.25,-10)
          dielectric constant epsilon diagonal = (12,12,12)
     prism, center = (3,-3.6,0)
          height 20, axis (0,0,1), 4 vertices:
          (2.75,-4.2,-10)
          (2.75,-3,-10)
          (3.25,-3,-10)
          (3.25,-4.2,-10)
          dielectric constant epsilon diagonal = (12,12,12)
time for set_epsilon = 0.683203 s
-----------
MPB solved for omega_1(2.2349,0,0) = 0.682374 after 32 iters
MPB solved for omega_1(2.10209,0,0) = 0.645189 after 9 iters
MPB solved for omega_1(2.10199,0,0) = 0.645161 after 4 iters
MPB solved for omega_1(2.10199,0,0) = 0.645161 after 1 iters
Stop condition: decay to 0.1% of peak value in the last 15.5 time units.
on time step 784 (time=3.92), 0.00510466 s/step
on time step 1765 (time=8.825), 0.00407844 s/step
on time step 2959 (time=14.795), 0.00335187 s/step
field decay(t = 15.505): 6.2444538572956594e-12 / 6.2444538572956594e-12 = 1.0
on time step 4556 (time=22.78), 0.00250536 s/step
on time step 6144 (time=30.72), 0.00251995 s/step
field decay(t = 31.01): 6.42882420392718e-05 / 6.42882420392718e-05 = 1.0
on time step 7743 (time=38.715), 0.00250299 s/step
field decay(t = 46.515): 0.6183688237575665 / 0.6183688237575665 = 1.0
on time step 9338 (time=46.69), 0.0025087 s/step
on time step 10934 (time=54.67), 0.00250711 s/step
field decay(t = 62.02): 3.5651536769907115 / 3.5651536769907115 = 1.0
on time step 12611 (time=63.055), 0.00238601 s/step
on time step 14300 (time=71.5), 0.00236957 s/step
field decay(t = 77.525): 1.9688347679607052 / 3.5651536769907115 = 0.5522440114341907
on time step 15974 (time=79.87), 0.00238955 s/step
on time step 17626 (time=88.13), 0.00242233 s/step
field decay(t = 93.03): 0.0017187492285170591 / 3.5651536769907115 = 0.0004820968138371605
Normalizing field data...
run 0 finished at t = 93.03 (18606 timesteps)
Generating MP4...
MPB solved for omega_1(2.01141,0,0) = 0.618698 after 27 iters
MPB solved for omega_1(1.87532,0,0) = 0.580676 after 10 iters
MPB solved for omega_1(1.87521,0,0) = 0.580645 after 4 iters
MPB solved for omega_1(1.87521,0,0) = 0.580645 after 1 iters
Dominant planewave for band 1: (1.875210,-0.000000,0.000000)
MPB solved for omega_1(2.03004,0,0) = 0.623906 after 31 iters
MPB solved for omega_1(1.89458,0,0) = 0.586052 after 10 iters
MPB solved for omega_1(1.89447,0,0) = 0.586022 after 4 iters
MPB solved for omega_1(1.89447,0,0) = 0.586022 after 1 iters
Dominant planewave for band 1: (1.894467,-0.000000,0.000000)
MPB solved for omega_1(2.04866,0,0) = 0.629115 after 31 iters
MPB solved for omega_1(1.91383,0,0) = 0.591428 after 10 iters
MPB solved for omega_1(1.91372,0,0) = 0.591398 after 4 iters
MPB solved for omega_1(1.91372,0,0) = 0.591398 after 1 iters
Dominant planewave for band 1: (1.913720,-0.000000,0.000000)
MPB solved for omega_1(2.06729,0,0) = 0.634325 after 28 iters
MPB solved for omega_1(1.93307,0,0) = 0.596804 after 10 iters
MPB solved for omega_1(1.93297,0,0) = 0.596774 after 4 iters
MPB solved for omega_1(1.93297,0,0) = 0.596774 after 1 iters
Dominant planewave for band 1: (1.932968,-0.000000,0.000000)
MPB solved for omega_1(2.08591,0,0) = 0.639536 after 28 iters
MPB solved for omega_1(1.95232,0,0) = 0.60218 after 10 iters
MPB solved for omega_1(1.95221,0,0) = 0.602151 after 4 iters
MPB solved for omega_1(1.95221,0,0) = 0.602151 after 1 iters
Dominant planewave for band 1: (1.952212,-0.000000,0.000000)
MPB solved for omega_1(2.10453,0,0) = 0.644749 after 32 iters
MPB solved for omega_1(1.97156,0,0) = 0.607556 after 10 iters
MPB solved for omega_1(1.97145,0,0) = 0.607527 after 4 iters
MPB solved for omega_1(1.97145,0,0) = 0.607527 after 1 iters
Dominant planewave for band 1: (1.971452,-0.000000,0.000000)
MPB solved for omega_1(2.12316,0,0) = 0.649962 after 27 iters
MPB solved for omega_1(1.99079,0,0) = 0.612932 after 10 iters
MPB solved for omega_1(1.99069,0,0) = 0.612903 after 4 iters
MPB solved for omega_1(1.99069,0,0) = 0.612903 after 1 iters
Dominant planewave for band 1: (1.990687,-0.000000,0.000000)
MPB solved for omega_1(2.14178,0,0) = 0.655177 after 26 iters
MPB solved for omega_1(2.01002,0,0) = 0.618308 after 10 iters
MPB solved for omega_1(2.00992,0,0) = 0.61828 after 4 iters
MPB solved for omega_1(2.00992,0,0) = 0.61828 after 1 iters
Dominant planewave for band 1: (2.009918,-0.000000,0.000000)
MPB solved for omega_1(2.16041,0,0) = 0.660393 after 25 iters
MPB solved for omega_1(2.02924,0,0) = 0.623684 after 10 iters
MPB solved for omega_1(2.02915,0,0) = 0.623656 after 3 iters
MPB solved for omega_1(2.02915,0,0) = 0.623656 after 1 iters
Dominant planewave for band 1: (2.029145,-0.000000,0.000000)
MPB solved for omega_1(2.17903,0,0) = 0.66561 after 32 iters
MPB solved for omega_1(2.04847,0,0) = 0.62906 after 10 iters
MPB solved for omega_1(2.04837,0,0) = 0.629032 after 3 iters
MPB solved for omega_1(2.04837,0,0) = 0.629032 after 1 iters
Dominant planewave for band 1: (2.048367,-0.000000,0.000000)
MPB solved for omega_1(2.19766,0,0) = 0.670828 after 29 iters
MPB solved for omega_1(2.06768,0,0) = 0.634436 after 10 iters
MPB solved for omega_1(2.06759,0,0) = 0.634409 after 3 iters
MPB solved for omega_1(2.06759,0,0) = 0.634409 after 1 iters
Dominant planewave for band 1: (2.067585,-0.000000,0.000000)
MPB solved for omega_1(2.21628,0,0) = 0.676047 after 37 iters
MPB solved for omega_1(2.08689,0,0) = 0.639812 after 10 iters
MPB solved for omega_1(2.0868,0,0) = 0.639785 after 3 iters
MPB solved for omega_1(2.0868,0,0) = 0.639785 after 1 iters
Dominant planewave for band 1: (2.086799,-0.000000,0.000000)
MPB solved for omega_1(2.2349,0,0) = 0.681268 after 36 iters
MPB solved for omega_1(2.1061,0,0) = 0.645188 after 10 iters
MPB solved for omega_1(2.10601,0,0) = 0.645161 after 3 iters
MPB solved for omega_1(2.10601,0,0) = 0.645161 after 1 iters
Dominant planewave for band 1: (2.106008,-0.000000,0.000000)
MPB solved for omega_1(2.25353,0,0) = 0.686489 after 28 iters
MPB solved for omega_1(2.12531,0,0) = 0.650564 after 10 iters
MPB solved for omega_1(2.12521,0,0) = 0.650538 after 3 iters
MPB solved for omega_1(2.12521,0,0) = 0.650538 after 1 iters
Dominant planewave for band 1: (2.125213,-0.000000,0.000000)
MPB solved for omega_1(2.27215,0,0) = 0.691711 after 37 iters
MPB solved for omega_1(2.14451,0,0) = 0.65594 after 10 iters
MPB solved for omega_1(2.14441,0,0) = 0.655914 after 3 iters
MPB solved for omega_1(2.14441,0,0) = 0.655914 after 1 iters
Dominant planewave for band 1: (2.144414,-0.000000,0.000000)
MPB solved for omega_1(2.29078,0,0) = 0.696935 after 27 iters
MPB solved for omega_1(2.1637,0,0) = 0.661316 after 10 iters
MPB solved for omega_1(2.16361,0,0) = 0.66129 after 3 iters
MPB solved for omega_1(2.16361,0,0) = 0.66129 after 1 iters
Dominant planewave for band 1: (2.163611,-0.000000,0.000000)
MPB solved for omega_1(2.3094,0,0) = 0.70216 after 28 iters
MPB solved for omega_1(2.18289,0,0) = 0.666692 after 10 iters
MPB solved for omega_1(2.1828,0,0) = 0.666667 after 3 iters
MPB solved for omega_1(2.1828,0,0) = 0.666667 after 1 iters
Dominant planewave for band 1: (2.182803,-0.000000,0.000000)
MPB solved for omega_1(2.32803,0,0) = 0.707385 after 33 iters
MPB solved for omega_1(2.20208,0,0) = 0.672068 after 10 iters
MPB solved for omega_1(2.20199,0,0) = 0.672043 after 3 iters
MPB solved for omega_1(2.20199,0,0) = 0.672043 after 1 iters
Dominant planewave for band 1: (2.201991,-0.000000,0.000000)
MPB solved for omega_1(2.34665,0,0) = 0.712612 after 33 iters
MPB solved for omega_1(2.22126,0,0) = 0.677444 after 10 iters
MPB solved for omega_1(2.22118,0,0) = 0.677419 after 3 iters
MPB solved for omega_1(2.22118,0,0) = 0.677419 after 1 iters
Dominant planewave for band 1: (2.221175,-0.000000,0.000000)
MPB solved for omega_1(2.36527,0,0) = 0.71784 after 39 iters
MPB solved for omega_1(2.24044,0,0) = 0.68282 after 10 iters
MPB solved for omega_1(2.24036,0,0) = 0.682796 after 3 iters
MPB solved for omega_1(2.24036,0,0) = 0.682796 after 1 iters
Dominant planewave for band 1: (2.240355,-0.000000,0.000000)
MPB solved for omega_1(2.3839,0,0) = 0.723069 after 35 iters
MPB solved for omega_1(2.25962,0,0) = 0.688196 after 10 iters
MPB solved for omega_1(2.25953,0,0) = 0.688172 after 3 iters
MPB solved for omega_1(2.25953,0,0) = 0.688172 after 1 iters
Dominant planewave for band 1: (2.259531,-0.000000,0.000000)
MPB solved for omega_1(2.40252,0,0) = 0.728299 after 33 iters
MPB solved for omega_1(2.27879,0,0) = 0.693572 after 10 iters
MPB solved for omega_1(2.2787,0,0) = 0.693548 after 3 iters
MPB solved for omega_1(2.2787,0,0) = 0.693548 after 1 iters
Dominant planewave for band 1: (2.278703,-0.000000,0.000000)
MPB solved for omega_1(2.42115,0,0) = 0.73353 after 37 iters
MPB solved for omega_1(2.29795,0,0) = 0.698948 after 10 iters
MPB solved for omega_1(2.29787,0,0) = 0.698925 after 3 iters
MPB solved for omega_1(2.29787,0,0) = 0.698925 after 1 iters
Dominant planewave for band 1: (2.297870,-0.000000,0.000000)
MPB solved for omega_1(2.43977,0,0) = 0.738762 after 36 iters
MPB solved for omega_1(2.31711,0,0) = 0.704324 after 10 iters
MPB solved for omega_1(2.31703,0,0) = 0.704301 after 3 iters
MPB solved for omega_1(2.31703,0,0) = 0.704301 after 1 iters
Dominant planewave for band 1: (2.317033,-0.000000,0.000000)
MPB solved for omega_1(2.45839,0,0) = 0.743995 after 28 iters
MPB solved for omega_1(2.33627,0,0) = 0.7097 after 10 iters
MPB solved for omega_1(2.33619,0,0) = 0.709677 after 3 iters
MPB solved for omega_1(2.33619,0,0) = 0.709677 after 1 iters
Dominant planewave for band 1: (2.336193,-0.000000,0.000000)
MPB solved for omega_1(0,2.01141,0) = 0.618698 after 21 iters
MPB solved for omega_1(0,1.87532,0) = 0.580676 after 7 iters
MPB solved for omega_1(0,1.87521,0) = 0.580645 after 3 iters
MPB solved for omega_1(0,1.87521,0) = 0.580645 after 1 iters
Dominant planewave for band 1: (0.000000,1.875210,0.000000)
MPB solved for omega_1(0,2.03004,0) = 0.623906 after 25 iters
MPB solved for omega_1(0,1.89458,0) = 0.586052 after 7 iters
MPB solved for omega_1(0,1.89447,0) = 0.586022 after 3 iters
MPB solved for omega_1(0,1.89447,0) = 0.586022 after 1 iters
Dominant planewave for band 1: (0.000000,1.894467,0.000000)
MPB solved for omega_1(0,2.04866,0) = 0.629115 after 29 iters
MPB solved for omega_1(0,1.91383,0) = 0.591428 after 7 iters
MPB solved for omega_1(0,1.91372,0) = 0.591398 after 3 iters
MPB solved for omega_1(0,1.91372,0) = 0.591398 after 1 iters
Dominant planewave for band 1: (0.000000,1.913720,0.000000)
MPB solved for omega_1(0,2.06729,0) = 0.634325 after 25 iters
MPB solved for omega_1(0,1.93307,0) = 0.596804 after 7 iters
MPB solved for omega_1(0,1.93297,0) = 0.596774 after 3 iters
MPB solved for omega_1(0,1.93297,0) = 0.596774 after 1 iters
Dominant planewave for band 1: (0.000000,1.932968,0.000000)
MPB solved for omega_1(0,2.08591,0) = 0.639536 after 26 iters
MPB solved for omega_1(0,1.95232,0) = 0.60218 after 7 iters
MPB solved for omega_1(0,1.95221,0) = 0.602151 after 3 iters
MPB solved for omega_1(0,1.95221,0) = 0.602151 after 1 iters
Dominant planewave for band 1: (0.000000,1.952212,0.000000)
MPB solved for omega_1(0,2.10453,0) = 0.644749 after 25 iters
MPB solved for omega_1(0,1.97156,0) = 0.607556 after 7 iters
MPB solved for omega_1(0,1.97145,0) = 0.607527 after 3 iters
MPB solved for omega_1(0,1.97145,0) = 0.607527 after 1 iters
Dominant planewave for band 1: (0.000000,1.971452,0.000000)
MPB solved for omega_1(0,2.12316,0) = 0.649962 after 29 iters
MPB solved for omega_1(0,1.99079,0) = 0.612932 after 7 iters
MPB solved for omega_1(0,1.99069,0) = 0.612903 after 3 iters
MPB solved for omega_1(0,1.99069,0) = 0.612903 after 1 iters
Dominant planewave for band 1: (0.000000,1.990687,0.000000)
MPB solved for omega_1(0,2.14178,0) = 0.655177 after 25 iters
MPB solved for omega_1(0,2.01002,0) = 0.618308 after 7 iters
MPB solved for omega_1(0,2.00992,0) = 0.61828 after 3 iters
MPB solved for omega_1(0,2.00992,0) = 0.61828 after 1 iters
Dominant planewave for band 1: (0.000000,2.009918,0.000000)
MPB solved for omega_1(0,2.16041,0) = 0.660393 after 29 iters
MPB solved for omega_1(0,2.02924,0) = 0.623684 after 7 iters
MPB solved for omega_1(0,2.02915,0) = 0.623656 after 3 iters
MPB solved for omega_1(0,2.02915,0) = 0.623656 after 1 iters
Dominant planewave for band 1: (0.000000,2.029145,0.000000)
MPB solved for omega_1(0,2.17903,0) = 0.66561 after 26 iters
MPB solved for omega_1(0,2.04847,0) = 0.62906 after 7 iters
MPB solved for omega_1(0,2.04837,0) = 0.629032 after 3 iters
MPB solved for omega_1(0,2.04837,0) = 0.629032 after 1 iters
Dominant planewave for band 1: (0.000000,2.048367,0.000000)
MPB solved for omega_1(0,2.19766,0) = 0.670828 after 25 iters
MPB solved for omega_1(0,2.06768,0) = 0.634436 after 7 iters
MPB solved for omega_1(0,2.06759,0) = 0.634409 after 3 iters
MPB solved for omega_1(0,2.06759,0) = 0.634409 after 1 iters
Dominant planewave for band 1: (0.000000,2.067585,0.000000)
MPB solved for omega_1(0,2.21628,0) = 0.676047 after 33 iters
MPB solved for omega_1(0,2.08689,0) = 0.639812 after 7 iters
MPB solved for omega_1(0,2.0868,0) = 0.639785 after 3 iters
MPB solved for omega_1(0,2.0868,0) = 0.639785 after 1 iters
Dominant planewave for band 1: (0.000000,2.086799,0.000000)
MPB solved for omega_1(0,2.2349,0) = 0.681268 after 29 iters
MPB solved for omega_1(0,2.1061,0) = 0.645188 after 7 iters
MPB solved for omega_1(0,2.10601,0) = 0.645161 after 3 iters
MPB solved for omega_1(0,2.10601,0) = 0.645161 after 1 iters
Dominant planewave for band 1: (0.000000,2.106008,0.000000)
MPB solved for omega_1(0,2.25353,0) = 0.686489 after 34 iters
MPB solved for omega_1(0,2.12531,0) = 0.650564 after 7 iters
MPB solved for omega_1(0,2.12521,0) = 0.650538 after 3 iters
MPB solved for omega_1(0,2.12521,0) = 0.650538 after 1 iters
Dominant planewave for band 1: (0.000000,2.125213,0.000000)
MPB solved for omega_1(0,2.27215,0) = 0.691711 after 28 iters
MPB solved for omega_1(0,2.14451,0) = 0.65594 after 7 iters
MPB solved for omega_1(0,2.14441,0) = 0.655914 after 3 iters
MPB solved for omega_1(0,2.14441,0) = 0.655914 after 1 iters
Dominant planewave for band 1: (0.000000,2.144414,0.000000)
MPB solved for omega_1(0,2.29078,0) = 0.696935 after 28 iters
MPB solved for omega_1(0,2.1637,0) = 0.661316 after 7 iters
MPB solved for omega_1(0,2.16361,0) = 0.66129 after 3 iters
MPB solved for omega_1(0,2.16361,0) = 0.66129 after 1 iters
Dominant planewave for band 1: (0.000000,2.163611,0.000000)
MPB solved for omega_1(0,2.3094,0) = 0.70216 after 30 iters
MPB solved for omega_1(0,2.18289,0) = 0.666692 after 7 iters
MPB solved for omega_1(0,2.1828,0) = 0.666667 after 3 iters
MPB solved for omega_1(0,2.1828,0) = 0.666667 after 1 iters
Dominant planewave for band 1: (0.000000,2.182803,0.000000)
MPB solved for omega_1(0,2.32803,0) = 0.707385 after 36 iters
MPB solved for omega_1(0,2.20208,0) = 0.672068 after 7 iters
MPB solved for omega_1(0,2.20199,0) = 0.672043 after 3 iters
MPB solved for omega_1(0,2.20199,0) = 0.672043 after 1 iters
Dominant planewave for band 1: (0.000000,2.201991,0.000000)
MPB solved for omega_1(0,2.34665,0) = 0.712612 after 32 iters
MPB solved for omega_1(0,2.22126,0) = 0.677444 after 7 iters
MPB solved for omega_1(0,2.22118,0) = 0.677419 after 3 iters
MPB solved for omega_1(0,2.22118,0) = 0.677419 after 1 iters
Dominant planewave for band 1: (0.000000,2.221175,0.000000)
MPB solved for omega_1(0,2.36527,0) = 0.71784 after 26 iters
MPB solved for omega_1(0,2.24044,0) = 0.68282 after 7 iters
MPB solved for omega_1(0,2.24036,0) = 0.682796 after 3 iters
MPB solved for omega_1(0,2.24036,0) = 0.682796 after 1 iters
Dominant planewave for band 1: (0.000000,2.240355,0.000000)
MPB solved for omega_1(0,2.3839,0) = 0.723069 after 31 iters
MPB solved for omega_1(0,2.25962,0) = 0.688196 after 7 iters
MPB solved for omega_1(0,2.25953,0) = 0.688172 after 3 iters
MPB solved for omega_1(0,2.25953,0) = 0.688172 after 1 iters
Dominant planewave for band 1: (0.000000,2.259531,0.000000)
MPB solved for omega_1(0,2.40252,0) = 0.728299 after 28 iters
MPB solved for omega_1(0,2.27879,0) = 0.693572 after 6 iters
MPB solved for omega_1(0,2.2787,0) = 0.693548 after 3 iters
MPB solved for omega_1(0,2.2787,0) = 0.693548 after 1 iters
Dominant planewave for band 1: (0.000000,2.278703,0.000000)
MPB solved for omega_1(0,2.42115,0) = 0.73353 after 34 iters
MPB solved for omega_1(0,2.29795,0) = 0.698948 after 6 iters
MPB solved for omega_1(0,2.29787,0) = 0.698925 after 3 iters
MPB solved for omega_1(0,2.29787,0) = 0.698925 after 1 iters
Dominant planewave for band 1: (0.000000,2.297870,0.000000)
MPB solved for omega_1(0,2.43977,0) = 0.738762 after 24 iters
MPB solved for omega_1(0,2.31711,0) = 0.704324 after 6 iters
MPB solved for omega_1(0,2.31703,0) = 0.704301 after 3 iters
MPB solved for omega_1(0,2.31703,0) = 0.704301 after 1 iters
Dominant planewave for band 1: (0.000000,2.317033,0.000000)
MPB solved for omega_1(0,2.45839,0) = 0.743995 after 34 iters
MPB solved for omega_1(0,2.33627,0) = 0.7097 after 6 iters
MPB solved for omega_1(0,2.33619,0) = 0.709677 after 3 iters
MPB solved for omega_1(0,2.33619,0) = 0.709677 after 1 iters
Dominant planewave for band 1: (0.000000,2.336193,0.000000)
----------------------------------
Parameters: radius=3.0
Frequencies: [0.58064516 0.58602151 0.59139785 0.59677419 0.60215054 0.60752688
 0.61290323 0.61827957 0.62365591 0.62903226 0.6344086  0.63978495
 0.64516129 0.65053763 0.65591398 0.66129032 0.66666667 0.67204301
 0.67741935 0.6827957  0.68817204 0.69354839 0.69892473 0.70430108
 0.70967742]
Transmitted fraction: [0.94092967 0.94262013 0.94450223 0.94659191 0.94875497 0.95091655
 0.95305949 0.95517764 0.95726318 0.95931225 0.9613207  0.96327381
 0.96514677 0.96691812 0.96858071 0.97013731 0.97158565 0.97290998
 0.97408761 0.97510028 0.97593569 0.97658783 0.9770848  0.97753028
 0.97801519]
Reflected fraction: [3.32593998e-06 2.22199723e-06 1.42343090e-06 1.45525038e-06
 2.59283029e-06 4.44307794e-06 6.09250788e-06 6.81617627e-06
 6.50797534e-06 5.50268727e-06 4.17123338e-06 2.74614481e-06
 1.42353091e-06 4.65158101e-07 9.65698647e-08 3.02392463e-07
 7.83296778e-07 1.17002640e-06 1.28423602e-06 1.18199865e-06
 1.01614325e-06 9.61241463e-07 1.13536153e-06 1.27534441e-06
 8.90171915e-07]

Elapsed run time = 74.8898 s
