My SLURM_ARRAY_JOB_ID is 916905.
My SLURM_ARRAY_TASK_ID is 1
Executing on the machine: adroit-12
Using MPI version 3.1, 4 processes
Meep version: 1.12.0
Chosen parameters: Namespace(radius=2.0)
Produced file /tmp/tmpbwpec9oj.gds.
-----------
Initializing structure...
Splitting into 4 chunks evenly
time for choose_chunkdivision = 0.00452399 s
Working in 2D dimensions.
Computational cell is 5.4 x 5.4 x 0 with resolution 100
     prism, center = (1.27411,-0.725892,0)
          height 20, axis (0,0,1), 111 vertices:
          (1.75,-2,-10)
          (1.748,-1.914,-10)
          (1.742,-1.828,-10)
          (1.737,-1.786,-10)
          (1.731,-1.743,-10)
          (1.724,-1.701,-10)
          (1.716,-1.659,-10)
          (1.698,-1.575,-10)
          (1.687,-1.533,-10)
          (1.675,-1.492,-10)
          (1.662,-1.451,-10)
          (1.648,-1.41,-10)
          (1.633,-1.37,-10)
          (1.617,-1.33,-10)
          (1.6,-1.291,-10)
          (1.582,-1.252,-10)
          (1.563,-1.213,-10)
          (1.523,-1.137,-10)
          (1.501,-1.1,-10)
          (1.455,-1.028,-10)
          (1.431,-0.992,-10)
          (1.406,-0.958,-10)
          (1.38,-0.923,-10)
          (1.353,-0.89,-10)
          (1.325,-0.857,-10)
          (1.297,-0.825,-10)
          (1.267,-0.793,-10)
          (1.207,-0.733,-10)
          (1.175,-0.703,-10)
          (1.143,-0.675,-10)
          (1.11,-0.647,-10)
          (1.077,-0.62,-10)
          (1.042,-0.594,-10)
          (1.008,-0.569,-10)
          (0.972,-0.545,-10)
          (0.9,-0.499,-10)
          (0.863,-0.477,-10)
          (0.787,-0.437,-10)
          (0.748,-0.418,-10)
          (0.709,-0.4,-10)
          (0.67,-0.383,-10)
          (0.63,-0.367,-10)
          (0.59,-0.352,-10)
          (0.549,-0.338,-10)
          (0.508,-0.325,-10)
          (0.467,-0.313,-10)
          (0.425,-0.302,-10)
          (0.341,-0.284,-10)
          (0.299,-0.276,-10)
          (0.257,-0.269,-10)
          (0.214,-0.263,-10)
          (0.172,-0.258,-10)
          (0.086,-0.252,-10)
          (0,-0.25,-10)
          (0,0.25,-10)
          (0.055,0.249,-10)
          (0.11,0.247,-10)
          (0.166,0.244,-10)
          (0.221,0.239,-10)
          (0.275,0.233,-10)
          (0.33,0.226,-10)
          (0.385,0.217,-10)
          (0.439,0.207,-10)
          (0.547,0.183,-10)
          (0.653,0.153,-10)
          (0.706,0.136,-10)
          (0.758,0.118,-10)
          (0.81,0.099,-10)
          (0.861,0.079,-10)
          (0.912,0.057,-10)
          (0.962,0.034,-10)
          (1.012,0.01,-10)
          (1.061,-0.016,-10)
          (1.109,-0.042,-10)
          (1.157,-0.07,-10)
          (1.204,-0.099,-10)
          (1.25,-0.129,-10)
          (1.296,-0.16,-10)
          (1.384,-0.226,-10)
          (1.47,-0.296,-10)
          (1.511,-0.333,-10)
          (1.551,-0.37,-10)
          (1.591,-0.409,-10)
          (1.63,-0.449,-10)
          (1.667,-0.489,-10)
          (1.704,-0.53,-10)
          (1.774,-0.616,-10)
          (1.84,-0.704,-10)
          (1.871,-0.75,-10)
          (1.901,-0.796,-10)
          (1.93,-0.843,-10)
          (1.958,-0.891,-10)
          (1.984,-0.939,-10)
          (2.01,-0.988,-10)
          (2.034,-1.038,-10)
          (2.057,-1.088,-10)
          (2.079,-1.139,-10)
          (2.099,-1.19,-10)
          (2.118,-1.242,-10)
          (2.136,-1.294,-10)
          (2.153,-1.347,-10)
          (2.183,-1.453,-10)
          (2.207,-1.561,-10)
          (2.217,-1.615,-10)
          (2.226,-1.67,-10)
          (2.233,-1.725,-10)
          (2.239,-1.779,-10)
          (2.244,-1.834,-10)
          (2.247,-1.89,-10)
          (2.249,-1.945,-10)
          (2.25,-2,-10)
          dielectric constant epsilon diagonal = (12,12,12)
     prism, center = (-0.6,0,0)
          height 20, axis (0,0,1), 4 vertices:
          (-1.2,-0.25,-10)
          (-1.2,0.25,-10)
          (0,0.25,-10)
          (0,-0.25,-10)
          dielectric constant epsilon diagonal = (12,12,12)
     prism, center = (2,-2.6,0)
          height 20, axis (0,0,1), 4 vertices:
          (1.75,-3.2,-10)
          (1.75,-2,-10)
          (2.25,-2,-10)
          (2.25,-3.2,-10)
          dielectric constant epsilon diagonal = (12,12,12)
time for set_epsilon = 0.456934 s
-----------
MPB solved for omega_1(2.2349,0,0) = 0.682374 after 32 iters
MPB solved for omega_1(2.10209,0,0) = 0.645189 after 9 iters
MPB solved for omega_1(2.10199,0,0) = 0.645161 after 4 iters
MPB solved for omega_1(2.10199,0,0) = 0.645161 after 1 iters
Stop condition: decay to 0.1% of peak value in the last 15.5 time units.
on time step 1370 (time=6.85), 0.00291993 s/step
on time step 2987 (time=14.935), 0.00247429 s/step
field decay(t = 15.505): 1.3500980912069406e-09 / 1.3500980912069406e-09 = 1.0
on time step 4603 (time=23.015), 0.00247592 s/step
field decay(t = 31.01): 0.0020372078084053276 / 0.0020372078084053276 = 1.0
on time step 6225 (time=31.125), 0.00246759 s/step
on time step 7843 (time=39.215), 0.00247337 s/step
field decay(t = 46.515): 1.3687617009756257 / 1.3687617009756257 = 1.0
on time step 9460 (time=47.3), 0.00247426 s/step
on time step 11073 (time=55.365), 0.00248105 s/step
field decay(t = 62.02): 2.0531905218445003 / 2.0531905218445003 = 1.0
on time step 12683 (time=63.415), 0.00248556 s/step
on time step 14507 (time=72.535), 0.00219383 s/step
field decay(t = 77.525): 0.24492871548983075 / 2.0531905218445003 = 0.11929176220324506
on time step 16931 (time=84.655), 0.00165064 s/step
field decay(t = 93.03): 1.3467958337808614e-05 / 2.0531905218445003 = 6.559526841040336e-06
Normalizing field data...
run 0 finished at t = 93.03 (18606 timesteps)
Generating MP4...
MPB solved for omega_1(2.01141,0,0) = 0.618698 after 27 iters
MPB solved for omega_1(1.87532,0,0) = 0.580676 after 10 iters
MPB solved for omega_1(1.87521,0,0) = 0.580645 after 4 iters
MPB solved for omega_1(1.87521,0,0) = 0.580645 after 1 iters
Dominant planewave for band 1: (1.875210,-0.000000,0.000000)
MPB solved for omega_1(2.03004,0,0) = 0.623906 after 31 iters
MPB solved for omega_1(1.89458,0,0) = 0.586052 after 10 iters
MPB solved for omega_1(1.89447,0,0) = 0.586022 after 4 iters
MPB solved for omega_1(1.89447,0,0) = 0.586022 after 1 iters
Dominant planewave for band 1: (1.894467,-0.000000,0.000000)
MPB solved for omega_1(2.04866,0,0) = 0.629115 after 31 iters
MPB solved for omega_1(1.91383,0,0) = 0.591428 after 10 iters
MPB solved for omega_1(1.91372,0,0) = 0.591398 after 4 iters
MPB solved for omega_1(1.91372,0,0) = 0.591398 after 1 iters
Dominant planewave for band 1: (1.913720,-0.000000,0.000000)
MPB solved for omega_1(2.06729,0,0) = 0.634325 after 28 iters
MPB solved for omega_1(1.93307,0,0) = 0.596804 after 10 iters
MPB solved for omega_1(1.93297,0,0) = 0.596774 after 4 iters
MPB solved for omega_1(1.93297,0,0) = 0.596774 after 1 iters
Dominant planewave for band 1: (1.932968,-0.000000,0.000000)
MPB solved for omega_1(2.08591,0,0) = 0.639536 after 28 iters
MPB solved for omega_1(1.95232,0,0) = 0.60218 after 10 iters
MPB solved for omega_1(1.95221,0,0) = 0.602151 after 4 iters
MPB solved for omega_1(1.95221,0,0) = 0.602151 after 1 iters
Dominant planewave for band 1: (1.952212,-0.000000,0.000000)
MPB solved for omega_1(2.10453,0,0) = 0.644749 after 32 iters
MPB solved for omega_1(1.97156,0,0) = 0.607556 after 10 iters
MPB solved for omega_1(1.97145,0,0) = 0.607527 after 4 iters
MPB solved for omega_1(1.97145,0,0) = 0.607527 after 1 iters
Dominant planewave for band 1: (1.971452,-0.000000,0.000000)
MPB solved for omega_1(2.12316,0,0) = 0.649962 after 27 iters
MPB solved for omega_1(1.99079,0,0) = 0.612932 after 10 iters
MPB solved for omega_1(1.99069,0,0) = 0.612903 after 4 iters
MPB solved for omega_1(1.99069,0,0) = 0.612903 after 1 iters
Dominant planewave for band 1: (1.990687,-0.000000,0.000000)
MPB solved for omega_1(2.14178,0,0) = 0.655177 after 26 iters
MPB solved for omega_1(2.01002,0,0) = 0.618308 after 10 iters
MPB solved for omega_1(2.00992,0,0) = 0.61828 after 4 iters
MPB solved for omega_1(2.00992,0,0) = 0.61828 after 1 iters
Dominant planewave for band 1: (2.009918,-0.000000,0.000000)
MPB solved for omega_1(2.16041,0,0) = 0.660393 after 25 iters
MPB solved for omega_1(2.02924,0,0) = 0.623684 after 10 iters
MPB solved for omega_1(2.02915,0,0) = 0.623656 after 3 iters
MPB solved for omega_1(2.02915,0,0) = 0.623656 after 1 iters
Dominant planewave for band 1: (2.029145,-0.000000,0.000000)
MPB solved for omega_1(2.17903,0,0) = 0.66561 after 32 iters
MPB solved for omega_1(2.04847,0,0) = 0.62906 after 10 iters
MPB solved for omega_1(2.04837,0,0) = 0.629032 after 3 iters
MPB solved for omega_1(2.04837,0,0) = 0.629032 after 1 iters
Dominant planewave for band 1: (2.048367,-0.000000,0.000000)
MPB solved for omega_1(2.19766,0,0) = 0.670828 after 29 iters
MPB solved for omega_1(2.06768,0,0) = 0.634436 after 10 iters
MPB solved for omega_1(2.06759,0,0) = 0.634409 after 3 iters
MPB solved for omega_1(2.06759,0,0) = 0.634409 after 1 iters
Dominant planewave for band 1: (2.067585,-0.000000,0.000000)
MPB solved for omega_1(2.21628,0,0) = 0.676047 after 37 iters
MPB solved for omega_1(2.08689,0,0) = 0.639812 after 10 iters
MPB solved for omega_1(2.0868,0,0) = 0.639785 after 3 iters
MPB solved for omega_1(2.0868,0,0) = 0.639785 after 1 iters
Dominant planewave for band 1: (2.086799,-0.000000,0.000000)
MPB solved for omega_1(2.2349,0,0) = 0.681268 after 36 iters
MPB solved for omega_1(2.1061,0,0) = 0.645188 after 10 iters
MPB solved for omega_1(2.10601,0,0) = 0.645161 after 3 iters
MPB solved for omega_1(2.10601,0,0) = 0.645161 after 1 iters
Dominant planewave for band 1: (2.106008,-0.000000,0.000000)
MPB solved for omega_1(2.25353,0,0) = 0.686489 after 28 iters
MPB solved for omega_1(2.12531,0,0) = 0.650564 after 10 iters
MPB solved for omega_1(2.12521,0,0) = 0.650538 after 3 iters
MPB solved for omega_1(2.12521,0,0) = 0.650538 after 1 iters
Dominant planewave for band 1: (2.125213,-0.000000,0.000000)
MPB solved for omega_1(2.27215,0,0) = 0.691711 after 37 iters
MPB solved for omega_1(2.14451,0,0) = 0.65594 after 10 iters
MPB solved for omega_1(2.14441,0,0) = 0.655914 after 3 iters
MPB solved for omega_1(2.14441,0,0) = 0.655914 after 1 iters
Dominant planewave for band 1: (2.144414,-0.000000,0.000000)
MPB solved for omega_1(2.29078,0,0) = 0.696935 after 27 iters
MPB solved for omega_1(2.1637,0,0) = 0.661316 after 10 iters
MPB solved for omega_1(2.16361,0,0) = 0.66129 after 3 iters
MPB solved for omega_1(2.16361,0,0) = 0.66129 after 1 iters
Dominant planewave for band 1: (2.163611,-0.000000,0.000000)
MPB solved for omega_1(2.3094,0,0) = 0.70216 after 28 iters
MPB solved for omega_1(2.18289,0,0) = 0.666692 after 10 iters
MPB solved for omega_1(2.1828,0,0) = 0.666667 after 3 iters
MPB solved for omega_1(2.1828,0,0) = 0.666667 after 1 iters
Dominant planewave for band 1: (2.182803,-0.000000,0.000000)
MPB solved for omega_1(2.32803,0,0) = 0.707385 after 33 iters
MPB solved for omega_1(2.20208,0,0) = 0.672068 after 10 iters
MPB solved for omega_1(2.20199,0,0) = 0.672043 after 3 iters
MPB solved for omega_1(2.20199,0,0) = 0.672043 after 1 iters
Dominant planewave for band 1: (2.201991,-0.000000,0.000000)
MPB solved for omega_1(2.34665,0,0) = 0.712612 after 33 iters
MPB solved for omega_1(2.22126,0,0) = 0.677444 after 10 iters
MPB solved for omega_1(2.22118,0,0) = 0.677419 after 3 iters
MPB solved for omega_1(2.22118,0,0) = 0.677419 after 1 iters
Dominant planewave for band 1: (2.221175,-0.000000,0.000000)
MPB solved for omega_1(2.36527,0,0) = 0.71784 after 39 iters
MPB solved for omega_1(2.24044,0,0) = 0.68282 after 10 iters
MPB solved for omega_1(2.24036,0,0) = 0.682796 after 3 iters
MPB solved for omega_1(2.24036,0,0) = 0.682796 after 1 iters
Dominant planewave for band 1: (2.240355,-0.000000,0.000000)
MPB solved for omega_1(2.3839,0,0) = 0.723069 after 35 iters
MPB solved for omega_1(2.25962,0,0) = 0.688196 after 10 iters
MPB solved for omega_1(2.25953,0,0) = 0.688172 after 3 iters
MPB solved for omega_1(2.25953,0,0) = 0.688172 after 1 iters
Dominant planewave for band 1: (2.259531,-0.000000,0.000000)
MPB solved for omega_1(2.40252,0,0) = 0.728299 after 33 iters
MPB solved for omega_1(2.27879,0,0) = 0.693572 after 10 iters
MPB solved for omega_1(2.2787,0,0) = 0.693548 after 3 iters
MPB solved for omega_1(2.2787,0,0) = 0.693548 after 1 iters
Dominant planewave for band 1: (2.278703,-0.000000,0.000000)
MPB solved for omega_1(2.42115,0,0) = 0.73353 after 37 iters
MPB solved for omega_1(2.29795,0,0) = 0.698948 after 10 iters
MPB solved for omega_1(2.29787,0,0) = 0.698925 after 3 iters
MPB solved for omega_1(2.29787,0,0) = 0.698925 after 1 iters
Dominant planewave for band 1: (2.297870,-0.000000,0.000000)
MPB solved for omega_1(2.43977,0,0) = 0.738762 after 36 iters
MPB solved for omega_1(2.31711,0,0) = 0.704324 after 10 iters
MPB solved for omega_1(2.31703,0,0) = 0.704301 after 3 iters
MPB solved for omega_1(2.31703,0,0) = 0.704301 after 1 iters
Dominant planewave for band 1: (2.317033,-0.000000,0.000000)
MPB solved for omega_1(2.45839,0,0) = 0.743995 after 28 iters
MPB solved for omega_1(2.33627,0,0) = 0.7097 after 10 iters
MPB solved for omega_1(2.33619,0,0) = 0.709677 after 3 iters
MPB solved for omega_1(2.33619,0,0) = 0.709677 after 1 iters
Dominant planewave for band 1: (2.336193,-0.000000,0.000000)
MPB solved for omega_1(0,2.01141,0) = 0.618698 after 21 iters
MPB solved for omega_1(0,1.87532,0) = 0.580676 after 7 iters
MPB solved for omega_1(0,1.87521,0) = 0.580645 after 3 iters
MPB solved for omega_1(0,1.87521,0) = 0.580645 after 1 iters
Dominant planewave for band 1: (0.000000,1.875210,0.000000)
MPB solved for omega_1(0,2.03004,0) = 0.623906 after 25 iters
MPB solved for omega_1(0,1.89458,0) = 0.586052 after 7 iters
MPB solved for omega_1(0,1.89447,0) = 0.586022 after 3 iters
MPB solved for omega_1(0,1.89447,0) = 0.586022 after 1 iters
Dominant planewave for band 1: (0.000000,1.894467,0.000000)
MPB solved for omega_1(0,2.04866,0) = 0.629115 after 29 iters
MPB solved for omega_1(0,1.91383,0) = 0.591428 after 7 iters
MPB solved for omega_1(0,1.91372,0) = 0.591398 after 3 iters
MPB solved for omega_1(0,1.91372,0) = 0.591398 after 1 iters
Dominant planewave for band 1: (0.000000,1.913720,0.000000)
MPB solved for omega_1(0,2.06729,0) = 0.634325 after 25 iters
MPB solved for omega_1(0,1.93307,0) = 0.596804 after 7 iters
MPB solved for omega_1(0,1.93297,0) = 0.596774 after 3 iters
MPB solved for omega_1(0,1.93297,0) = 0.596774 after 1 iters
Dominant planewave for band 1: (0.000000,1.932968,0.000000)
MPB solved for omega_1(0,2.08591,0) = 0.639536 after 26 iters
MPB solved for omega_1(0,1.95232,0) = 0.60218 after 7 iters
MPB solved for omega_1(0,1.95221,0) = 0.602151 after 3 iters
MPB solved for omega_1(0,1.95221,0) = 0.602151 after 1 iters
Dominant planewave for band 1: (0.000000,1.952212,0.000000)
MPB solved for omega_1(0,2.10453,0) = 0.644749 after 25 iters
MPB solved for omega_1(0,1.97156,0) = 0.607556 after 7 iters
MPB solved for omega_1(0,1.97145,0) = 0.607527 after 3 iters
MPB solved for omega_1(0,1.97145,0) = 0.607527 after 1 iters
Dominant planewave for band 1: (0.000000,1.971452,0.000000)
MPB solved for omega_1(0,2.12316,0) = 0.649962 after 29 iters
MPB solved for omega_1(0,1.99079,0) = 0.612932 after 7 iters
MPB solved for omega_1(0,1.99069,0) = 0.612903 after 3 iters
MPB solved for omega_1(0,1.99069,0) = 0.612903 after 1 iters
Dominant planewave for band 1: (0.000000,1.990687,0.000000)
MPB solved for omega_1(0,2.14178,0) = 0.655177 after 25 iters
MPB solved for omega_1(0,2.01002,0) = 0.618308 after 7 iters
MPB solved for omega_1(0,2.00992,0) = 0.61828 after 3 iters
MPB solved for omega_1(0,2.00992,0) = 0.61828 after 1 iters
Dominant planewave for band 1: (0.000000,2.009918,0.000000)
MPB solved for omega_1(0,2.16041,0) = 0.660393 after 29 iters
MPB solved for omega_1(0,2.02924,0) = 0.623684 after 7 iters
MPB solved for omega_1(0,2.02915,0) = 0.623656 after 3 iters
MPB solved for omega_1(0,2.02915,0) = 0.623656 after 1 iters
Dominant planewave for band 1: (0.000000,2.029145,0.000000)
MPB solved for omega_1(0,2.17903,0) = 0.66561 after 26 iters
MPB solved for omega_1(0,2.04847,0) = 0.62906 after 7 iters
MPB solved for omega_1(0,2.04837,0) = 0.629032 after 3 iters
MPB solved for omega_1(0,2.04837,0) = 0.629032 after 1 iters
Dominant planewave for band 1: (0.000000,2.048367,0.000000)
MPB solved for omega_1(0,2.19766,0) = 0.670828 after 25 iters
MPB solved for omega_1(0,2.06768,0) = 0.634436 after 7 iters
MPB solved for omega_1(0,2.06759,0) = 0.634409 after 3 iters
MPB solved for omega_1(0,2.06759,0) = 0.634409 after 1 iters
Dominant planewave for band 1: (0.000000,2.067585,0.000000)
MPB solved for omega_1(0,2.21628,0) = 0.676047 after 33 iters
MPB solved for omega_1(0,2.08689,0) = 0.639812 after 7 iters
MPB solved for omega_1(0,2.0868,0) = 0.639785 after 3 iters
MPB solved for omega_1(0,2.0868,0) = 0.639785 after 1 iters
Dominant planewave for band 1: (0.000000,2.086799,0.000000)
MPB solved for omega_1(0,2.2349,0) = 0.681268 after 29 iters
MPB solved for omega_1(0,2.1061,0) = 0.645188 after 7 iters
MPB solved for omega_1(0,2.10601,0) = 0.645161 after 3 iters
MPB solved for omega_1(0,2.10601,0) = 0.645161 after 1 iters
Dominant planewave for band 1: (0.000000,2.106008,0.000000)
MPB solved for omega_1(0,2.25353,0) = 0.686489 after 34 iters
MPB solved for omega_1(0,2.12531,0) = 0.650564 after 7 iters
MPB solved for omega_1(0,2.12521,0) = 0.650538 after 3 iters
MPB solved for omega_1(0,2.12521,0) = 0.650538 after 1 iters
Dominant planewave for band 1: (0.000000,2.125213,0.000000)
MPB solved for omega_1(0,2.27215,0) = 0.691711 after 28 iters
MPB solved for omega_1(0,2.14451,0) = 0.65594 after 7 iters
MPB solved for omega_1(0,2.14441,0) = 0.655914 after 3 iters
MPB solved for omega_1(0,2.14441,0) = 0.655914 after 1 iters
Dominant planewave for band 1: (0.000000,2.144414,0.000000)
MPB solved for omega_1(0,2.29078,0) = 0.696935 after 28 iters
MPB solved for omega_1(0,2.1637,0) = 0.661316 after 7 iters
MPB solved for omega_1(0,2.16361,0) = 0.66129 after 3 iters
MPB solved for omega_1(0,2.16361,0) = 0.66129 after 1 iters
Dominant planewave for band 1: (0.000000,2.163611,0.000000)
MPB solved for omega_1(0,2.3094,0) = 0.70216 after 30 iters
MPB solved for omega_1(0,2.18289,0) = 0.666692 after 7 iters
MPB solved for omega_1(0,2.1828,0) = 0.666667 after 3 iters
MPB solved for omega_1(0,2.1828,0) = 0.666667 after 1 iters
Dominant planewave for band 1: (0.000000,2.182803,0.000000)
MPB solved for omega_1(0,2.32803,0) = 0.707385 after 36 iters
MPB solved for omega_1(0,2.20208,0) = 0.672068 after 7 iters
MPB solved for omega_1(0,2.20199,0) = 0.672043 after 3 iters
MPB solved for omega_1(0,2.20199,0) = 0.672043 after 1 iters
Dominant planewave for band 1: (0.000000,2.201991,0.000000)
MPB solved for omega_1(0,2.34665,0) = 0.712612 after 32 iters
MPB solved for omega_1(0,2.22126,0) = 0.677444 after 7 iters
MPB solved for omega_1(0,2.22118,0) = 0.677419 after 3 iters
MPB solved for omega_1(0,2.22118,0) = 0.677419 after 1 iters
Dominant planewave for band 1: (0.000000,2.221175,0.000000)
MPB solved for omega_1(0,2.36527,0) = 0.71784 after 26 iters
MPB solved for omega_1(0,2.24044,0) = 0.68282 after 7 iters
MPB solved for omega_1(0,2.24036,0) = 0.682796 after 3 iters
MPB solved for omega_1(0,2.24036,0) = 0.682796 after 1 iters
Dominant planewave for band 1: (0.000000,2.240355,0.000000)
MPB solved for omega_1(0,2.3839,0) = 0.723069 after 31 iters
MPB solved for omega_1(0,2.25962,0) = 0.688196 after 7 iters
MPB solved for omega_1(0,2.25953,0) = 0.688172 after 3 iters
MPB solved for omega_1(0,2.25953,0) = 0.688172 after 1 iters
Dominant planewave for band 1: (0.000000,2.259531,0.000000)
MPB solved for omega_1(0,2.40252,0) = 0.728299 after 28 iters
MPB solved for omega_1(0,2.27879,0) = 0.693572 after 6 iters
MPB solved for omega_1(0,2.2787,0) = 0.693548 after 3 iters
MPB solved for omega_1(0,2.2787,0) = 0.693548 after 1 iters
Dominant planewave for band 1: (0.000000,2.278703,0.000000)
MPB solved for omega_1(0,2.42115,0) = 0.73353 after 34 iters
MPB solved for omega_1(0,2.29795,0) = 0.698948 after 6 iters
MPB solved for omega_1(0,2.29787,0) = 0.698925 after 3 iters
MPB solved for omega_1(0,2.29787,0) = 0.698925 after 1 iters
Dominant planewave for band 1: (0.000000,2.297870,0.000000)
MPB solved for omega_1(0,2.43977,0) = 0.738762 after 24 iters
MPB solved for omega_1(0,2.31711,0) = 0.704324 after 6 iters
MPB solved for omega_1(0,2.31703,0) = 0.704301 after 3 iters
MPB solved for omega_1(0,2.31703,0) = 0.704301 after 1 iters
Dominant planewave for band 1: (0.000000,2.317033,0.000000)
MPB solved for omega_1(0,2.45839,0) = 0.743995 after 34 iters
MPB solved for omega_1(0,2.33627,0) = 0.7097 after 6 iters
MPB solved for omega_1(0,2.33619,0) = 0.709677 after 3 iters
MPB solved for omega_1(0,2.33619,0) = 0.709677 after 1 iters
Dominant planewave for band 1: (0.000000,2.336193,0.000000)
----------------------------------
Parameters: radius=2.0
Frequencies: [0.58064516 0.58602151 0.59139785 0.59677419 0.60215054 0.60752688
 0.61290323 0.61827957 0.62365591 0.62903226 0.6344086  0.63978495
 0.64516129 0.65053763 0.65591398 0.66129032 0.66666667 0.67204301
 0.67741935 0.6827957  0.68817204 0.69354839 0.69892473 0.70430108
 0.70967742]
Transmitted fraction: [0.77202046 0.7666573  0.7612884  0.75593071 0.75059511 0.74528968
 0.74002275 0.73480127 0.72962867 0.72450562 0.71943274 0.71441294
 0.70945189 0.70455628 0.69973097 0.69497623 0.69028655 0.68565207
 0.6810629  0.67651486 0.67201384 0.66757423 0.66320933 0.65891963
 0.65469505]
Reflected fraction: [3.36888386e-05 3.37608814e-05 2.94526226e-05 2.20135284e-05
 1.38678777e-05 7.67528253e-06 5.42360394e-06 7.81840594e-06
 1.41159590e-05 2.24135173e-05 3.02561704e-05 3.53394155e-05
 3.61156645e-05 3.21931807e-05 2.44771743e-05 1.50220909e-05
 6.57618801e-06 1.85858236e-06 2.72519707e-06 9.49623320e-06
 2.07295905e-05 3.35800395e-05 4.46608027e-05 5.11716959e-05
 5.19646397e-05]

Elapsed run time = 62.4936 s
