My SLURM_ARRAY_JOB_ID is 916905.
My SLURM_ARRAY_TASK_ID is 9
Executing on the machine: adroit-12
Using MPI version 3.1, 4 processes
Meep version: 1.12.0
Chosen parameters: Namespace(radius=6.0)
Produced file /tmp/tmp69ww3j7s.gds.
-----------
Initializing structure...
Splitting into 4 chunks evenly
time for choose_chunkdivision = 0.0404482 s
Working in 2D dimensions.
Computational cell is 9.4 x 9.4 x 0 with resolution 100
     prism, center = (3.80693,-2.19307,0)
          height 20, axis (0,0,1), 130 vertices:
          (5.75,-6,-10)
          (5.748,-5.859,-10)
          (5.743,-5.718,-10)
          (5.734,-5.577,-10)
          (5.722,-5.436,-10)
          (5.707,-5.296,-10)
          (5.688,-5.156,-10)
          (5.665,-5.017,-10)
          (5.64,-4.878,-10)
          (5.61,-4.74,-10)
          (5.578,-4.603,-10)
          (5.542,-4.466,-10)
          (5.502,-4.331,-10)
          (5.46,-4.196,-10)
          (5.414,-4.063,-10)
          (5.365,-3.931,-10)
          (5.312,-3.8,-10)
          (5.257,-3.67,-10)
          (5.198,-3.542,-10)
          (5.136,-3.415,-10)
          (5.071,-3.289,-10)
          (5.003,-3.166,-10)
          (4.932,-3.044,-10)
          (4.858,-2.924,-10)
          (4.781,-2.805,-10)
          (4.701,-2.689,-10)
          (4.618,-2.575,-10)
          (4.533,-2.462,-10)
          (4.445,-2.352,-10)
          (4.354,-2.244,-10)
          (4.26,-2.139,-10)
          (4.164,-2.035,-10)
          (4.066,-1.934,-10)
          (3.965,-1.836,-10)
          (3.861,-1.74,-10)
          (3.756,-1.646,-10)
          (3.648,-1.555,-10)
          (3.538,-1.467,-10)
          (3.425,-1.382,-10)
          (3.311,-1.299,-10)
          (3.195,-1.219,-10)
          (3.076,-1.142,-10)
          (2.956,-1.068,-10)
          (2.834,-0.997,-10)
          (2.711,-0.929,-10)
          (2.585,-0.864,-10)
          (2.458,-0.802,-10)
          (2.33,-0.743,-10)
          (2.2,-0.688,-10)
          (2.069,-0.635,-10)
          (1.937,-0.586,-10)
          (1.804,-0.54,-10)
          (1.669,-0.498,-10)
          (1.534,-0.458,-10)
          (1.397,-0.422,-10)
          (1.26,-0.39,-10)
          (1.122,-0.36,-10)
          (0.983,-0.335,-10)
          (0.844,-0.312,-10)
          (0.704,-0.293,-10)
          (0.564,-0.278,-10)
          (0.423,-0.266,-10)
          (0.282,-0.257,-10)
          (0.141,-0.252,-10)
          (0,-0.25,-10)
          (0,0.25,-10)
          (0.153,0.248,-10)
          (0.307,0.242,-10)
          (0.46,0.233,-10)
          (0.613,0.22,-10)
          (0.765,0.203,-10)
          (0.917,0.182,-10)
          (1.069,0.158,-10)
          (1.219,0.13,-10)
          (1.369,0.098,-10)
          (1.519,0.063,-10)
          (1.667,0.024,-10)
          (1.814,-0.019,-10)
          (1.961,-0.065,-10)
          (2.106,-0.115,-10)
          (2.249,-0.169,-10)
          (2.392,-0.226,-10)
          (2.533,-0.286,-10)
          (2.672,-0.35,-10)
          (2.81,-0.417,-10)
          (2.946,-0.488,-10)
          (3.081,-0.562,-10)
          (3.213,-0.639,-10)
          (3.344,-0.72,-10)
          (3.472,-0.803,-10)
          (3.599,-0.89,-10)
          (3.723,-0.98,-10)
          (3.845,-1.073,-10)
          (3.965,-1.169,-10)
          (4.082,-1.267,-10)
          (4.197,-1.369,-10)
          (4.31,-1.473,-10)
          (4.419,-1.581,-10)
          (4.527,-1.69,-10)
          (4.631,-1.803,-10)
          (4.733,-1.918,-10)
          (4.831,-2.035,-10)
          (4.927,-2.155,-10)
          (5.02,-2.277,-10)
          (5.11,-2.401,-10)
          (5.197,-2.528,-10)
          (5.28,-2.656,-10)
          (5.361,-2.787,-10)
          (5.438,-2.919,-10)
          (5.512,-3.054,-10)
          (5.583,-3.19,-10)
          (5.65,-3.328,-10)
          (5.714,-3.467,-10)
          (5.774,-3.608,-10)
          (5.831,-3.751,-10)
          (5.885,-3.894,-10)
          (5.935,-4.039,-10)
          (5.981,-4.186,-10)
          (6.024,-4.333,-10)
          (6.063,-4.481,-10)
          (6.098,-4.631,-10)
          (6.13,-4.781,-10)
          (6.158,-4.931,-10)
          (6.182,-5.083,-10)
          (6.203,-5.235,-10)
          (6.22,-5.387,-10)
          (6.233,-5.54,-10)
          (6.242,-5.693,-10)
          (6.248,-5.847,-10)
          (6.25,-6,-10)
          dielectric constant epsilon diagonal = (12,12,12)
     prism, center = (-0.6,0,0)
          height 20, axis (0,0,1), 4 vertices:
          (-1.2,-0.25,-10)
          (-1.2,0.25,-10)
          (0,0.25,-10)
          (0,-0.25,-10)
          dielectric constant epsilon diagonal = (12,12,12)
     prism, center = (6,-6.6,0)
          height 20, axis (0,0,1), 4 vertices:
          (5.75,-7.2,-10)
          (5.75,-6,-10)
          (6.25,-6,-10)
          (6.25,-7.2,-10)
          dielectric constant epsilon diagonal = (12,12,12)
time for set_epsilon = 1.85746 s
-----------
MPB solved for omega_1(2.2349,0,0) = 0.682374 after 32 iters
MPB solved for omega_1(2.10209,0,0) = 0.645189 after 9 iters
MPB solved for omega_1(2.10199,0,0) = 0.645161 after 4 iters
MPB solved for omega_1(2.10199,0,0) = 0.645161 after 1 iters
Stop condition: decay to 0.1% of peak value in the last 15.5 time units.
on time step 407 (time=2.035), 0.00984057 s/step
on time step 876 (time=4.38), 0.00854525 s/step
on time step 1298 (time=6.49), 0.0094971 s/step
on time step 1690 (time=8.45), 0.0102276 s/step
on time step 2135 (time=10.675), 0.00899137 s/step
on time step 2678 (time=13.39), 0.007371 s/step
field decay(t = 15.505): 5.5941419913163014e-15 / 5.5941419913163014e-15 = 1.0
on time step 3221 (time=16.105), 0.00737463 s/step
on time step 3770 (time=18.85), 0.00729169 s/step
on time step 4320 (time=21.6), 0.00727512 s/step
on time step 4870 (time=24.35), 0.00727759 s/step
on time step 5420 (time=27.1), 0.00727696 s/step
on time step 5972 (time=29.86), 0.00725684 s/step
field decay(t = 31.01): 5.342023663761808e-09 / 5.342023663761808e-09 = 1.0
on time step 6522 (time=32.61), 0.00727826 s/step
on time step 7071 (time=35.355), 0.00729162 s/step
on time step 7622 (time=38.11), 0.00726965 s/step
on time step 8172 (time=40.86), 0.00728491 s/step
on time step 8764 (time=43.82), 0.00675962 s/step
field decay(t = 46.515): 5.154358255649377e-06 / 5.154358255649377e-06 = 1.0
on time step 9528 (time=47.64), 0.00523711 s/step
on time step 10282 (time=51.41), 0.0053117 s/step
on time step 11038 (time=55.19), 0.00529721 s/step
on time step 11809 (time=59.045), 0.00519344 s/step
field decay(t = 62.02): 0.37425451959476846 / 0.37425451959476846 = 1.0
on time step 12584 (time=62.92), 0.00516191 s/step
on time step 13356 (time=66.78), 0.00518261 s/step
on time step 14129 (time=70.645), 0.00518103 s/step
on time step 14898 (time=74.49), 0.00520669 s/step
field decay(t = 77.525): 3.5983196904835766 / 3.5983196904835766 = 1.0
on time step 15666 (time=78.33), 0.00520967 s/step
on time step 16430 (time=82.15), 0.00523844 s/step
on time step 17219 (time=86.095), 0.00507026 s/step
on time step 18014 (time=90.07), 0.00503575 s/step
field decay(t = 93.03): 2.5497073373684858 / 3.5983196904835766 = 0.7085827710393992
on time step 18774 (time=93.87), 0.00526503 s/step
on time step 19457 (time=97.285), 0.00585692 s/step
on time step 20056 (time=100.28), 0.00668816 s/step
on time step 20646 (time=103.23), 0.00678198 s/step
on time step 21240 (time=106.2), 0.00674024 s/step
field decay(t = 108.535): 0.004680309928237426 / 3.5983196904835766 = 0.0013006931931632904
on time step 21849 (time=109.245), 0.00657425 s/step
on time step 22447 (time=112.235), 0.00669703 s/step
on time step 23012 (time=115.06), 0.00708178 s/step
on time step 23568 (time=117.84), 0.00719824 s/step
on time step 24116 (time=120.58), 0.00730356 s/step
on time step 24667 (time=123.335), 0.00726341 s/step
field decay(t = 124.04): 3.6071303332844895e-09 / 3.5983196904835766 = 1.002448543642249e-09
Normalizing field data...
run 0 finished at t = 124.04 (24808 timesteps)
Generating MP4...
MPB solved for omega_1(2.01141,0,0) = 0.618698 after 27 iters
MPB solved for omega_1(1.87532,0,0) = 0.580676 after 10 iters
MPB solved for omega_1(1.87521,0,0) = 0.580645 after 4 iters
MPB solved for omega_1(1.87521,0,0) = 0.580645 after 1 iters
Dominant planewave for band 1: (1.875210,-0.000000,0.000000)
MPB solved for omega_1(2.03004,0,0) = 0.623906 after 31 iters
MPB solved for omega_1(1.89458,0,0) = 0.586052 after 10 iters
MPB solved for omega_1(1.89447,0,0) = 0.586022 after 4 iters
MPB solved for omega_1(1.89447,0,0) = 0.586022 after 1 iters
Dominant planewave for band 1: (1.894467,-0.000000,0.000000)
MPB solved for omega_1(2.04866,0,0) = 0.629115 after 31 iters
MPB solved for omega_1(1.91383,0,0) = 0.591428 after 10 iters
MPB solved for omega_1(1.91372,0,0) = 0.591398 after 4 iters
MPB solved for omega_1(1.91372,0,0) = 0.591398 after 1 iters
Dominant planewave for band 1: (1.913720,-0.000000,0.000000)
MPB solved for omega_1(2.06729,0,0) = 0.634325 after 28 iters
MPB solved for omega_1(1.93307,0,0) = 0.596804 after 10 iters
MPB solved for omega_1(1.93297,0,0) = 0.596774 after 4 iters
MPB solved for omega_1(1.93297,0,0) = 0.596774 after 1 iters
Dominant planewave for band 1: (1.932968,-0.000000,0.000000)
MPB solved for omega_1(2.08591,0,0) = 0.639536 after 28 iters
MPB solved for omega_1(1.95232,0,0) = 0.60218 after 10 iters
MPB solved for omega_1(1.95221,0,0) = 0.602151 after 4 iters
MPB solved for omega_1(1.95221,0,0) = 0.602151 after 1 iters
Dominant planewave for band 1: (1.952212,-0.000000,0.000000)
MPB solved for omega_1(2.10453,0,0) = 0.644749 after 32 iters
MPB solved for omega_1(1.97156,0,0) = 0.607556 after 10 iters
MPB solved for omega_1(1.97145,0,0) = 0.607527 after 4 iters
MPB solved for omega_1(1.97145,0,0) = 0.607527 after 1 iters
Dominant planewave for band 1: (1.971452,-0.000000,0.000000)
MPB solved for omega_1(2.12316,0,0) = 0.649962 after 27 iters
MPB solved for omega_1(1.99079,0,0) = 0.612932 after 10 iters
MPB solved for omega_1(1.99069,0,0) = 0.612903 after 4 iters
MPB solved for omega_1(1.99069,0,0) = 0.612903 after 1 iters
Dominant planewave for band 1: (1.990687,-0.000000,0.000000)
MPB solved for omega_1(2.14178,0,0) = 0.655177 after 26 iters
MPB solved for omega_1(2.01002,0,0) = 0.618308 after 10 iters
MPB solved for omega_1(2.00992,0,0) = 0.61828 after 4 iters
MPB solved for omega_1(2.00992,0,0) = 0.61828 after 1 iters
Dominant planewave for band 1: (2.009918,-0.000000,0.000000)
MPB solved for omega_1(2.16041,0,0) = 0.660393 after 25 iters
MPB solved for omega_1(2.02924,0,0) = 0.623684 after 10 iters
MPB solved for omega_1(2.02915,0,0) = 0.623656 after 3 iters
MPB solved for omega_1(2.02915,0,0) = 0.623656 after 1 iters
Dominant planewave for band 1: (2.029145,-0.000000,0.000000)
MPB solved for omega_1(2.17903,0,0) = 0.66561 after 32 iters
MPB solved for omega_1(2.04847,0,0) = 0.62906 after 10 iters
MPB solved for omega_1(2.04837,0,0) = 0.629032 after 3 iters
MPB solved for omega_1(2.04837,0,0) = 0.629032 after 1 iters
Dominant planewave for band 1: (2.048367,-0.000000,0.000000)
MPB solved for omega_1(2.19766,0,0) = 0.670828 after 29 iters
MPB solved for omega_1(2.06768,0,0) = 0.634436 after 10 iters
MPB solved for omega_1(2.06759,0,0) = 0.634409 after 3 iters
MPB solved for omega_1(2.06759,0,0) = 0.634409 after 1 iters
Dominant planewave for band 1: (2.067585,-0.000000,0.000000)
MPB solved for omega_1(2.21628,0,0) = 0.676047 after 37 iters
MPB solved for omega_1(2.08689,0,0) = 0.639812 after 10 iters
MPB solved for omega_1(2.0868,0,0) = 0.639785 after 3 iters
MPB solved for omega_1(2.0868,0,0) = 0.639785 after 1 iters
Dominant planewave for band 1: (2.086799,-0.000000,0.000000)
MPB solved for omega_1(2.2349,0,0) = 0.681268 after 36 iters
MPB solved for omega_1(2.1061,0,0) = 0.645188 after 10 iters
MPB solved for omega_1(2.10601,0,0) = 0.645161 after 3 iters
MPB solved for omega_1(2.10601,0,0) = 0.645161 after 1 iters
Dominant planewave for band 1: (2.106008,-0.000000,0.000000)
MPB solved for omega_1(2.25353,0,0) = 0.686489 after 28 iters
MPB solved for omega_1(2.12531,0,0) = 0.650564 after 10 iters
MPB solved for omega_1(2.12521,0,0) = 0.650538 after 3 iters
MPB solved for omega_1(2.12521,0,0) = 0.650538 after 1 iters
Dominant planewave for band 1: (2.125213,-0.000000,0.000000)
MPB solved for omega_1(2.27215,0,0) = 0.691711 after 37 iters
MPB solved for omega_1(2.14451,0,0) = 0.65594 after 10 iters
MPB solved for omega_1(2.14441,0,0) = 0.655914 after 3 iters
MPB solved for omega_1(2.14441,0,0) = 0.655914 after 1 iters
Dominant planewave for band 1: (2.144414,-0.000000,0.000000)
MPB solved for omega_1(2.29078,0,0) = 0.696935 after 27 iters
MPB solved for omega_1(2.1637,0,0) = 0.661316 after 10 iters
MPB solved for omega_1(2.16361,0,0) = 0.66129 after 3 iters
MPB solved for omega_1(2.16361,0,0) = 0.66129 after 1 iters
Dominant planewave for band 1: (2.163611,-0.000000,0.000000)
MPB solved for omega_1(2.3094,0,0) = 0.70216 after 28 iters
MPB solved for omega_1(2.18289,0,0) = 0.666692 after 10 iters
MPB solved for omega_1(2.1828,0,0) = 0.666667 after 3 iters
MPB solved for omega_1(2.1828,0,0) = 0.666667 after 1 iters
Dominant planewave for band 1: (2.182803,-0.000000,0.000000)
MPB solved for omega_1(2.32803,0,0) = 0.707385 after 33 iters
MPB solved for omega_1(2.20208,0,0) = 0.672068 after 10 iters
MPB solved for omega_1(2.20199,0,0) = 0.672043 after 3 iters
MPB solved for omega_1(2.20199,0,0) = 0.672043 after 1 iters
Dominant planewave for band 1: (2.201991,-0.000000,0.000000)
MPB solved for omega_1(2.34665,0,0) = 0.712612 after 33 iters
MPB solved for omega_1(2.22126,0,0) = 0.677444 after 10 iters
MPB solved for omega_1(2.22118,0,0) = 0.677419 after 3 iters
MPB solved for omega_1(2.22118,0,0) = 0.677419 after 1 iters
Dominant planewave for band 1: (2.221175,-0.000000,0.000000)
MPB solved for omega_1(2.36527,0,0) = 0.71784 after 39 iters
MPB solved for omega_1(2.24044,0,0) = 0.68282 after 10 iters
MPB solved for omega_1(2.24036,0,0) = 0.682796 after 3 iters
MPB solved for omega_1(2.24036,0,0) = 0.682796 after 1 iters
Dominant planewave for band 1: (2.240355,-0.000000,0.000000)
MPB solved for omega_1(2.3839,0,0) = 0.723069 after 35 iters
MPB solved for omega_1(2.25962,0,0) = 0.688196 after 10 iters
MPB solved for omega_1(2.25953,0,0) = 0.688172 after 3 iters
MPB solved for omega_1(2.25953,0,0) = 0.688172 after 1 iters
Dominant planewave for band 1: (2.259531,-0.000000,0.000000)
MPB solved for omega_1(2.40252,0,0) = 0.728299 after 33 iters
MPB solved for omega_1(2.27879,0,0) = 0.693572 after 10 iters
MPB solved for omega_1(2.2787,0,0) = 0.693548 after 3 iters
MPB solved for omega_1(2.2787,0,0) = 0.693548 after 1 iters
Dominant planewave for band 1: (2.278703,-0.000000,0.000000)
MPB solved for omega_1(2.42115,0,0) = 0.73353 after 37 iters
MPB solved for omega_1(2.29795,0,0) = 0.698948 after 10 iters
MPB solved for omega_1(2.29787,0,0) = 0.698925 after 3 iters
MPB solved for omega_1(2.29787,0,0) = 0.698925 after 1 iters
Dominant planewave for band 1: (2.297870,-0.000000,0.000000)
MPB solved for omega_1(2.43977,0,0) = 0.738762 after 36 iters
MPB solved for omega_1(2.31711,0,0) = 0.704324 after 10 iters
MPB solved for omega_1(2.31703,0,0) = 0.704301 after 3 iters
MPB solved for omega_1(2.31703,0,0) = 0.704301 after 1 iters
Dominant planewave for band 1: (2.317033,-0.000000,0.000000)
MPB solved for omega_1(2.45839,0,0) = 0.743995 after 28 iters
MPB solved for omega_1(2.33627,0,0) = 0.7097 after 10 iters
MPB solved for omega_1(2.33619,0,0) = 0.709677 after 3 iters
MPB solved for omega_1(2.33619,0,0) = 0.709677 after 1 iters
Dominant planewave for band 1: (2.336193,-0.000000,0.000000)
MPB solved for omega_1(0,2.01141,0) = 0.618698 after 21 iters
MPB solved for omega_1(0,1.87532,0) = 0.580676 after 7 iters
MPB solved for omega_1(0,1.87521,0) = 0.580645 after 3 iters
MPB solved for omega_1(0,1.87521,0) = 0.580645 after 1 iters
Dominant planewave for band 1: (0.000000,1.875210,0.000000)
MPB solved for omega_1(0,2.03004,0) = 0.623906 after 25 iters
MPB solved for omega_1(0,1.89458,0) = 0.586052 after 7 iters
MPB solved for omega_1(0,1.89447,0) = 0.586022 after 3 iters
MPB solved for omega_1(0,1.89447,0) = 0.586022 after 1 iters
Dominant planewave for band 1: (0.000000,1.894467,0.000000)
MPB solved for omega_1(0,2.04866,0) = 0.629115 after 31 iters
MPB solved for omega_1(0,1.91383,0) = 0.591428 after 7 iters
MPB solved for omega_1(0,1.91372,0) = 0.591398 after 3 iters
MPB solved for omega_1(0,1.91372,0) = 0.591398 after 1 iters
Dominant planewave for band 1: (0.000000,1.913720,0.000000)
MPB solved for omega_1(0,2.06729,0) = 0.634325 after 25 iters
MPB solved for omega_1(0,1.93307,0) = 0.596804 after 7 iters
MPB solved for omega_1(0,1.93297,0) = 0.596774 after 3 iters
MPB solved for omega_1(0,1.93297,0) = 0.596774 after 1 iters
Dominant planewave for band 1: (0.000000,1.932968,0.000000)
MPB solved for omega_1(0,2.08591,0) = 0.639536 after 26 iters
MPB solved for omega_1(0,1.95232,0) = 0.60218 after 7 iters
MPB solved for omega_1(0,1.95221,0) = 0.602151 after 3 iters
MPB solved for omega_1(0,1.95221,0) = 0.602151 after 1 iters
Dominant planewave for band 1: (0.000000,1.952212,0.000000)
MPB solved for omega_1(0,2.10453,0) = 0.644749 after 25 iters
MPB solved for omega_1(0,1.97156,0) = 0.607556 after 7 iters
MPB solved for omega_1(0,1.97145,0) = 0.607527 after 3 iters
MPB solved for omega_1(0,1.97145,0) = 0.607527 after 1 iters
Dominant planewave for band 1: (0.000000,1.971452,0.000000)
MPB solved for omega_1(0,2.12316,0) = 0.649962 after 29 iters
MPB solved for omega_1(0,1.99079,0) = 0.612932 after 7 iters
MPB solved for omega_1(0,1.99069,0) = 0.612903 after 3 iters
MPB solved for omega_1(0,1.99069,0) = 0.612903 after 1 iters
Dominant planewave for band 1: (0.000000,1.990687,0.000000)
MPB solved for omega_1(0,2.14178,0) = 0.655177 after 25 iters
MPB solved for omega_1(0,2.01002,0) = 0.618308 after 7 iters
MPB solved for omega_1(0,2.00992,0) = 0.61828 after 3 iters
MPB solved for omega_1(0,2.00992,0) = 0.61828 after 1 iters
Dominant planewave for band 1: (0.000000,2.009918,0.000000)
MPB solved for omega_1(0,2.16041,0) = 0.660393 after 29 iters
MPB solved for omega_1(0,2.02924,0) = 0.623684 after 7 iters
MPB solved for omega_1(0,2.02915,0) = 0.623656 after 3 iters
MPB solved for omega_1(0,2.02915,0) = 0.623656 after 1 iters
Dominant planewave for band 1: (0.000000,2.029145,0.000000)
MPB solved for omega_1(0,2.17903,0) = 0.66561 after 26 iters
MPB solved for omega_1(0,2.04847,0) = 0.62906 after 7 iters
MPB solved for omega_1(0,2.04837,0) = 0.629032 after 3 iters
MPB solved for omega_1(0,2.04837,0) = 0.629032 after 1 iters
Dominant planewave for band 1: (0.000000,2.048367,0.000000)
MPB solved for omega_1(0,2.19766,0) = 0.670828 after 25 iters
MPB solved for omega_1(0,2.06768,0) = 0.634436 after 7 iters
MPB solved for omega_1(0,2.06759,0) = 0.634409 after 3 iters
MPB solved for omega_1(0,2.06759,0) = 0.634409 after 1 iters
Dominant planewave for band 1: (0.000000,2.067585,0.000000)
MPB solved for omega_1(0,2.21628,0) = 0.676047 after 33 iters
MPB solved for omega_1(0,2.08689,0) = 0.639812 after 7 iters
MPB solved for omega_1(0,2.0868,0) = 0.639785 after 3 iters
MPB solved for omega_1(0,2.0868,0) = 0.639785 after 1 iters
Dominant planewave for band 1: (0.000000,2.086799,0.000000)
MPB solved for omega_1(0,2.2349,0) = 0.681268 after 29 iters
MPB solved for omega_1(0,2.1061,0) = 0.645188 after 7 iters
MPB solved for omega_1(0,2.10601,0) = 0.645161 after 3 iters
MPB solved for omega_1(0,2.10601,0) = 0.645161 after 1 iters
Dominant planewave for band 1: (0.000000,2.106008,0.000000)
MPB solved for omega_1(0,2.25353,0) = 0.686489 after 34 iters
MPB solved for omega_1(0,2.12531,0) = 0.650564 after 7 iters
MPB solved for omega_1(0,2.12521,0) = 0.650538 after 3 iters
MPB solved for omega_1(0,2.12521,0) = 0.650538 after 1 iters
Dominant planewave for band 1: (0.000000,2.125213,0.000000)
MPB solved for omega_1(0,2.27215,0) = 0.691711 after 28 iters
MPB solved for omega_1(0,2.14451,0) = 0.65594 after 7 iters
MPB solved for omega_1(0,2.14441,0) = 0.655914 after 3 iters
MPB solved for omega_1(0,2.14441,0) = 0.655914 after 1 iters
Dominant planewave for band 1: (0.000000,2.144414,0.000000)
MPB solved for omega_1(0,2.29078,0) = 0.696935 after 28 iters
MPB solved for omega_1(0,2.1637,0) = 0.661316 after 7 iters
MPB solved for omega_1(0,2.16361,0) = 0.66129 after 3 iters
MPB solved for omega_1(0,2.16361,0) = 0.66129 after 1 iters
Dominant planewave for band 1: (0.000000,2.163611,0.000000)
MPB solved for omega_1(0,2.3094,0) = 0.70216 after 30 iters
MPB solved for omega_1(0,2.18289,0) = 0.666692 after 7 iters
MPB solved for omega_1(0,2.1828,0) = 0.666667 after 3 iters
MPB solved for omega_1(0,2.1828,0) = 0.666667 after 1 iters
Dominant planewave for band 1: (0.000000,2.182803,0.000000)
MPB solved for omega_1(0,2.32803,0) = 0.707385 after 36 iters
MPB solved for omega_1(0,2.20208,0) = 0.672068 after 7 iters
MPB solved for omega_1(0,2.20199,0) = 0.672043 after 3 iters
MPB solved for omega_1(0,2.20199,0) = 0.672043 after 1 iters
Dominant planewave for band 1: (0.000000,2.201991,0.000000)
MPB solved for omega_1(0,2.34665,0) = 0.712612 after 32 iters
MPB solved for omega_1(0,2.22126,0) = 0.677444 after 7 iters
MPB solved for omega_1(0,2.22118,0) = 0.677419 after 3 iters
MPB solved for omega_1(0,2.22118,0) = 0.677419 after 1 iters
Dominant planewave for band 1: (0.000000,2.221175,0.000000)
MPB solved for omega_1(0,2.36527,0) = 0.71784 after 26 iters
MPB solved for omega_1(0,2.24044,0) = 0.68282 after 7 iters
MPB solved for omega_1(0,2.24036,0) = 0.682796 after 3 iters
MPB solved for omega_1(0,2.24036,0) = 0.682796 after 1 iters
Dominant planewave for band 1: (0.000000,2.240355,0.000000)
MPB solved for omega_1(0,2.3839,0) = 0.723069 after 31 iters
MPB solved for omega_1(0,2.25962,0) = 0.688196 after 7 iters
MPB solved for omega_1(0,2.25953,0) = 0.688172 after 3 iters
MPB solved for omega_1(0,2.25953,0) = 0.688172 after 1 iters
Dominant planewave for band 1: (0.000000,2.259531,0.000000)
MPB solved for omega_1(0,2.40252,0) = 0.728299 after 28 iters
MPB solved for omega_1(0,2.27879,0) = 0.693572 after 6 iters
MPB solved for omega_1(0,2.2787,0) = 0.693548 after 3 iters
MPB solved for omega_1(0,2.2787,0) = 0.693548 after 1 iters
Dominant planewave for band 1: (0.000000,2.278703,0.000000)
MPB solved for omega_1(0,2.42115,0) = 0.73353 after 34 iters
MPB solved for omega_1(0,2.29795,0) = 0.698948 after 6 iters
MPB solved for omega_1(0,2.29787,0) = 0.698925 after 3 iters
MPB solved for omega_1(0,2.29787,0) = 0.698925 after 1 iters
Dominant planewave for band 1: (0.000000,2.297870,0.000000)
MPB solved for omega_1(0,2.43977,0) = 0.738762 after 24 iters
MPB solved for omega_1(0,2.31711,0) = 0.704324 after 6 iters
MPB solved for omega_1(0,2.31703,0) = 0.704301 after 3 iters
MPB solved for omega_1(0,2.31703,0) = 0.704301 after 1 iters
Dominant planewave for band 1: (0.000000,2.317033,0.000000)
MPB solved for omega_1(0,2.45839,0) = 0.743995 after 34 iters
MPB solved for omega_1(0,2.33627,0) = 0.7097 after 6 iters
MPB solved for omega_1(0,2.33619,0) = 0.709677 after 3 iters
MPB solved for omega_1(0,2.33619,0) = 0.709677 after 1 iters
Dominant planewave for band 1: (0.000000,2.336193,0.000000)
----------------------------------
Parameters: radius=6.0
Frequencies: [0.58064516 0.58602151 0.59139785 0.59677419 0.60215054 0.60752688
 0.61290323 0.61827957 0.62365591 0.62903226 0.6344086  0.63978495
 0.64516129 0.65053763 0.65591398 0.66129032 0.66666667 0.67204301
 0.67741935 0.6827957  0.68817204 0.69354839 0.69892473 0.70430108
 0.70967742]
Transmitted fraction: [0.96214431 0.96328154 0.96509309 0.96711005 0.96899686 0.97090597
 0.97281588 0.97465262 0.97636264 0.97786061 0.97922687 0.98037313
 0.9811879  0.98173928 0.98197302 0.98185052 0.98135328 0.98041322
 0.97915733 0.97762559 0.97573331 0.97342239 0.97061224 0.9676697
 0.96464881]
Reflected fraction: [5.62818504e-06 1.63358718e-06 1.55863605e-06 1.03840328e-06
 3.64655720e-06 3.33309417e-06 8.17580837e-07 7.71632329e-07
 1.55815994e-06 1.22247026e-06 5.51792839e-07 1.04934056e-06
 1.76378937e-06 1.28236161e-06 1.05321188e-06 4.39672914e-06
 1.19302042e-05 1.38542488e-05 5.34816731e-06 9.99637822e-08
 1.21250364e-07 1.93925508e-06 1.07250378e-05 1.11240903e-05
 4.47372202e-06]

Elapsed run time = 218.7302 s
