Initializing eigensolver data
Computing 4 bands with 1e-07 tolerance
Working in 3 dimensions.
Grid size is 1 x 128 x 128.
Solving for 4 bands at a time.
Creating Maxwell data...
Mesh size is 3.
Lattice vectors:
     (1, 0, 0)
     (0, 2, 0)
     (0, 0, 2)
Cell volume = 4
Reciprocal lattice vectors (/ 2 pi):
     (1, -0, 0)
     (-0, 0.5, -0)
     (0, -0, 0.5)
Geometric objects:
     block, center = (0,0,0.555)
          size (1e+20,1e+20,0.89)
          axes (1,0,0), (0,1,0), (0,0,1)
     block, center = (0,0,0)
          size (1e+20,0.5,0.22)
          axes (1,0,0), (0,1,0), (0,0,1)
Geometric object tree has depth 2 and 8 object nodes (vs. 2 actual objects)
Initializing epsilon function...
Allocating fields...
Solving for band polarization: .
Initializing fields to random numbers...
11 k-points
  Vector3<0.1, 0.0, 0.0>
  Vector3<0.39, 0.0, 0.0>
  Vector3<0.6799999999999999, 0.0, 0.0>
  Vector3<0.9699999999999999, 0.0, 0.0>
  Vector3<1.26, 0.0, 0.0>
  Vector3<1.55, 0.0, 0.0>
  Vector3<1.8399999999999999, 0.0, 0.0>
  Vector3<2.13, 0.0, 0.0>
  Vector3<2.42, 0.0, 0.0>
  Vector3<2.71, 0.0, 0.0>
  Vector3<3.0, 0.0, 0.0>
elapsed time for initialization: 0.0193328857421875
solve_kpoint (0.1,0,0):
Solving for bands 1 to 4...
Finished solving for bands 1 to 4 after 22 iterations.
freqs:, 1, 0.1, 0, 0, 0.1, 0.0794, 0.0849785, 0.297712, 0.374749
elapsed time for k point: 0.42211484909057617
yparity:, 1, -1.0000001791235114, 1.0000000405523954, 0.9999987464161906, -1.0000531270734248
zparity:, 1, 0.9921866962177753, -0.9991285486186227, 0.93272311241251, 0.80264715038591
solve_kpoint (0.39,0,0):
Solving for bands 1 to 4...
Finished solving for bands 1 to 4 after 13 iterations.
freqs:, 2, 0.39, 0, 0, 0.39, 0.29771, 0.314646, 0.421485, 0.421548
elapsed time for k point: 0.2512633800506592
yparity:, 2, -1.0000000998103666, 0.999999981741817, 1.0009318397744185, -0.9990679122239817
zparity:, 2, 0.872944533363147, -0.8205661946665114, 0.6357769037307945, 0.8538872605122505
solve_kpoint (0.68,0,0):
Solving for bands 1 to 4...
Finished solving for bands 1 to 4 after 18 iterations.
freqs:, 3, 0.68, 0, 0, 0.68, 0.448094, 0.500942, 0.534475, 0.587876
elapsed time for k point: 0.34401774406433105
yparity:, 3, -0.9999988054360528, 0.999999768151866, -1.0000000503482016, 0.9999998705306095
zparity:, 3, 0.941138767263048, -0.4523119618428591, 0.5385137587398193, -0.19920023287860167
solve_kpoint (0.97,0,0):
Solving for bands 1 to 4...
Finished solving for bands 1 to 4 after 36 iterations.
freqs:, 4, 0.97, 0, 0, 0.97, 0.519117, 0.631717, 0.715529, 0.718583
elapsed time for k point: 0.6730163097381592
yparity:, 4, -0.9999989452235033, 0.9999985900674867, 0.9999917175587253, -1.0000052249841296
zparity:, 4, 0.9892327538262424, -0.70971576365051, 0.6755582308364867, 0.21264538404147432
solve_kpoint (1.26,0,0):
Solving for bands 1 to 4...
Finished solving for bands 1 to 4 after 19 iterations.
freqs:, 5, 1.26, 0, 0, 1.26, 0.584976, 0.709793, 0.780397, 0.815482
elapsed time for k point: 0.36107563972473145
yparity:, 5, -1.0000013574975308, 0.9999983515628791, 0.9999988509475654, -1.0000028668164522
zparity:, 5, 0.9953833495044341, -0.9046516860201336, 0.9433828378894975, -0.9590418853286694
solve_kpoint (1.55,0,0):
Solving for bands 1 to 4...
Finished solving for bands 1 to 4 after 11 iterations.
freqs:, 6, 1.55, 0, 0, 1.55, 0.653202, 0.773484, 0.835386, 0.875649
elapsed time for k point: 0.2147841453552246
yparity:, 6, -0.9999998846463091, 0.9999989443055712, 1.0000001959686764, -1.000003149965278
zparity:, 6, 0.9973368137613138, -0.95837622502877, 0.9807784858798918, -0.9781434645062655
solve_kpoint (1.84,0,0):
Solving for bands 1 to 4...
Finished solving for bands 1 to 4 after 11 iterations.
freqs:, 7, 1.84, 0, 0, 1.84, 0.723864, 0.835212, 0.891509, 0.934157
elapsed time for k point: 0.21499848365783691
yparity:, 7, -0.9999994317236094, 0.9999990343269943, 1.0000022688008725, -1.0000030742442059
zparity:, 7, 0.9982170785117218, -0.9775989920543844, 0.9914840499307332, -0.9858766346876008
solve_kpoint (2.13,0,0):
Solving for bands 1 to 4...
Finished solving for bands 1 to 4 after 11 iterations.
freqs:, 8, 2.13, 0, 0, 2.13, 0.796474, 0.898039, 0.950501, 0.993421
elapsed time for k point: 0.21666789054870605
yparity:, 8, -0.9999987066313408, 0.999999154820829, 1.0000046703419676, -1.000002926164504
zparity:, 8, 0.9986979675304374, -0.9861747036569775, 0.9955682360614122, -0.9900767141941673
solve_kpoint (2.42,0,0):
Solving for bands 1 to 4...
Finished solving for bands 1 to 4 after 10 iterations.
freqs:, 9, 2.42, 0, 0, 2.42, 0.870601, 0.962746, 1.01243, 1.05433
elapsed time for k point: 0.19647216796875
yparity:, 9, -0.9999977684307877, 0.999999267862687, 1.0000075308503378, -1.0000026243719737
zparity:, 9, 0.9989917930510056, -0.9906132458435073, 0.9974008570389243, -0.9926384826143155
solve_kpoint (2.71,0,0):
Solving for bands 1 to 4...
Finished solving for bands 1 to 4 after 10 iterations.
freqs:, 10, 2.71, 0, 0, 2.71, 0.945922, 1.02943, 1.077, 1.11717
elapsed time for k point: 0.19758105278015137
yparity:, 10, -0.9999965008917414, 0.9999994017278232, 1.000010949418881, -1.0000024323129564
zparity:, 10, 0.999189499927009, -0.993176819043432, 0.9983238586838031, -0.9943105716623436
solve_kpoint (3,0,0):
Solving for bands 1 to 4...
Finished solving for bands 1 to 4 after 10 iterations.
freqs:, 11, 3, 0, 0, 3, 1.0222, 1.09796, 1.14384, 1.18194
elapsed time for k point: 0.19666004180908203
yparity:, 11, -0.9999950251401681, 0.9999995361443611, 1.0000148986574637, -1.0000022018800998
zparity:, 11, 0.999329485327378, -0.994779439157837, 0.9988313977987895, -0.9954581873564682
Band 1 range: 0.07940004989537483 at Vector3<0.1, 0.0, 0.0> to 1.022204215075291 at Vector3<3.0, 0.0, 0.0>
Band 2 range: 0.0849785350222465 at Vector3<0.1, 0.0, 0.0> to 1.0979641987647581 at Vector3<3.0, 0.0, 0.0>
Band 3 range: 0.29771245752982484 at Vector3<0.1, 0.0, 0.0> to 1.1438437703506628 at Vector3<3.0, 0.0, 0.0>
Band 4 range: 0.3747487994096397 at Vector3<0.1, 0.0, 0.0> to 1.1819362053200815 at Vector3<3.0, 0.0, 0.0>
total elapsed time for run: 3.3127641677856445
done
Initializing fields to random numbers...
Initializing eigensolver data
Computing 4 bands with 1e-07 tolerance
Working in 3 dimensions.
Grid size is 1 x 128 x 128.
Solving for 4 bands at a time.
Creating Maxwell data...
Mesh size is 3.
Lattice vectors:
     (1, 0, 0)
     (0, 2, 0)
     (0, 0, 2)
Cell volume = 4
Reciprocal lattice vectors (/ 2 pi):
     (1, -0, 0)
     (-0, 0.5, -0)
     (0, -0, 0.5)
Geometric objects:
     block, center = (0,0,0.555)
          size (1e+20,1e+20,0.89)
          axes (1,0,0), (0,1,0), (0,0,1)
     block, center = (0,0,0)
          size (1e+20,0.5,0.22)
          axes (1,0,0), (0,1,0), (0,0,1)
Geometric object tree has depth 2 and 8 object nodes (vs. 2 actual objects)
Initializing epsilon function...
Solving for band polarization: .
1 k-points
  Vector3<6.9, 0.0, 0.0>
elapsed time for initialization: 0.01675891876220703
solve_kpoint (6.9,0,0):
Solving for bands 1 to 4...
Finished solving for bands 1 to 4 after 31 iterations.
freqs:, 1, 6.9, 0, 0, 6.9, 2.0937, 2.12033, 2.154, 2.17076
elapsed time for k point: 0.5930967330932617
total elapsed time for run: 0.6099536418914795
done
find-k 4 at 6.9: 0.1707555913814418
Initializing eigensolver data
Computing 4 bands with 1e-07 tolerance
Working in 3 dimensions.
Grid size is 1 x 128 x 128.
Solving for 4 bands at a time.
Creating Maxwell data...
Mesh size is 3.
Lattice vectors:
     (1, 0, 0)
     (0, 2, 0)
     (0, 0, 2)
Cell volume = 4
Reciprocal lattice vectors (/ 2 pi):
     (1, -0, 0)
     (-0, 0.5, -0)
     (0, -0, 0.5)
Geometric objects:
     block, center = (0,0,0.555)
          size (1e+20,1e+20,0.89)
          axes (1,0,0), (0,1,0), (0,0,1)
     block, center = (0,0,0)
          size (1e+20,0.5,0.22)
          axes (1,0,0), (0,1,0), (0,0,1)
Geometric object tree has depth 2 and 8 object nodes (vs. 2 actual objects)
Initializing epsilon function...
Solving for band polarization: .
1 k-points
  Vector3<6.26681828791901, 0.0, 0.0>
elapsed time for initialization: 0.015921592712402344
solve_kpoint (6.26682,0,0):
Solving for bands 1 to 4...
Finished solving for bands 1 to 4 after 9 iterations.
freqs:, 1, 6.26682, 0, 0, 6.26682, 1.91636, 1.94694, 1.98211, 2.00102
elapsed time for k point: 0.1783154010772705
total elapsed time for run: 0.19430088996887207
done
find-k 4 at 6.26681828791901: 0.0010213750412910727
find-k 3 at 6.26681828791901: -0.017893526281778538 (cached)
Initializing eigensolver data
Computing 3 bands with 1e-07 tolerance
Working in 3 dimensions.
Grid size is 1 x 128 x 128.
Solving for 3 bands at a time.
Creating Maxwell data...
Mesh size is 3.
Lattice vectors:
     (1, 0, 0)
     (0, 2, 0)
     (0, 0, 2)
Cell volume = 4
Reciprocal lattice vectors (/ 2 pi):
     (1, -0, 0)
     (-0, 0.5, -0)
     (0, -0, 0.5)
Geometric objects:
     block, center = (0,0,0.555)
          size (1e+20,1e+20,0.89)
          axes (1,0,0), (0,1,0), (0,0,1)
     block, center = (0,0,0)
          size (1e+20,0.5,0.22)
          axes (1,0,0), (0,1,0), (0,0,1)
Geometric object tree has depth 2 and 8 object nodes (vs. 2 actual objects)
Initializing epsilon function...
Allocating fields...
Solving for band polarization: .
Initializing fields to random numbers...
1 k-points
  Vector3<6.333078289057517, 0.0, 0.0>
elapsed time for initialization: 0.02140522003173828
solve_kpoint (6.33308,0,0):
Solving for bands 1 to 3...
Finished solving for bands 1 to 3 after 39 iterations.
freqs:, 1, 6.33308, 0, 0, 6.33308, 1.93488, 1.96501, 2.00001
elapsed time for k point: 0.5204896926879883
total elapsed time for run: 0.5419564247131348
done
find-k 3 at 6.333078289057517: 1.0545550768181755e-05
find-k 2 at 6.333078289057517: -0.034993027586225356 (cached)
Initializing eigensolver data
Computing 2 bands with 1e-07 tolerance
Working in 3 dimensions.
Grid size is 1 x 128 x 128.
Solving for 2 bands at a time.
Creating Maxwell data...
Mesh size is 3.
Lattice vectors:
     (1, 0, 0)
     (0, 2, 0)
     (0, 0, 2)
Cell volume = 4
Reciprocal lattice vectors (/ 2 pi):
     (1, -0, 0)
     (-0, 0.5, -0)
     (0, -0, 0.5)
Geometric objects:
     block, center = (0,0,0.555)
          size (1e+20,1e+20,0.89)
          axes (1,0,0), (0,1,0), (0,0,1)
     block, center = (0,0,0)
          size (1e+20,0.5,0.22)
          axes (1,0,0), (0,1,0), (0,0,1)
Geometric object tree has depth 2 and 8 object nodes (vs. 2 actual objects)
Initializing epsilon function...
Allocating fields...
Solving for band polarization: .
Initializing fields to random numbers...
1 k-points
  Vector3<6.461350696165762, 0.0, 0.0>
elapsed time for initialization: 0.019382953643798828
solve_kpoint (6.46135,0,0):
Solving for bands 1 to 2...
Finished solving for bands 1 to 2 after 40 iterations.
freqs:, 1, 6.46135, 0, 0, 6.46135, 1.97075, 2.00004
elapsed time for k point: 0.3612222671508789
total elapsed time for run: 0.3806579113006592
done
find-k 2 at 6.461350696165762: 3.603450713995926e-05
find-k 1 at 6.9: 0.09369996705861361 (cached)
Initializing eigensolver data
Computing 1 bands with 1e-07 tolerance
Working in 3 dimensions.
Grid size is 1 x 128 x 128.
Solving for 1 bands at a time.
Creating Maxwell data...
Mesh size is 3.
Lattice vectors:
     (1, 0, 0)
     (0, 2, 0)
     (0, 0, 2)
Cell volume = 4
Reciprocal lattice vectors (/ 2 pi):
     (1, -0, 0)
     (-0, 0.5, -0)
     (0, -0, 0.5)
Geometric objects:
     block, center = (0,0,0.555)
          size (1e+20,1e+20,0.89)
          axes (1,0,0), (0,1,0), (0,0,1)
     block, center = (0,0,0)
          size (1e+20,0.5,0.22)
          axes (1,0,0), (0,1,0), (0,0,1)
Geometric object tree has depth 2 and 8 object nodes (vs. 2 actual objects)
Initializing epsilon function...
Allocating fields...
Solving for band polarization: .
Initializing fields to random numbers...
1 k-points
  Vector3<6.566191598415269, 0.0, 0.0>
elapsed time for initialization: 0.01758551597595215
solve_kpoint (6.56619,0,0):
Solving for bands 1 to 1...
Finished solving for bands 1 to 1 after 32 iterations.
freqs:, 1, 6.56619, 0, 0, 6.56619, 2.00011
elapsed time for k point: 0.17390012741088867
total elapsed time for run: 0.19161725044250488
done
find-k 1 at 6.566191598415269: 0.00010504452143900167
Initializing eigensolver data
Computing 1 bands with 1e-07 tolerance
Working in 3 dimensions.
Grid size is 1 x 128 x 128.
Solving for 1 bands at a time.
Creating Maxwell data...
Mesh size is 3.
Lattice vectors:
     (1, 0, 0)
     (0, 2, 0)
     (0, 0, 2)
Cell volume = 4
Reciprocal lattice vectors (/ 2 pi):
     (1, -0, 0)
     (-0, 0.5, -0)
     (0, -0, 0.5)
Geometric objects:
     block, center = (0,0,0.555)
          size (1e+20,1e+20,0.89)
          axes (1,0,0), (0,1,0), (0,0,1)
     block, center = (0,0,0)
          size (1e+20,0.5,0.22)
          axes (1,0,0), (0,1,0), (0,0,1)
Geometric object tree has depth 2 and 8 object nodes (vs. 2 actual objects)
Initializing epsilon function...
Solving for band polarization: .
1 k-points
  Vector3<6.565816519082591, 0.0, 0.0>
elapsed time for initialization: 0.015909671783447266
solve_kpoint (6.56582,0,0):
Solving for bands 1 to 1...
Finished solving for bands 1 to 1 after 1 iterations.
freqs:, 1, 6.56582, 0, 0, 6.56582, 2
